2013-03-08 16:39:05.584 ERROR access                                   (Unknown-HostUnknown-URI) Unknown-Thread/CocoonServlet: Exception reloading
java.lang.NullPointerException
	at org.apache.jcs.auxiliary.disk.indexed.IndexedDiskCache.<init>(IndexedDiskCache.java:203)
	at org.apache.jcs.auxiliary.disk.indexed.IndexedDiskCacheManager.getCache(IndexedDiskCacheManager.java:122)
	at org.apache.jcs.auxiliary.disk.indexed.IndexedDiskCacheFactory.createCache(IndexedDiskCacheFactory.java:54)
	at org.apache.jcs.engine.control.CompositeCacheConfigurator.parseAuxiliary(CompositeCacheConfigurator.java:551)
	at org.apache.jcs.engine.control.CompositeCacheConfigurator.parseRegion(CompositeCacheConfigurator.java:343)
	at org.apache.jcs.engine.control.CompositeCacheConfigurator.parseRegion(CompositeCacheConfigurator.java:264)
	at org.apache.jcs.engine.control.CompositeCacheConfigurator.parseRegions(CompositeCacheConfigurator.java:241)
	at org.apache.jcs.engine.control.CompositeCacheConfigurator.doConfigure(CompositeCacheConfigurator.java:136)
	at org.apache.jcs.engine.control.CompositeCacheManager.configure(CompositeCacheManager.java:311)
	at org.apache.jcs.engine.control.CompositeCacheManager.configure(CompositeCacheManager.java:255)
	at nl.hippo.cocoon.components.store.impl.JCSDefaultStore.initialize(JCSDefaultStore.java:218)
	at org.apache.avalon.framework.container.ContainerUtil.initialize(ContainerUtil.java:244)
	at org.apache.avalon.excalibur.component.DefaultComponentFactory.newInstance(DefaultComponentFactory.java:297)
	at org.apache.avalon.excalibur.component.ThreadSafeComponentHandler.initialize(ThreadSafeComponentHandler.java:108)
	at org.apache.avalon.excalibur.component.ExcaliburComponentManager.initialize(ExcaliburComponentManager.java:524)
	at org.apache.cocoon.components.CocoonComponentManager.initialize(CocoonComponentManager.java:583)
	at org.apache.avalon.framework.container.ContainerUtil.initialize(ContainerUtil.java:244)
	at org.apache.cocoon.Cocoon.initialize(Cocoon.java:345)
	at org.apache.avalon.framework.container.ContainerUtil.initialize(ContainerUtil.java:244)
	at org.apache.cocoon.servlet.CocoonServlet.createCocoon(CocoonServlet.java:1429)
	at org.apache.cocoon.servlet.CocoonServlet.init(CocoonServlet.java:499)
	at org.mortbay.jetty.servlet.ServletHolder.initServlet(ServletHolder.java:383)
	at org.mortbay.jetty.servlet.ServletHolder.start(ServletHolder.java:243)
	at org.mortbay.jetty.servlet.ServletHandler.initializeServlets(ServletHandler.java:446)
	at org.mortbay.jetty.servlet.WebApplicationHandler.initializeServlets(WebApplicationHandler.java:321)
	at org.mortbay.jetty.servlet.WebApplicationContext.doStart(WebApplicationContext.java:509)
	at org.mortbay.util.Container.start(Container.java:72)
	at nl.hippo.http.impl.ExcaliburServer.deploy(ExcaliburServer.java:94)
	at nl.hippo.http.impl.ExcaliburDeployer.start(ExcaliburDeployer.java:107)
	at org.apache.avalon.framework.container.ContainerUtil.start(ContainerUtil.java:260)
	at org.apache.avalon.fortress.impl.handler.ComponentFactory.newInstance(ComponentFactory.java:186)
	at org.apache.avalon.fortress.impl.factory.NoopObjectFactory.newInstance(NoopObjectFactory.java:38)
	at org.apache.avalon.fortress.impl.handler.AbstractComponentHandler.newComponent(AbstractComponentHandler.java:246)
	at org.apache.avalon.fortress.impl.handler.ThreadSafeComponentHandler.doPrepare(ThreadSafeComponentHandler.java:40)
	at org.apache.avalon.fortress.impl.handler.AbstractComponentHandler.prepareHandler(AbstractComponentHandler.java:147)
	at org.apache.avalon.fortress.impl.handler.LEAwareComponentHandler.prepareHandler(LEAwareComponentHandler.java:85)
	at org.apache.avalon.fortress.impl.AbstractContainer.initialize(AbstractContainer.java:629)
	at org.apache.avalon.framework.container.ContainerUtil.initialize(ContainerUtil.java:244)
	at org.apache.avalon.fortress.impl.DefaultContainerManager.createContainer(DefaultContainerManager.java:173)
	at org.apache.avalon.fortress.impl.DefaultContainerManager.initializeContainer(DefaultContainerManager.java:119)
	at org.apache.avalon.fortress.impl.DefaultContainerManager.initialize(DefaultContainerManager.java:112)
	at nl.hippo.fortress.Main.start(Main.java:52)
	at nl.hippo.fortress.Main.main(Main.java:91)
	at sun.reflect.NativeMethodAccessorImpl.invoke0(Native Method)
	at sun.reflect.NativeMethodAccessorImpl.invoke(NativeMethodAccessorImpl.java:39)
	at sun.reflect.DelegatingMethodAccessorImpl.invoke(DelegatingMethodAccessorImpl.java:25)
	at java.lang.reflect.Method.invoke(Method.java:597)
	at nl.hippo.fortress.start.Main.invokeMain(Main.java:123)
	at nl.hippo.fortress.start.Main.main(Main.java:50)
	at sun.reflect.NativeMethodAccessorImpl.invoke0(Native Method)
	at sun.reflect.NativeMethodAccessorImpl.invoke(NativeMethodAccessorImpl.java:39)
	at sun.reflect.DelegatingMethodAccessorImpl.invoke(DelegatingMethodAccessorImpl.java:25)
	at java.lang.reflect.Method.invoke(Method.java:597)
	at org.tanukisoftware.wrapper.WrapperSimpleApp.run(WrapperSimpleApp.java:136)
	at java.lang.Thread.run(Thread.java:662)
