2013-01-07 23:39:55.907 WARN  core.cocoon                              (Unknown-HostUnknown-URI) Unknown-Thread/SettingsHelper: Property cms.eventaware-store.maxobjects not found.
2013-01-07 23:39:56.781 WARN  core.eventaware-manager                  (Unknown-HostUnknown-URI) Unknown-Thread/EventAwareManagerImpl: Could not look up role: org.apache.cocoon.caching.Cache/EventAwareRepositoryBinary, skipping
org.apache.avalon.framework.service.ServiceException: Could not access the Component (key [org.apache.cocoon.caching.Cache/EventAwareRepositoryBinary]) (Key='org.apache.cocoon.caching.Cache/EventAwareRepositoryBinary')
	at org.apache.avalon.framework.service.WrapperServiceManager.lookup(WrapperServiceManager.java:80)
	at org.apache.cocoon.caching.impl.EventAwareManagerImpl.initialize(EventAwareManagerImpl.java:102)
	at org.apache.avalon.framework.container.ContainerUtil.initialize(ContainerUtil.java:244)
	at org.apache.avalon.excalibur.component.DefaultComponentFactory.newInstance(DefaultComponentFactory.java:297)
	at org.apache.avalon.excalibur.component.ThreadSafeComponentHandler.initialize(ThreadSafeComponentHandler.java:108)
	at org.apache.avalon.excalibur.component.ExcaliburComponentManager.lookup(ExcaliburComponentManager.java:278)
	at org.apache.cocoon.components.CocoonComponentManager.lookup(CocoonComponentManager.java:354)
	at org.apache.avalon.framework.service.WrapperServiceManager.lookup(WrapperServiceManager.java:68)
	at org.apache.cocoon.components.store.impl.EventAwareTransientStore.initialize(EventAwareTransientStore.java:69)
	at org.apache.avalon.framework.container.ContainerUtil.initialize(ContainerUtil.java:244)
	at org.apache.avalon.excalibur.component.DefaultComponentFactory.newInstance(DefaultComponentFactory.java:297)
	at org.apache.avalon.excalibur.component.ThreadSafeComponentHandler.initialize(ThreadSafeComponentHandler.java:108)
	at org.apache.avalon.excalibur.component.ExcaliburComponentManager.lookup(ExcaliburComponentManager.java:278)
	at org.apache.cocoon.components.CocoonComponentManager.lookup(CocoonComponentManager.java:354)
	at org.apache.avalon.framework.service.WrapperServiceManager.lookup(WrapperServiceManager.java:68)
	at nl.hippo.forrest.locationmap.LocationMapModule.service(LocationMapModule.java:71)
	at org.apache.avalon.framework.container.ContainerUtil.service(ContainerUtil.java:143)
	at org.apache.avalon.excalibur.component.DefaultComponentFactory.newInstance(DefaultComponentFactory.java:271)
	at org.apache.avalon.excalibur.component.ThreadSafeComponentHandler.initialize(ThreadSafeComponentHandler.java:108)
	at org.apache.avalon.excalibur.component.ExcaliburComponentSelector.addComponent(ExcaliburComponentSelector.java:705)
	at org.apache.cocoon.components.ExtendedComponentSelector.configure(ExtendedComponentSelector.java:229)
	at org.apache.avalon.framework.container.ContainerUtil.configure(ContainerUtil.java:201)
	at org.apache.avalon.excalibur.component.DefaultComponentFactory.newInstance(DefaultComponentFactory.java:289)
	at org.apache.avalon.excalibur.component.ThreadSafeComponentHandler.initialize(ThreadSafeComponentHandler.java:108)
	at org.apache.avalon.excalibur.component.ExcaliburComponentManager.initialize(ExcaliburComponentManager.java:524)
	at org.apache.cocoon.components.CocoonComponentManager.initialize(CocoonComponentManager.java:583)
	at org.apache.avalon.framework.container.ContainerUtil.initialize(ContainerUtil.java:244)
	at org.apache.cocoon.Cocoon.initialize(Cocoon.java:345)
	at org.apache.avalon.framework.container.ContainerUtil.initialize(ContainerUtil.java:244)
	at org.apache.cocoon.servlet.CocoonServlet.createCocoon(CocoonServlet.java:1429)
	at org.apache.cocoon.servlet.CocoonServlet.init(CocoonServlet.java:499)
	at org.mortbay.jetty.servlet.ServletHolder.initServlet(ServletHolder.java:383)
	at org.mortbay.jetty.servlet.ServletHolder.start(ServletHolder.java:243)
	at org.mortbay.jetty.servlet.ServletHandler.initializeServlets(ServletHandler.java:446)
	at org.mortbay.jetty.servlet.WebApplicationHandler.initializeServlets(WebApplicationHandler.java:321)
	at org.mortbay.jetty.servlet.WebApplicationContext.doStart(WebApplicationContext.java:509)
	at org.mortbay.util.Container.start(Container.java:72)
	at nl.hippo.http.impl.ExcaliburServer.deploy(ExcaliburServer.java:94)
	at nl.hippo.http.impl.ExcaliburDeployer.start(ExcaliburDeployer.java:107)
	at org.apache.avalon.framework.container.ContainerUtil.start(ContainerUtil.java:260)
	at org.apache.avalon.fortress.impl.handler.ComponentFactory.newInstance(ComponentFactory.java:186)
	at org.apache.avalon.fortress.impl.factory.NoopObjectFactory.newInstance(NoopObjectFactory.java:38)
	at org.apache.avalon.fortress.impl.handler.AbstractComponentHandler.newComponent(AbstractComponentHandler.java:246)
	at org.apache.avalon.fortress.impl.handler.ThreadSafeComponentHandler.doPrepare(ThreadSafeComponentHandler.java:40)
	at org.apache.avalon.fortress.impl.handler.AbstractComponentHandler.prepareHandler(AbstractComponentHandler.java:147)
	at org.apache.avalon.fortress.impl.handler.LEAwareComponentHandler.prepareHandler(LEAwareComponentHandler.java:85)
	at org.apache.avalon.fortress.impl.AbstractContainer.initialize(AbstractContainer.java:629)
	at org.apache.avalon.framework.container.ContainerUtil.initialize(ContainerUtil.java:244)
	at org.apache.avalon.fortress.impl.DefaultContainerManager.createContainer(DefaultContainerManager.java:173)
	at org.apache.avalon.fortress.impl.DefaultContainerManager.initializeContainer(DefaultContainerManager.java:119)
	at org.apache.avalon.fortress.impl.DefaultContainerManager.initialize(DefaultContainerManager.java:112)
	at nl.hippo.fortress.Main.start(Main.java:52)
	at nl.hippo.fortress.Main.main(Main.java:91)
	at sun.reflect.NativeMethodAccessorImpl.invoke0(Native Method)
	at sun.reflect.NativeMethodAccessorImpl.invoke(NativeMethodAccessorImpl.java:57)
	at sun.reflect.DelegatingMethodAccessorImpl.invoke(DelegatingMethodAccessorImpl.java:43)
	at java.lang.reflect.Method.invoke(Method.java:616)
	at nl.hippo.fortress.start.Main.invokeMain(Main.java:123)
	at nl.hippo.fortress.start.Main.main(Main.java:50)
	at sun.reflect.NativeMethodAccessorImpl.invoke0(Native Method)
	at sun.reflect.NativeMethodAccessorImpl.invoke(NativeMethodAccessorImpl.java:57)
	at sun.reflect.DelegatingMethodAccessorImpl.invoke(DelegatingMethodAccessorImpl.java:43)
	at java.lang.reflect.Method.invoke(Method.java:616)
	at org.tanukisoftware.wrapper.WrapperSimpleApp.run(WrapperSimpleApp.java:136)
	at java.lang.Thread.run(Thread.java:679)
Caused by: org.apache.avalon.framework.component.ComponentException: Could not access the Component (key [org.apache.cocoon.caching.Cache/EventAwareRepositoryBinary])
	at org.apache.avalon.excalibur.component.ExcaliburComponentManager.lookup(ExcaliburComponentManager.java:294)
	at org.apache.cocoon.components.CocoonComponentManager.lookup(CocoonComponentManager.java:354)
	at org.apache.avalon.framework.service.WrapperServiceManager.lookup(WrapperServiceManager.java:68)
	... 64 more
Caused by: org.apache.avalon.framework.parameters.ParameterException: Unable to lookup store: org.apache.excalibur.store.Store/RepositoryBinary
	at org.apache.cocoon.caching.impl.CacheImpl.parameterize(CacheImpl.java:145)
	at org.apache.cocoon.caching.impl.MultipleEventAwareCacheImpl.parameterize(MultipleEventAwareCacheImpl.java:99)
	at org.apache.avalon.framework.container.ContainerUtil.parameterize(ContainerUtil.java:228)
	at org.apache.avalon.excalibur.component.DefaultComponentFactory.newInstance(DefaultComponentFactory.java:294)
	at org.apache.avalon.excalibur.component.ThreadSafeComponentHandler.initialize(ThreadSafeComponentHandler.java:108)
	at org.apache.avalon.excalibur.component.ExcaliburComponentManager.lookup(ExcaliburComponentManager.java:278)
	... 66 more
Caused by: org.apache.avalon.framework.service.ServiceException: Could not access the Component (key [org.apache.excalibur.store.Store/RepositoryBinary]) (Key='org.apache.excalibur.store.Store/RepositoryBinary')
	at org.apache.avalon.framework.service.WrapperServiceManager.lookup(WrapperServiceManager.java:80)
	at org.apache.cocoon.caching.impl.CacheImpl.parameterize(CacheImpl.java:143)
	... 71 more
Caused by: org.apache.avalon.framework.component.ComponentException: Could not access the Component (key [org.apache.excalibur.store.Store/RepositoryBinary])
	at org.apache.avalon.excalibur.component.ExcaliburComponentManager.lookup(ExcaliburComponentManager.java:294)
	at org.apache.cocoon.components.CocoonComponentManager.lookup(CocoonComponentManager.java:354)
	at org.apache.avalon.framework.service.WrapperServiceManager.lookup(WrapperServiceManager.java:68)
	... 72 more
Caused by: java.lang.NullPointerException
	at org.apache.jcs.auxiliary.disk.indexed.IndexedDiskCache.<init>(IndexedDiskCache.java:203)
	at org.apache.jcs.auxiliary.disk.indexed.IndexedDiskCacheManager.getCache(IndexedDiskCacheManager.java:122)
	at org.apache.jcs.auxiliary.disk.indexed.IndexedDiskCacheFactory.createCache(IndexedDiskCacheFactory.java:54)
	at org.apache.jcs.engine.control.CompositeCacheConfigurator.parseAuxiliary(CompositeCacheConfigurator.java:551)
	at org.apache.jcs.engine.control.CompositeCacheConfigurator.parseRegion(CompositeCacheConfigurator.java:343)
	at org.apache.jcs.engine.control.CompositeCacheConfigurator.parseRegion(CompositeCacheConfigurator.java:264)
	at org.apache.jcs.engine.control.CompositeCacheConfigurator.parseRegions(CompositeCacheConfigurator.java:241)
	at org.apache.jcs.engine.control.CompositeCacheConfigurator.doConfigure(CompositeCacheConfigurator.java:136)
	at org.apache.jcs.engine.control.CompositeCacheManager.configure(CompositeCacheManager.java:311)
	at org.apache.jcs.engine.control.CompositeCacheManager.configure(CompositeCacheManager.java:255)
	at nl.hippo.cocoon.components.store.impl.JCSDefaultStore.initialize(JCSDefaultStore.java:218)
	at org.apache.avalon.framework.container.ContainerUtil.initialize(ContainerUtil.java:244)
	at org.apache.avalon.excalibur.component.DefaultComponentFactory.newInstance(DefaultComponentFactory.java:297)
	at org.apache.avalon.excalibur.component.ThreadSafeComponentHandler.initialize(ThreadSafeComponentHandler.java:108)
	at org.apache.avalon.excalibur.component.ExcaliburComponentManager.lookup(ExcaliburComponentManager.java:278)
	... 74 more
2013-01-07 23:39:56.812 WARN  core.eventaware-manager                  (Unknown-HostUnknown-URI) Unknown-Thread/EventAwareManagerImpl: Could not look up role: org.apache.cocoon.caching.Cache/EventAwareRepositoryDoc, skipping
org.apache.avalon.framework.service.ServiceException: Could not access the Component (key [org.apache.cocoon.caching.Cache/EventAwareRepositoryDoc]) (Key='org.apache.cocoon.caching.Cache/EventAwareRepositoryDoc')
	at org.apache.avalon.framework.service.WrapperServiceManager.lookup(WrapperServiceManager.java:80)
	at org.apache.cocoon.caching.impl.EventAwareManagerImpl.initialize(EventAwareManagerImpl.java:102)
	at org.apache.avalon.framework.container.ContainerUtil.initialize(ContainerUtil.java:244)
	at org.apache.avalon.excalibur.component.DefaultComponentFactory.newInstance(DefaultComponentFactory.java:297)
	at org.apache.avalon.excalibur.component.ThreadSafeComponentHandler.initialize(ThreadSafeComponentHandler.java:108)
	at org.apache.avalon.excalibur.component.ExcaliburComponentManager.lookup(ExcaliburComponentManager.java:278)
	at org.apache.cocoon.components.CocoonComponentManager.lookup(CocoonComponentManager.java:354)
	at org.apache.avalon.framework.service.WrapperServiceManager.lookup(WrapperServiceManager.java:68)
	at org.apache.cocoon.components.store.impl.EventAwareTransientStore.initialize(EventAwareTransientStore.java:69)
	at org.apache.avalon.framework.container.ContainerUtil.initialize(ContainerUtil.java:244)
	at org.apache.avalon.excalibur.component.DefaultComponentFactory.newInstance(DefaultComponentFactory.java:297)
	at org.apache.avalon.excalibur.component.ThreadSafeComponentHandler.initialize(ThreadSafeComponentHandler.java:108)
	at org.apache.avalon.excalibur.component.ExcaliburComponentManager.lookup(ExcaliburComponentManager.java:278)
	at org.apache.cocoon.components.CocoonComponentManager.lookup(CocoonComponentManager.java:354)
	at org.apache.avalon.framework.service.WrapperServiceManager.lookup(WrapperServiceManager.java:68)
	at nl.hippo.forrest.locationmap.LocationMapModule.service(LocationMapModule.java:71)
	at org.apache.avalon.framework.container.ContainerUtil.service(ContainerUtil.java:143)
	at org.apache.avalon.excalibur.component.DefaultComponentFactory.newInstance(DefaultComponentFactory.java:271)
	at org.apache.avalon.excalibur.component.ThreadSafeComponentHandler.initialize(ThreadSafeComponentHandler.java:108)
	at org.apache.avalon.excalibur.component.ExcaliburComponentSelector.addComponent(ExcaliburComponentSelector.java:705)
	at org.apache.cocoon.components.ExtendedComponentSelector.configure(ExtendedComponentSelector.java:229)
	at org.apache.avalon.framework.container.ContainerUtil.configure(ContainerUtil.java:201)
	at org.apache.avalon.excalibur.component.DefaultComponentFactory.newInstance(DefaultComponentFactory.java:289)
	at org.apache.avalon.excalibur.component.ThreadSafeComponentHandler.initialize(ThreadSafeComponentHandler.java:108)
	at org.apache.avalon.excalibur.component.ExcaliburComponentManager.initialize(ExcaliburComponentManager.java:524)
	at org.apache.cocoon.components.CocoonComponentManager.initialize(CocoonComponentManager.java:583)
	at org.apache.avalon.framework.container.ContainerUtil.initialize(ContainerUtil.java:244)
	at org.apache.cocoon.Cocoon.initialize(Cocoon.java:345)
	at org.apache.avalon.framework.container.ContainerUtil.initialize(ContainerUtil.java:244)
	at org.apache.cocoon.servlet.CocoonServlet.createCocoon(CocoonServlet.java:1429)
	at org.apache.cocoon.servlet.CocoonServlet.init(CocoonServlet.java:499)
	at org.mortbay.jetty.servlet.ServletHolder.initServlet(ServletHolder.java:383)
	at org.mortbay.jetty.servlet.ServletHolder.start(ServletHolder.java:243)
	at org.mortbay.jetty.servlet.ServletHandler.initializeServlets(ServletHandler.java:446)
	at org.mortbay.jetty.servlet.WebApplicationHandler.initializeServlets(WebApplicationHandler.java:321)
	at org.mortbay.jetty.servlet.WebApplicationContext.doStart(WebApplicationContext.java:509)
	at org.mortbay.util.Container.start(Container.java:72)
	at nl.hippo.http.impl.ExcaliburServer.deploy(ExcaliburServer.java:94)
	at nl.hippo.http.impl.ExcaliburDeployer.start(ExcaliburDeployer.java:107)
	at org.apache.avalon.framework.container.ContainerUtil.start(ContainerUtil.java:260)
	at org.apache.avalon.fortress.impl.handler.ComponentFactory.newInstance(ComponentFactory.java:186)
	at org.apache.avalon.fortress.impl.factory.NoopObjectFactory.newInstance(NoopObjectFactory.java:38)
	at org.apache.avalon.fortress.impl.handler.AbstractComponentHandler.newComponent(AbstractComponentHandler.java:246)
	at org.apache.avalon.fortress.impl.handler.ThreadSafeComponentHandler.doPrepare(ThreadSafeComponentHandler.java:40)
	at org.apache.avalon.fortress.impl.handler.AbstractComponentHandler.prepareHandler(AbstractComponentHandler.java:147)
	at org.apache.avalon.fortress.impl.handler.LEAwareComponentHandler.prepareHandler(LEAwareComponentHandler.java:85)
	at org.apache.avalon.fortress.impl.AbstractContainer.initialize(AbstractContainer.java:629)
	at org.apache.avalon.framework.container.ContainerUtil.initialize(ContainerUtil.java:244)
	at org.apache.avalon.fortress.impl.DefaultContainerManager.createContainer(DefaultContainerManager.java:173)
	at org.apache.avalon.fortress.impl.DefaultContainerManager.initializeContainer(DefaultContainerManager.java:119)
	at org.apache.avalon.fortress.impl.DefaultContainerManager.initialize(DefaultContainerManager.java:112)
	at nl.hippo.fortress.Main.start(Main.java:52)
	at nl.hippo.fortress.Main.main(Main.java:91)
	at sun.reflect.NativeMethodAccessorImpl.invoke0(Native Method)
	at sun.reflect.NativeMethodAccessorImpl.invoke(NativeMethodAccessorImpl.java:57)
	at sun.reflect.DelegatingMethodAccessorImpl.invoke(DelegatingMethodAccessorImpl.java:43)
	at java.lang.reflect.Method.invoke(Method.java:616)
	at nl.hippo.fortress.start.Main.invokeMain(Main.java:123)
	at nl.hippo.fortress.start.Main.main(Main.java:50)
	at sun.reflect.NativeMethodAccessorImpl.invoke0(Native Method)
	at sun.reflect.NativeMethodAccessorImpl.invoke(NativeMethodAccessorImpl.java:57)
	at sun.reflect.DelegatingMethodAccessorImpl.invoke(DelegatingMethodAccessorImpl.java:43)
	at java.lang.reflect.Method.invoke(Method.java:616)
	at org.tanukisoftware.wrapper.WrapperSimpleApp.run(WrapperSimpleApp.java:136)
	at java.lang.Thread.run(Thread.java:679)
Caused by: org.apache.avalon.framework.component.ComponentException: Could not access the Component (key [org.apache.cocoon.caching.Cache/EventAwareRepositoryDoc])
	at org.apache.avalon.excalibur.component.ExcaliburComponentManager.lookup(ExcaliburComponentManager.java:294)
	at org.apache.cocoon.components.CocoonComponentManager.lookup(CocoonComponentManager.java:354)
	at org.apache.avalon.framework.service.WrapperServiceManager.lookup(WrapperServiceManager.java:68)
	... 64 more
Caused by: org.apache.avalon.framework.parameters.ParameterException: Unable to lookup store: org.apache.excalibur.store.Store/RepositoryDoc
	at org.apache.cocoon.caching.impl.CacheImpl.parameterize(CacheImpl.java:145)
	at org.apache.cocoon.caching.impl.MultipleEventAwareCacheImpl.parameterize(MultipleEventAwareCacheImpl.java:99)
	at org.apache.avalon.framework.container.ContainerUtil.parameterize(ContainerUtil.java:228)
	at org.apache.avalon.excalibur.component.DefaultComponentFactory.newInstance(DefaultComponentFactory.java:294)
	at org.apache.avalon.excalibur.component.ThreadSafeComponentHandler.initialize(ThreadSafeComponentHandler.java:108)
	at org.apache.avalon.excalibur.component.ExcaliburComponentManager.lookup(ExcaliburComponentManager.java:278)
	... 66 more
Caused by: org.apache.avalon.framework.service.ServiceException: Could not access the Component (key [org.apache.excalibur.store.Store/RepositoryDoc]) (Key='org.apache.excalibur.store.Store/RepositoryDoc')
	at org.apache.avalon.framework.service.WrapperServiceManager.lookup(WrapperServiceManager.java:80)
	at org.apache.cocoon.caching.impl.CacheImpl.parameterize(CacheImpl.java:143)
	... 71 more
Caused by: org.apache.avalon.framework.component.ComponentException: Could not access the Component (key [org.apache.excalibur.store.Store/RepositoryDoc])
	at org.apache.avalon.excalibur.component.ExcaliburComponentManager.lookup(ExcaliburComponentManager.java:294)
	at org.apache.cocoon.components.CocoonComponentManager.lookup(CocoonComponentManager.java:354)
	at org.apache.avalon.framework.service.WrapperServiceManager.lookup(WrapperServiceManager.java:68)
	... 72 more
Caused by: java.lang.NullPointerException
	at org.apache.jcs.auxiliary.disk.indexed.IndexedDiskCache.<init>(IndexedDiskCache.java:203)
	at org.apache.jcs.auxiliary.disk.indexed.IndexedDiskCacheManager.getCache(IndexedDiskCacheManager.java:122)
	at org.apache.jcs.auxiliary.disk.indexed.IndexedDiskCacheFactory.createCache(IndexedDiskCacheFactory.java:54)
	at org.apache.jcs.engine.control.CompositeCacheConfigurator.parseAuxiliary(CompositeCacheConfigurator.java:551)
	at org.apache.jcs.engine.control.CompositeCacheConfigurator.parseRegion(CompositeCacheConfigurator.java:343)
	at org.apache.jcs.engine.control.CompositeCacheConfigurator.parseRegion(CompositeCacheConfigurator.java:264)
	at org.apache.jcs.engine.control.CompositeCacheConfigurator.parseRegions(CompositeCacheConfigurator.java:241)
	at org.apache.jcs.engine.control.CompositeCacheConfigurator.doConfigure(CompositeCacheConfigurator.java:136)
	at org.apache.jcs.engine.control.CompositeCacheManager.configure(CompositeCacheManager.java:311)
	at org.apache.jcs.engine.control.CompositeCacheManager.configure(CompositeCacheManager.java:255)
	at nl.hippo.cocoon.components.store.impl.JCSDefaultStore.initialize(JCSDefaultStore.java:218)
	at org.apache.avalon.framework.container.ContainerUtil.initialize(ContainerUtil.java:244)
	at org.apache.avalon.excalibur.component.DefaultComponentFactory.newInstance(DefaultComponentFactory.java:297)
	at org.apache.avalon.excalibur.component.ThreadSafeComponentHandler.initialize(ThreadSafeComponentHandler.java:108)
	at org.apache.avalon.excalibur.component.ExcaliburComponentManager.lookup(ExcaliburComponentManager.java:278)
	... 74 more
2013-01-07 23:39:56.846 WARN  core.eventaware-manager                  (Unknown-HostUnknown-URI) Unknown-Thread/EventAwareManagerImpl: Could not look up role: org.apache.cocoon.caching.Cache/EventAware, skipping
org.apache.avalon.framework.service.ServiceException: Could not access the Component (key [org.apache.cocoon.caching.Cache/EventAware]) (Key='org.apache.cocoon.caching.Cache/EventAware')
	at org.apache.avalon.framework.service.WrapperServiceManager.lookup(WrapperServiceManager.java:80)
	at org.apache.cocoon.caching.impl.EventAwareManagerImpl.initialize(EventAwareManagerImpl.java:102)
	at org.apache.avalon.framework.container.ContainerUtil.initialize(ContainerUtil.java:244)
	at org.apache.avalon.excalibur.component.DefaultComponentFactory.newInstance(DefaultComponentFactory.java:297)
	at org.apache.avalon.excalibur.component.ThreadSafeComponentHandler.initialize(ThreadSafeComponentHandler.java:108)
	at org.apache.avalon.excalibur.component.ExcaliburComponentManager.lookup(ExcaliburComponentManager.java:278)
	at org.apache.cocoon.components.CocoonComponentManager.lookup(CocoonComponentManager.java:354)
	at org.apache.avalon.framework.service.WrapperServiceManager.lookup(WrapperServiceManager.java:68)
	at org.apache.cocoon.components.store.impl.EventAwareTransientStore.initialize(EventAwareTransientStore.java:69)
	at org.apache.avalon.framework.container.ContainerUtil.initialize(ContainerUtil.java:244)
	at org.apache.avalon.excalibur.component.DefaultComponentFactory.newInstance(DefaultComponentFactory.java:297)
	at org.apache.avalon.excalibur.component.ThreadSafeComponentHandler.initialize(ThreadSafeComponentHandler.java:108)
	at org.apache.avalon.excalibur.component.ExcaliburComponentManager.lookup(ExcaliburComponentManager.java:278)
	at org.apache.cocoon.components.CocoonComponentManager.lookup(CocoonComponentManager.java:354)
	at org.apache.avalon.framework.service.WrapperServiceManager.lookup(WrapperServiceManager.java:68)
	at nl.hippo.forrest.locationmap.LocationMapModule.service(LocationMapModule.java:71)
	at org.apache.avalon.framework.container.ContainerUtil.service(ContainerUtil.java:143)
	at org.apache.avalon.excalibur.component.DefaultComponentFactory.newInstance(DefaultComponentFactory.java:271)
	at org.apache.avalon.excalibur.component.ThreadSafeComponentHandler.initialize(ThreadSafeComponentHandler.java:108)
	at org.apache.avalon.excalibur.component.ExcaliburComponentSelector.addComponent(ExcaliburComponentSelector.java:705)
	at org.apache.cocoon.components.ExtendedComponentSelector.configure(ExtendedComponentSelector.java:229)
	at org.apache.avalon.framework.container.ContainerUtil.configure(ContainerUtil.java:201)
	at org.apache.avalon.excalibur.component.DefaultComponentFactory.newInstance(DefaultComponentFactory.java:289)
	at org.apache.avalon.excalibur.component.ThreadSafeComponentHandler.initialize(ThreadSafeComponentHandler.java:108)
	at org.apache.avalon.excalibur.component.ExcaliburComponentManager.initialize(ExcaliburComponentManager.java:524)
	at org.apache.cocoon.components.CocoonComponentManager.initialize(CocoonComponentManager.java:583)
	at org.apache.avalon.framework.container.ContainerUtil.initialize(ContainerUtil.java:244)
	at org.apache.cocoon.Cocoon.initialize(Cocoon.java:345)
	at org.apache.avalon.framework.container.ContainerUtil.initialize(ContainerUtil.java:244)
	at org.apache.cocoon.servlet.CocoonServlet.createCocoon(CocoonServlet.java:1429)
	at org.apache.cocoon.servlet.CocoonServlet.init(CocoonServlet.java:499)
	at org.mortbay.jetty.servlet.ServletHolder.initServlet(ServletHolder.java:383)
	at org.mortbay.jetty.servlet.ServletHolder.start(ServletHolder.java:243)
	at org.mortbay.jetty.servlet.ServletHandler.initializeServlets(ServletHandler.java:446)
	at org.mortbay.jetty.servlet.WebApplicationHandler.initializeServlets(WebApplicationHandler.java:321)
	at org.mortbay.jetty.servlet.WebApplicationContext.doStart(WebApplicationContext.java:509)
	at org.mortbay.util.Container.start(Container.java:72)
	at nl.hippo.http.impl.ExcaliburServer.deploy(ExcaliburServer.java:94)
	at nl.hippo.http.impl.ExcaliburDeployer.start(ExcaliburDeployer.java:107)
	at org.apache.avalon.framework.container.ContainerUtil.start(ContainerUtil.java:260)
	at org.apache.avalon.fortress.impl.handler.ComponentFactory.newInstance(ComponentFactory.java:186)
	at org.apache.avalon.fortress.impl.factory.NoopObjectFactory.newInstance(NoopObjectFactory.java:38)
	at org.apache.avalon.fortress.impl.handler.AbstractComponentHandler.newComponent(AbstractComponentHandler.java:246)
	at org.apache.avalon.fortress.impl.handler.ThreadSafeComponentHandler.doPrepare(ThreadSafeComponentHandler.java:40)
	at org.apache.avalon.fortress.impl.handler.AbstractComponentHandler.prepareHandler(AbstractComponentHandler.java:147)
	at org.apache.avalon.fortress.impl.handler.LEAwareComponentHandler.prepareHandler(LEAwareComponentHandler.java:85)
	at org.apache.avalon.fortress.impl.AbstractContainer.initialize(AbstractContainer.java:629)
	at org.apache.avalon.framework.container.ContainerUtil.initialize(ContainerUtil.java:244)
	at org.apache.avalon.fortress.impl.DefaultContainerManager.createContainer(DefaultContainerManager.java:173)
	at org.apache.avalon.fortress.impl.DefaultContainerManager.initializeContainer(DefaultContainerManager.java:119)
	at org.apache.avalon.fortress.impl.DefaultContainerManager.initialize(DefaultContainerManager.java:112)
	at nl.hippo.fortress.Main.start(Main.java:52)
	at nl.hippo.fortress.Main.main(Main.java:91)
	at sun.reflect.NativeMethodAccessorImpl.invoke0(Native Method)
	at sun.reflect.NativeMethodAccessorImpl.invoke(NativeMethodAccessorImpl.java:57)
	at sun.reflect.DelegatingMethodAccessorImpl.invoke(DelegatingMethodAccessorImpl.java:43)
	at java.lang.reflect.Method.invoke(Method.java:616)
	at nl.hippo.fortress.start.Main.invokeMain(Main.java:123)
	at nl.hippo.fortress.start.Main.main(Main.java:50)
	at sun.reflect.NativeMethodAccessorImpl.invoke0(Native Method)
	at sun.reflect.NativeMethodAccessorImpl.invoke(NativeMethodAccessorImpl.java:57)
	at sun.reflect.DelegatingMethodAccessorImpl.invoke(DelegatingMethodAccessorImpl.java:43)
	at java.lang.reflect.Method.invoke(Method.java:616)
	at org.tanukisoftware.wrapper.WrapperSimpleApp.run(WrapperSimpleApp.java:136)
	at java.lang.Thread.run(Thread.java:679)
Caused by: org.apache.avalon.framework.component.ComponentException: Could not access the Component (key [org.apache.cocoon.caching.Cache/EventAware])
	at org.apache.avalon.excalibur.component.ExcaliburComponentManager.lookup(ExcaliburComponentManager.java:294)
	at org.apache.cocoon.components.CocoonComponentManager.lookup(CocoonComponentManager.java:354)
	at org.apache.avalon.framework.service.WrapperServiceManager.lookup(WrapperServiceManager.java:68)
	... 64 more
Caused by: org.apache.avalon.framework.parameters.ParameterException: Unable to lookup store: org.apache.excalibur.store.Store
	at org.apache.cocoon.caching.impl.CacheImpl.parameterize(CacheImpl.java:145)
	at org.apache.cocoon.caching.impl.MultipleEventAwareCacheImpl.parameterize(MultipleEventAwareCacheImpl.java:99)
	at org.apache.avalon.framework.container.ContainerUtil.parameterize(ContainerUtil.java:228)
	at org.apache.avalon.excalibur.component.DefaultComponentFactory.newInstance(DefaultComponentFactory.java:294)
	at org.apache.avalon.excalibur.component.ThreadSafeComponentHandler.initialize(ThreadSafeComponentHandler.java:108)
	at org.apache.avalon.excalibur.component.ExcaliburComponentManager.lookup(ExcaliburComponentManager.java:278)
	... 66 more
Caused by: org.apache.avalon.framework.service.ServiceException: Could not access the Component (key [org.apache.excalibur.store.Store]) (Key='org.apache.excalibur.store.Store')
	at org.apache.avalon.framework.service.WrapperServiceManager.lookup(WrapperServiceManager.java:80)
	at org.apache.cocoon.caching.impl.CacheImpl.parameterize(CacheImpl.java:143)
	... 71 more
Caused by: org.apache.avalon.framework.component.ComponentException: Could not access the Component (key [org.apache.excalibur.store.Store])
	at org.apache.avalon.excalibur.component.ExcaliburComponentManager.lookup(ExcaliburComponentManager.java:294)
	at org.apache.cocoon.components.CocoonComponentManager.lookup(CocoonComponentManager.java:354)
	at org.apache.avalon.framework.service.WrapperServiceManager.lookup(WrapperServiceManager.java:68)
	... 72 more
Caused by: java.lang.NullPointerException
	at org.apache.jcs.auxiliary.disk.indexed.IndexedDiskCache.<init>(IndexedDiskCache.java:203)
	at org.apache.jcs.auxiliary.disk.indexed.IndexedDiskCacheManager.getCache(IndexedDiskCacheManager.java:122)
	at org.apache.jcs.auxiliary.disk.indexed.IndexedDiskCacheFactory.createCache(IndexedDiskCacheFactory.java:54)
	at org.apache.jcs.engine.control.CompositeCacheConfigurator.parseAuxiliary(CompositeCacheConfigurator.java:551)
	at org.apache.jcs.engine.control.CompositeCacheConfigurator.parseRegion(CompositeCacheConfigurator.java:343)
	at org.apache.jcs.engine.control.CompositeCacheConfigurator.parseRegion(CompositeCacheConfigurator.java:264)
	at org.apache.jcs.engine.control.CompositeCacheConfigurator.parseRegions(CompositeCacheConfigurator.java:241)
	at org.apache.jcs.engine.control.CompositeCacheConfigurator.doConfigure(CompositeCacheConfigurator.java:136)
	at org.apache.jcs.engine.control.CompositeCacheManager.configure(CompositeCacheManager.java:311)
	at org.apache.jcs.engine.control.CompositeCacheManager.configure(CompositeCacheManager.java:255)
	at nl.hippo.cocoon.components.store.impl.JCSDefaultStore.initialize(JCSDefaultStore.java:218)
	at org.apache.avalon.framework.container.ContainerUtil.initialize(ContainerUtil.java:244)
	at org.apache.avalon.excalibur.component.DefaultComponentFactory.newInstance(DefaultComponentFactory.java:297)
	at org.apache.avalon.excalibur.component.ThreadSafeComponentHandler.initialize(ThreadSafeComponentHandler.java:108)
	at org.apache.avalon.excalibur.component.ExcaliburComponentManager.lookup(ExcaliburComponentManager.java:278)
	... 74 more
2013-01-07 23:39:56.895 ERROR core.manager                             (Unknown-HostUnknown-URI) Unknown-Thread/ExcaliburComponentManager: Caught an exception trying to initialize the component handler.
java.lang.NullPointerException
	at org.apache.jcs.auxiliary.disk.indexed.IndexedDiskCache.<init>(IndexedDiskCache.java:203)
	at org.apache.jcs.auxiliary.disk.indexed.IndexedDiskCacheManager.getCache(IndexedDiskCacheManager.java:122)
	at org.apache.jcs.auxiliary.disk.indexed.IndexedDiskCacheFactory.createCache(IndexedDiskCacheFactory.java:54)
	at org.apache.jcs.engine.control.CompositeCacheConfigurator.parseAuxiliary(CompositeCacheConfigurator.java:551)
	at org.apache.jcs.engine.control.CompositeCacheConfigurator.parseRegion(CompositeCacheConfigurator.java:343)
	at org.apache.jcs.engine.control.CompositeCacheConfigurator.parseRegion(CompositeCacheConfigurator.java:264)
	at org.apache.jcs.engine.control.CompositeCacheConfigurator.parseRegions(CompositeCacheConfigurator.java:241)
	at org.apache.jcs.engine.control.CompositeCacheConfigurator.doConfigure(CompositeCacheConfigurator.java:136)
	at org.apache.jcs.engine.control.CompositeCacheManager.configure(CompositeCacheManager.java:311)
	at org.apache.jcs.engine.control.CompositeCacheManager.configure(CompositeCacheManager.java:255)
	at nl.hippo.cocoon.components.store.impl.JCSDefaultStore.initialize(JCSDefaultStore.java:218)
	at org.apache.avalon.framework.container.ContainerUtil.initialize(ContainerUtil.java:244)
	at org.apache.avalon.excalibur.component.DefaultComponentFactory.newInstance(DefaultComponentFactory.java:297)
	at org.apache.avalon.excalibur.component.ThreadSafeComponentHandler.initialize(ThreadSafeComponentHandler.java:108)
	at org.apache.avalon.excalibur.component.ExcaliburComponentManager.initialize(ExcaliburComponentManager.java:524)
	at org.apache.cocoon.components.CocoonComponentManager.initialize(CocoonComponentManager.java:583)
	at org.apache.avalon.framework.container.ContainerUtil.initialize(ContainerUtil.java:244)
	at org.apache.cocoon.Cocoon.initialize(Cocoon.java:345)
	at org.apache.avalon.framework.container.ContainerUtil.initialize(ContainerUtil.java:244)
	at org.apache.cocoon.servlet.CocoonServlet.createCocoon(CocoonServlet.java:1429)
	at org.apache.cocoon.servlet.CocoonServlet.init(CocoonServlet.java:499)
	at org.mortbay.jetty.servlet.ServletHolder.initServlet(ServletHolder.java:383)
	at org.mortbay.jetty.servlet.ServletHolder.start(ServletHolder.java:243)
	at org.mortbay.jetty.servlet.ServletHandler.initializeServlets(ServletHandler.java:446)
	at org.mortbay.jetty.servlet.WebApplicationHandler.initializeServlets(WebApplicationHandler.java:321)
	at org.mortbay.jetty.servlet.WebApplicationContext.doStart(WebApplicationContext.java:509)
	at org.mortbay.util.Container.start(Container.java:72)
	at nl.hippo.http.impl.ExcaliburServer.deploy(ExcaliburServer.java:94)
	at nl.hippo.http.impl.ExcaliburDeployer.start(ExcaliburDeployer.java:107)
	at org.apache.avalon.framework.container.ContainerUtil.start(ContainerUtil.java:260)
	at org.apache.avalon.fortress.impl.handler.ComponentFactory.newInstance(ComponentFactory.java:186)
	at org.apache.avalon.fortress.impl.factory.NoopObjectFactory.newInstance(NoopObjectFactory.java:38)
	at org.apache.avalon.fortress.impl.handler.AbstractComponentHandler.newComponent(AbstractComponentHandler.java:246)
	at org.apache.avalon.fortress.impl.handler.ThreadSafeComponentHandler.doPrepare(ThreadSafeComponentHandler.java:40)
	at org.apache.avalon.fortress.impl.handler.AbstractComponentHandler.prepareHandler(AbstractComponentHandler.java:147)
	at org.apache.avalon.fortress.impl.handler.LEAwareComponentHandler.prepareHandler(LEAwareComponentHandler.java:85)
	at org.apache.avalon.fortress.impl.AbstractContainer.initialize(AbstractContainer.java:629)
	at org.apache.avalon.framework.container.ContainerUtil.initialize(ContainerUtil.java:244)
	at org.apache.avalon.fortress.impl.DefaultContainerManager.createContainer(DefaultContainerManager.java:173)
	at org.apache.avalon.fortress.impl.DefaultContainerManager.initializeContainer(DefaultContainerManager.java:119)
	at org.apache.avalon.fortress.impl.DefaultContainerManager.initialize(DefaultContainerManager.java:112)
	at nl.hippo.fortress.Main.start(Main.java:52)
	at nl.hippo.fortress.Main.main(Main.java:91)
	at sun.reflect.NativeMethodAccessorImpl.invoke0(Native Method)
	at sun.reflect.NativeMethodAccessorImpl.invoke(NativeMethodAccessorImpl.java:57)
	at sun.reflect.DelegatingMethodAccessorImpl.invoke(DelegatingMethodAccessorImpl.java:43)
	at java.lang.reflect.Method.invoke(Method.java:616)
	at nl.hippo.fortress.start.Main.invokeMain(Main.java:123)
	at nl.hippo.fortress.start.Main.main(Main.java:50)
	at sun.reflect.NativeMethodAccessorImpl.invoke0(Native Method)
	at sun.reflect.NativeMethodAccessorImpl.invoke(NativeMethodAccessorImpl.java:57)
	at sun.reflect.DelegatingMethodAccessorImpl.invoke(DelegatingMethodAccessorImpl.java:43)
	at java.lang.reflect.Method.invoke(Method.java:616)
	at org.tanukisoftware.wrapper.WrapperSimpleApp.run(WrapperSimpleApp.java:136)
	at java.lang.Thread.run(Thread.java:679)
