2010-02-27 09:25:06.449 WARN  core.manager                             (Unknown-HostUnknown-URI) Unknown-Thread/ThreadSafeComponentHandler: Error decommissioning component: nl.hippo.forrest.locationmap.LocationMapModule
java.lang.NullPointerException
	at nl.hippo.forrest.locationmap.LocationMapModule.dispose(LocationMapModule.java:81)
	at org.apache.avalon.framework.container.ContainerUtil.dispose(ContainerUtil.java:306)
	at org.apache.avalon.excalibur.component.DefaultComponentFactory.decommission(DefaultComponentFactory.java:356)
	at org.apache.avalon.excalibur.component.ThreadSafeComponentHandler.dispose(ThreadSafeComponentHandler.java:165)
	at org.apache.avalon.excalibur.component.ExcaliburComponentSelector.dispose(ExcaliburComponentSelector.java:488)
	at org.apache.cocoon.components.ExtendedComponentSelector.dispose(ExtendedComponentSelector.java:343)
	at org.apache.avalon.framework.container.ContainerUtil.dispose(ContainerUtil.java:306)
	at org.apache.avalon.excalibur.component.DefaultComponentFactory.decommission(DefaultComponentFactory.java:356)
	at org.apache.avalon.excalibur.component.ThreadSafeComponentHandler.dispose(ThreadSafeComponentHandler.java:165)
	at org.apache.avalon.excalibur.component.ExcaliburComponentManager.dispose(ExcaliburComponentManager.java:623)
	at org.apache.cocoon.components.CocoonComponentManager.dispose(CocoonComponentManager.java:526)
	at org.apache.avalon.framework.container.ContainerUtil.dispose(ContainerUtil.java:306)
	at org.apache.cocoon.Cocoon.dispose(Cocoon.java:546)
	at org.apache.avalon.framework.container.ContainerUtil.dispose(ContainerUtil.java:306)
	at org.apache.cocoon.servlet.CocoonServlet.disposeCocoon(CocoonServlet.java:1554)
	at org.apache.cocoon.servlet.CocoonServlet.destroy(CocoonServlet.java:518)
	at org.mortbay.jetty.servlet.ServletHolder.stop(ServletHolder.java:270)
	at org.mortbay.jetty.servlet.ServletHandler.doStop(ServletHandler.java:469)
	at org.mortbay.jetty.servlet.WebApplicationHandler.doStop(WebApplicationHandler.java:354)
	at org.mortbay.util.Container.stop(Container.java:154)
	at org.mortbay.http.HttpContext.doStop(HttpContext.java:1760)
	at org.mortbay.jetty.servlet.ServletHttpContext.doStop(ServletHttpContext.java:231)
	at org.mortbay.jetty.servlet.WebApplicationContext.doStop(WebApplicationContext.java:572)
	at org.mortbay.util.Container.stop(Container.java:154)
	at org.mortbay.http.HttpServer.removeContext(HttpServer.java:360)
	at nl.hippo.http.impl.ExcaliburServer.undeploy(ExcaliburServer.java:98)
	at nl.hippo.http.impl.ExcaliburDeployer.stop(ExcaliburDeployer.java:112)
	at org.apache.avalon.framework.container.ContainerUtil.stop(ContainerUtil.java:292)
	at org.apache.avalon.framework.container.ContainerUtil.shutdown(ContainerUtil.java:66)
	at org.apache.avalon.fortress.impl.handler.ComponentFactory.dispose(ComponentFactory.java:253)
	at org.apache.avalon.fortress.impl.factory.NoopObjectFactory.dispose(NoopObjectFactory.java:43)
	at org.apache.avalon.fortress.impl.handler.AbstractComponentHandler.disposeComponent(AbstractComponentHandler.java:278)
	at org.apache.avalon.fortress.impl.handler.ThreadSafeComponentHandler.doDispose(ThreadSafeComponentHandler.java:60)
	at org.apache.avalon.fortress.impl.handler.AbstractComponentHandler.dispose(AbstractComponentHandler.java:294)
	at org.apache.avalon.framework.container.ContainerUtil.dispose(ContainerUtil.java:306)
	at org.apache.avalon.fortress.impl.handler.LEAwareComponentHandler.dispose(LEAwareComponentHandler.java:124)
	at org.apache.avalon.framework.container.ContainerUtil.dispose(ContainerUtil.java:306)
	at org.apache.avalon.fortress.impl.AbstractContainer.dispose(AbstractContainer.java:799)
	at org.apache.avalon.framework.container.ContainerUtil.dispose(ContainerUtil.java:306)
	at org.apache.avalon.fortress.impl.DefaultContainerManager.disposeContainer(DefaultContainerManager.java:222)
	at org.apache.avalon.fortress.impl.DefaultContainerManager.dispose(DefaultContainerManager.java:232)
	at nl.hippo.fortress.Main.stop(Main.java:56)
	at nl.hippo.fortress.Main$1.run(Main.java:101)
2010-02-27 09:25:06.458 WARN  core.manager                             (Unknown-HostUnknown-URI) Unknown-Thread/ExcaliburComponentManager: disposing of handler for unreleased component. role [org.apache.excalibur.store.StoreJanitor]
2010-02-27 09:25:06.458 WARN  core.manager                             (Unknown-HostUnknown-URI) Unknown-Thread/ExcaliburComponentManager: disposing of handler for unreleased component. role [org.apache.cocoon.caching.EventRegistry/repositoryBinary]
2010-02-27 09:25:06.458 WARN  core.manager                             (Unknown-HostUnknown-URI) Unknown-Thread/ExcaliburComponentManager: disposing of handler for unreleased component. role [org.apache.avalon.excalibur.logger.LoggerManager]
2010-02-27 09:25:06.459 WARN  core.manager                             (Unknown-HostUnknown-URI) Unknown-Thread/ExcaliburComponentManager: disposing of handler for unreleased component. role [org.apache.cocoon.caching.EventRegistry/Transient]
2010-02-27 09:25:06.459 WARN  core.manager                             (Unknown-HostUnknown-URI) Unknown-Thread/ExcaliburComponentManager: disposing of handler for unreleased component. role [org.apache.excalibur.store.Store/EventAware]
2010-02-27 09:25:06.459 WARN  core.manager                             (Unknown-HostUnknown-URI) Unknown-Thread/ExcaliburComponentManager: disposing of handler for unreleased component. role [org.apache.avalon.excalibur.monitor.Monitor]
2010-02-27 09:25:06.459 WARN  core.manager                             (Unknown-HostUnknown-URI) Unknown-Thread/ExcaliburComponentManager: disposing of handler for unreleased component. role [org.apache.cocoon.caching.EventRegistry/repositoryDoc]
2010-02-27 09:25:06.459 WARN  core.manager                             (Unknown-HostUnknown-URI) Unknown-Thread/ExcaliburComponentManager: disposing of handler for unreleased component. role [org.apache.cocoon.caching.Cache/EventAwareRepositoryDoc]
2010-02-27 09:25:06.459 WARN  core.manager                             (Unknown-HostUnknown-URI) Unknown-Thread/ExcaliburComponentManager: disposing of handler for unreleased component. role [org.apache.cocoon.components.thread.RunnableManager]
2010-02-27 09:25:06.460 WARN  core.manager                             (Unknown-HostUnknown-URI) Unknown-Thread/ExcaliburComponentManager: disposing of handler for unreleased component. role [org.apache.cocoon.caching.Cache/EventAwareRepositoryBinary]
2010-02-27 09:25:06.460 WARN  core.manager                             (Unknown-HostUnknown-URI) Unknown-Thread/ExcaliburComponentManager: disposing of handler for unreleased component. role [org.apache.excalibur.store.Store]
2010-02-27 09:25:06.460 WARN  core.manager                             (Unknown-HostUnknown-URI) Unknown-Thread/ExcaliburComponentManager: disposing of handler for unreleased component. role [nl.hippo.cocoon.repository.RepositoryManager]
2010-02-27 09:25:06.460 WARN  core.manager                             (Unknown-HostUnknown-URI) Unknown-Thread/ExcaliburComponentManager: disposing of handler for unreleased component. role [org.apache.excalibur.store.Store/RepositoryDoc]
2010-02-27 09:25:06.461 WARN  core.manager                             (Unknown-HostUnknown-URI) Unknown-Thread/ExcaliburComponentManager: disposing of handler for unreleased component. role [org.apache.excalibur.store.Store/RepositoryBinary]
2010-02-27 09:25:06.461 WARN  core.manager                             (Unknown-HostUnknown-URI) Unknown-Thread/ExcaliburComponentManager: disposing of handler for unreleased component. role [org.apache.cocoon.caching.EventAwareManager]
2010-02-27 09:25:06.461 WARN  core.manager                             (Unknown-HostUnknown-URI) Unknown-Thread/ExcaliburComponentManager: disposing of handler for unreleased component. role [org.apache.cocoon.caching.EventRegistry]
2010-02-27 09:25:06.461 WARN  core.manager                             (Unknown-HostUnknown-URI) Unknown-Thread/ExcaliburComponentManager: disposing of handler for unreleased component. role [org.apache.cocoon.components.jms.JMSConnectionManager]
2010-02-27 09:25:06.462 WARN  core.manager                             (Unknown-HostUnknown-URI) Unknown-Thread/ExcaliburComponentManager: disposing of handler for unreleased component. role [org.apache.cocoon.caching.Cache/EventAware]
2010-02-27 10:44:40.437 WARN  core.cocoon                              (Unknown-HostUnknown-URI) Unknown-Thread/SettingsHelper: Property cms.eventaware-store.maxobjects not found.
2010-02-27 10:44:41.321 ERROR core.jms                                 (Unknown-HostUnknown-URI) Unknown-Thread/JMSConnectionManagerImpl: Connection refused :tcp://localhost:3035/
2010-02-27 10:44:41.388 WARN  core.jms                                 (Unknown-HostUnknown-URI) Unknown-Thread/AbstractMessageListener: Could not obtain JMS connection 'repository.skeleton'
2010-02-27 11:12:43.661 WARN  core.manager                             (Unknown-HostUnknown-URI) Unknown-Thread/ThreadSafeComponentHandler: Error decommissioning component: nl.hippo.forrest.locationmap.LocationMapModule
java.lang.NullPointerException
	at nl.hippo.forrest.locationmap.LocationMapModule.dispose(LocationMapModule.java:81)
	at org.apache.avalon.framework.container.ContainerUtil.dispose(ContainerUtil.java:306)
	at org.apache.avalon.excalibur.component.DefaultComponentFactory.decommission(DefaultComponentFactory.java:356)
	at org.apache.avalon.excalibur.component.ThreadSafeComponentHandler.dispose(ThreadSafeComponentHandler.java:165)
	at org.apache.avalon.excalibur.component.ExcaliburComponentSelector.dispose(ExcaliburComponentSelector.java:488)
	at org.apache.cocoon.components.ExtendedComponentSelector.dispose(ExtendedComponentSelector.java:343)
	at org.apache.avalon.framework.container.ContainerUtil.dispose(ContainerUtil.java:306)
	at org.apache.avalon.excalibur.component.DefaultComponentFactory.decommission(DefaultComponentFactory.java:356)
	at org.apache.avalon.excalibur.component.ThreadSafeComponentHandler.dispose(ThreadSafeComponentHandler.java:165)
	at org.apache.avalon.excalibur.component.ExcaliburComponentManager.dispose(ExcaliburComponentManager.java:623)
	at org.apache.cocoon.components.CocoonComponentManager.dispose(CocoonComponentManager.java:526)
	at org.apache.avalon.framework.container.ContainerUtil.dispose(ContainerUtil.java:306)
	at org.apache.cocoon.Cocoon.dispose(Cocoon.java:546)
	at org.apache.avalon.framework.container.ContainerUtil.dispose(ContainerUtil.java:306)
	at org.apache.cocoon.servlet.CocoonServlet.disposeCocoon(CocoonServlet.java:1554)
	at org.apache.cocoon.servlet.CocoonServlet.destroy(CocoonServlet.java:518)
	at org.mortbay.jetty.servlet.ServletHolder.stop(ServletHolder.java:270)
	at org.mortbay.jetty.servlet.ServletHandler.doStop(ServletHandler.java:469)
	at org.mortbay.jetty.servlet.WebApplicationHandler.doStop(WebApplicationHandler.java:354)
	at org.mortbay.util.Container.stop(Container.java:154)
	at org.mortbay.http.HttpContext.doStop(HttpContext.java:1760)
	at org.mortbay.jetty.servlet.ServletHttpContext.doStop(ServletHttpContext.java:231)
	at org.mortbay.jetty.servlet.WebApplicationContext.doStop(WebApplicationContext.java:572)
	at org.mortbay.util.Container.stop(Container.java:154)
	at org.mortbay.http.HttpServer.removeContext(HttpServer.java:360)
	at nl.hippo.http.impl.ExcaliburServer.undeploy(ExcaliburServer.java:98)
	at nl.hippo.http.impl.ExcaliburDeployer.stop(ExcaliburDeployer.java:112)
	at org.apache.avalon.framework.container.ContainerUtil.stop(ContainerUtil.java:292)
	at org.apache.avalon.framework.container.ContainerUtil.shutdown(ContainerUtil.java:66)
	at org.apache.avalon.fortress.impl.handler.ComponentFactory.dispose(ComponentFactory.java:253)
	at org.apache.avalon.fortress.impl.factory.NoopObjectFactory.dispose(NoopObjectFactory.java:43)
	at org.apache.avalon.fortress.impl.handler.AbstractComponentHandler.disposeComponent(AbstractComponentHandler.java:278)
	at org.apache.avalon.fortress.impl.handler.ThreadSafeComponentHandler.doDispose(ThreadSafeComponentHandler.java:60)
	at org.apache.avalon.fortress.impl.handler.AbstractComponentHandler.dispose(AbstractComponentHandler.java:294)
	at org.apache.avalon.framework.container.ContainerUtil.dispose(ContainerUtil.java:306)
	at org.apache.avalon.fortress.impl.handler.LEAwareComponentHandler.dispose(LEAwareComponentHandler.java:124)
	at org.apache.avalon.framework.container.ContainerUtil.dispose(ContainerUtil.java:306)
	at org.apache.avalon.fortress.impl.AbstractContainer.dispose(AbstractContainer.java:799)
	at org.apache.avalon.framework.container.ContainerUtil.dispose(ContainerUtil.java:306)
	at org.apache.avalon.fortress.impl.DefaultContainerManager.disposeContainer(DefaultContainerManager.java:222)
	at org.apache.avalon.fortress.impl.DefaultContainerManager.dispose(DefaultContainerManager.java:232)
	at nl.hippo.fortress.Main.stop(Main.java:56)
	at nl.hippo.fortress.Main$1.run(Main.java:101)
2010-02-27 11:12:43.662 WARN  core.manager                             (Unknown-HostUnknown-URI) Unknown-Thread/ExcaliburComponentManager: disposing of handler for unreleased component. role [org.apache.excalibur.store.StoreJanitor]
2010-02-27 11:12:43.663 WARN  core.manager                             (Unknown-HostUnknown-URI) Unknown-Thread/ExcaliburComponentManager: disposing of handler for unreleased component. role [org.apache.cocoon.caching.EventRegistry/repositoryBinary]
2010-02-27 11:12:43.663 WARN  core.manager                             (Unknown-HostUnknown-URI) Unknown-Thread/ExcaliburComponentManager: disposing of handler for unreleased component. role [org.apache.avalon.excalibur.logger.LoggerManager]
2010-02-27 11:12:43.663 WARN  core.manager                             (Unknown-HostUnknown-URI) Unknown-Thread/ExcaliburComponentManager: disposing of handler for unreleased component. role [org.apache.cocoon.caching.EventRegistry/Transient]
2010-02-27 11:12:43.663 WARN  core.manager                             (Unknown-HostUnknown-URI) Unknown-Thread/ExcaliburComponentManager: disposing of handler for unreleased component. role [org.apache.excalibur.store.Store/EventAware]
2010-02-27 11:12:43.663 WARN  core.manager                             (Unknown-HostUnknown-URI) Unknown-Thread/ExcaliburComponentManager: disposing of handler for unreleased component. role [org.apache.avalon.excalibur.monitor.Monitor]
2010-02-27 11:12:43.663 WARN  core.manager                             (Unknown-HostUnknown-URI) Unknown-Thread/ExcaliburComponentManager: disposing of handler for unreleased component. role [org.apache.cocoon.caching.EventRegistry/repositoryDoc]
2010-02-27 11:12:43.664 WARN  core.manager                             (Unknown-HostUnknown-URI) Unknown-Thread/ExcaliburComponentManager: disposing of handler for unreleased component. role [org.apache.cocoon.caching.Cache/EventAwareRepositoryDoc]
2010-02-27 11:12:43.664 WARN  core.manager                             (Unknown-HostUnknown-URI) Unknown-Thread/ExcaliburComponentManager: disposing of handler for unreleased component. role [org.apache.cocoon.components.thread.RunnableManager]
2010-02-27 11:12:43.664 WARN  core.manager                             (Unknown-HostUnknown-URI) Unknown-Thread/ExcaliburComponentManager: disposing of handler for unreleased component. role [org.apache.cocoon.caching.Cache/EventAwareRepositoryBinary]
2010-02-27 11:12:43.664 WARN  core.manager                             (Unknown-HostUnknown-URI) Unknown-Thread/ExcaliburComponentManager: disposing of handler for unreleased component. role [org.apache.excalibur.store.Store]
2010-02-27 11:12:43.665 WARN  core.manager                             (Unknown-HostUnknown-URI) Unknown-Thread/ExcaliburComponentManager: disposing of handler for unreleased component. role [nl.hippo.cocoon.repository.RepositoryManager]
2010-02-27 11:12:43.665 WARN  core.manager                             (Unknown-HostUnknown-URI) Unknown-Thread/ExcaliburComponentManager: disposing of handler for unreleased component. role [org.apache.excalibur.store.Store/RepositoryDoc]
2010-02-27 11:12:43.665 WARN  core.manager                             (Unknown-HostUnknown-URI) Unknown-Thread/ExcaliburComponentManager: disposing of handler for unreleased component. role [org.apache.excalibur.store.Store/RepositoryBinary]
2010-02-27 11:12:43.666 WARN  core.manager                             (Unknown-HostUnknown-URI) Unknown-Thread/ExcaliburComponentManager: disposing of handler for unreleased component. role [org.apache.cocoon.caching.EventAwareManager]
2010-02-27 11:12:43.666 WARN  core.manager                             (Unknown-HostUnknown-URI) Unknown-Thread/ExcaliburComponentManager: disposing of handler for unreleased component. role [org.apache.cocoon.caching.EventRegistry]
2010-02-27 11:12:43.666 WARN  core.manager                             (Unknown-HostUnknown-URI) Unknown-Thread/ExcaliburComponentManager: disposing of handler for unreleased component. role [org.apache.excalibur.store.Store/TransientStore]
2010-02-27 11:12:43.666 WARN  core.manager                             (Unknown-HostUnknown-URI) Unknown-Thread/ExcaliburComponentManager: disposing of handler for unreleased component. role [org.apache.cocoon.components.jms.JMSConnectionManager]
2010-02-27 11:12:43.666 WARN  core.manager                             (Unknown-HostUnknown-URI) Unknown-Thread/ExcaliburComponentManager: disposing of handler for unreleased component. role [org.apache.cocoon.caching.Cache/EventAware]
2010-02-27 11:15:03.497 WARN  core.cocoon                              (Unknown-HostUnknown-URI) Unknown-Thread/SettingsHelper: Property cms.eventaware-store.maxobjects not found.
2010-02-27 11:15:03.983 ERROR core.jms                                 (Unknown-HostUnknown-URI) Unknown-Thread/JMSConnectionManagerImpl: Connection refused :tcp://localhost:3035/
2010-02-27 11:15:04.058 WARN  core.jms                                 (Unknown-HostUnknown-URI) Unknown-Thread/AbstractMessageListener: Could not obtain JMS connection 'repository.skeleton'
2010-02-27 11:15:59.421 WARN  core.manager                             (Unknown-HostUnknown-URI) Unknown-Thread/ThreadSafeComponentHandler: Error decommissioning component: nl.hippo.forrest.locationmap.LocationMapModule
java.lang.NullPointerException
	at nl.hippo.forrest.locationmap.LocationMapModule.dispose(LocationMapModule.java:81)
	at org.apache.avalon.framework.container.ContainerUtil.dispose(ContainerUtil.java:306)
	at org.apache.avalon.excalibur.component.DefaultComponentFactory.decommission(DefaultComponentFactory.java:356)
	at org.apache.avalon.excalibur.component.ThreadSafeComponentHandler.dispose(ThreadSafeComponentHandler.java:165)
	at org.apache.avalon.excalibur.component.ExcaliburComponentSelector.dispose(ExcaliburComponentSelector.java:488)
	at org.apache.cocoon.components.ExtendedComponentSelector.dispose(ExtendedComponentSelector.java:343)
	at org.apache.avalon.framework.container.ContainerUtil.dispose(ContainerUtil.java:306)
	at org.apache.avalon.excalibur.component.DefaultComponentFactory.decommission(DefaultComponentFactory.java:356)
	at org.apache.avalon.excalibur.component.ThreadSafeComponentHandler.dispose(ThreadSafeComponentHandler.java:165)
	at org.apache.avalon.excalibur.component.ExcaliburComponentManager.dispose(ExcaliburComponentManager.java:623)
	at org.apache.cocoon.components.CocoonComponentManager.dispose(CocoonComponentManager.java:526)
	at org.apache.avalon.framework.container.ContainerUtil.dispose(ContainerUtil.java:306)
	at org.apache.cocoon.Cocoon.dispose(Cocoon.java:546)
	at org.apache.avalon.framework.container.ContainerUtil.dispose(ContainerUtil.java:306)
	at org.apache.cocoon.servlet.CocoonServlet.disposeCocoon(CocoonServlet.java:1554)
	at org.apache.cocoon.servlet.CocoonServlet.destroy(CocoonServlet.java:518)
	at org.mortbay.jetty.servlet.ServletHolder.stop(ServletHolder.java:270)
	at org.mortbay.jetty.servlet.ServletHandler.doStop(ServletHandler.java:469)
	at org.mortbay.jetty.servlet.WebApplicationHandler.doStop(WebApplicationHandler.java:354)
	at org.mortbay.util.Container.stop(Container.java:154)
	at org.mortbay.http.HttpContext.doStop(HttpContext.java:1760)
	at org.mortbay.jetty.servlet.ServletHttpContext.doStop(ServletHttpContext.java:231)
	at org.mortbay.jetty.servlet.WebApplicationContext.doStop(WebApplicationContext.java:572)
	at org.mortbay.util.Container.stop(Container.java:154)
	at org.mortbay.http.HttpServer.removeContext(HttpServer.java:360)
	at nl.hippo.http.impl.ExcaliburServer.undeploy(ExcaliburServer.java:98)
	at nl.hippo.http.impl.ExcaliburDeployer.stop(ExcaliburDeployer.java:112)
	at org.apache.avalon.framework.container.ContainerUtil.stop(ContainerUtil.java:292)
	at org.apache.avalon.framework.container.ContainerUtil.shutdown(ContainerUtil.java:66)
	at org.apache.avalon.fortress.impl.handler.ComponentFactory.dispose(ComponentFactory.java:253)
	at org.apache.avalon.fortress.impl.factory.NoopObjectFactory.dispose(NoopObjectFactory.java:43)
	at org.apache.avalon.fortress.impl.handler.AbstractComponentHandler.disposeComponent(AbstractComponentHandler.java:278)
	at org.apache.avalon.fortress.impl.handler.ThreadSafeComponentHandler.doDispose(ThreadSafeComponentHandler.java:60)
	at org.apache.avalon.fortress.impl.handler.AbstractComponentHandler.dispose(AbstractComponentHandler.java:294)
	at org.apache.avalon.framework.container.ContainerUtil.dispose(ContainerUtil.java:306)
	at org.apache.avalon.fortress.impl.handler.LEAwareComponentHandler.dispose(LEAwareComponentHandler.java:124)
	at org.apache.avalon.framework.container.ContainerUtil.dispose(ContainerUtil.java:306)
	at org.apache.avalon.fortress.impl.AbstractContainer.dispose(AbstractContainer.java:799)
	at org.apache.avalon.framework.container.ContainerUtil.dispose(ContainerUtil.java:306)
	at org.apache.avalon.fortress.impl.DefaultContainerManager.disposeContainer(DefaultContainerManager.java:222)
	at org.apache.avalon.fortress.impl.DefaultContainerManager.dispose(DefaultContainerManager.java:232)
	at nl.hippo.fortress.Main.stop(Main.java:56)
	at nl.hippo.fortress.Main$1.run(Main.java:101)
2010-02-27 11:15:59.433 WARN  core.manager                             (Unknown-HostUnknown-URI) Unknown-Thread/ExcaliburComponentManager: disposing of handler for unreleased component. role [org.apache.excalibur.store.StoreJanitor]
2010-02-27 11:15:59.434 WARN  core.manager                             (Unknown-HostUnknown-URI) Unknown-Thread/ExcaliburComponentManager: disposing of handler for unreleased component. role [org.apache.cocoon.caching.EventRegistry/repositoryBinary]
2010-02-27 11:15:59.434 WARN  core.manager                             (Unknown-HostUnknown-URI) Unknown-Thread/ExcaliburComponentManager: disposing of handler for unreleased component. role [org.apache.cocoon.caching.EventRegistry/Transient]
2010-02-27 11:15:59.434 WARN  core.manager                             (Unknown-HostUnknown-URI) Unknown-Thread/ExcaliburComponentManager: disposing of handler for unreleased component. role [org.apache.excalibur.store.Store/EventAware]
2010-02-27 11:15:59.434 WARN  core.manager                             (Unknown-HostUnknown-URI) Unknown-Thread/ExcaliburComponentManager: disposing of handler for unreleased component. role [org.apache.avalon.excalibur.monitor.Monitor]
2010-02-27 11:15:59.434 WARN  core.manager                             (Unknown-HostUnknown-URI) Unknown-Thread/ExcaliburComponentManager: disposing of handler for unreleased component. role [org.apache.cocoon.caching.EventRegistry/repositoryDoc]
2010-02-27 11:15:59.434 WARN  core.manager                             (Unknown-HostUnknown-URI) Unknown-Thread/ExcaliburComponentManager: disposing of handler for unreleased component. role [org.apache.cocoon.caching.Cache/EventAwareRepositoryDoc]
2010-02-27 11:15:59.435 WARN  core.manager                             (Unknown-HostUnknown-URI) Unknown-Thread/ExcaliburComponentManager: disposing of handler for unreleased component. role [org.apache.cocoon.components.thread.RunnableManager]
2010-02-27 11:15:59.435 WARN  core.manager                             (Unknown-HostUnknown-URI) Unknown-Thread/ExcaliburComponentManager: disposing of handler for unreleased component. role [org.apache.cocoon.caching.Cache/EventAwareRepositoryBinary]
2010-02-27 11:15:59.435 WARN  core.manager                             (Unknown-HostUnknown-URI) Unknown-Thread/ExcaliburComponentManager: disposing of handler for unreleased component. role [org.apache.excalibur.store.Store]
2010-02-27 11:15:59.436 WARN  core.manager                             (Unknown-HostUnknown-URI) Unknown-Thread/ExcaliburComponentManager: disposing of handler for unreleased component. role [nl.hippo.cocoon.repository.RepositoryManager]
2010-02-27 11:15:59.436 WARN  core.manager                             (Unknown-HostUnknown-URI) Unknown-Thread/ExcaliburComponentManager: disposing of handler for unreleased component. role [org.apache.excalibur.store.Store/RepositoryDoc]
2010-02-27 11:15:59.441 WARN  core.manager                             (Unknown-HostUnknown-URI) Unknown-Thread/ExcaliburComponentManager: disposing of handler for unreleased component. role [org.apache.excalibur.store.Store/RepositoryBinary]
2010-02-27 11:15:59.441 WARN  core.manager                             (Unknown-HostUnknown-URI) Unknown-Thread/ExcaliburComponentManager: disposing of handler for unreleased component. role [org.apache.cocoon.caching.EventAwareManager]
2010-02-27 11:15:59.442 WARN  core.manager                             (Unknown-HostUnknown-URI) Unknown-Thread/ExcaliburComponentManager: disposing of handler for unreleased component. role [org.apache.cocoon.caching.EventRegistry]
2010-02-27 11:15:59.442 WARN  core.manager                             (Unknown-HostUnknown-URI) Unknown-Thread/ExcaliburComponentManager: disposing of handler for unreleased component. role [org.apache.cocoon.components.jms.JMSConnectionManager]
2010-02-27 11:15:59.442 WARN  core.manager                             (Unknown-HostUnknown-URI) Unknown-Thread/ExcaliburComponentManager: disposing of handler for unreleased component. role [org.apache.cocoon.caching.Cache/EventAware]
2010-02-27 11:16:03.077 WARN  core.cocoon                              (Unknown-HostUnknown-URI) Unknown-Thread/SettingsHelper: Property cms.eventaware-store.maxobjects not found.
2010-02-27 11:16:03.654 ERROR core.jms                                 (Unknown-HostUnknown-URI) Unknown-Thread/JMSConnectionManagerImpl: Connection refused :tcp://localhost:3035/
2010-02-27 11:16:03.790 WARN  core.jms                                 (Unknown-HostUnknown-URI) Unknown-Thread/AbstractMessageListener: Could not obtain JMS connection 'repository.skeleton'
2010-02-27 11:22:55.551 WARN  core.manager                             (Unknown-HostUnknown-URI) Unknown-Thread/ThreadSafeComponentHandler: Error decommissioning component: nl.hippo.forrest.locationmap.LocationMapModule
java.lang.NullPointerException
	at nl.hippo.forrest.locationmap.LocationMapModule.dispose(LocationMapModule.java:81)
	at org.apache.avalon.framework.container.ContainerUtil.dispose(ContainerUtil.java:306)
	at org.apache.avalon.excalibur.component.DefaultComponentFactory.decommission(DefaultComponentFactory.java:356)
	at org.apache.avalon.excalibur.component.ThreadSafeComponentHandler.dispose(ThreadSafeComponentHandler.java:165)
	at org.apache.avalon.excalibur.component.ExcaliburComponentSelector.dispose(ExcaliburComponentSelector.java:488)
	at org.apache.cocoon.components.ExtendedComponentSelector.dispose(ExtendedComponentSelector.java:343)
	at org.apache.avalon.framework.container.ContainerUtil.dispose(ContainerUtil.java:306)
	at org.apache.avalon.excalibur.component.DefaultComponentFactory.decommission(DefaultComponentFactory.java:356)
	at org.apache.avalon.excalibur.component.ThreadSafeComponentHandler.dispose(ThreadSafeComponentHandler.java:165)
	at org.apache.avalon.excalibur.component.ExcaliburComponentManager.dispose(ExcaliburComponentManager.java:623)
	at org.apache.cocoon.components.CocoonComponentManager.dispose(CocoonComponentManager.java:526)
	at org.apache.avalon.framework.container.ContainerUtil.dispose(ContainerUtil.java:306)
	at org.apache.cocoon.Cocoon.dispose(Cocoon.java:546)
	at org.apache.avalon.framework.container.ContainerUtil.dispose(ContainerUtil.java:306)
	at org.apache.cocoon.servlet.CocoonServlet.disposeCocoon(CocoonServlet.java:1554)
	at org.apache.cocoon.servlet.CocoonServlet.destroy(CocoonServlet.java:518)
	at org.mortbay.jetty.servlet.ServletHolder.stop(ServletHolder.java:270)
	at org.mortbay.jetty.servlet.ServletHandler.doStop(ServletHandler.java:469)
	at org.mortbay.jetty.servlet.WebApplicationHandler.doStop(WebApplicationHandler.java:354)
	at org.mortbay.util.Container.stop(Container.java:154)
	at org.mortbay.http.HttpContext.doStop(HttpContext.java:1760)
	at org.mortbay.jetty.servlet.ServletHttpContext.doStop(ServletHttpContext.java:231)
	at org.mortbay.jetty.servlet.WebApplicationContext.doStop(WebApplicationContext.java:572)
	at org.mortbay.util.Container.stop(Container.java:154)
	at org.mortbay.http.HttpServer.removeContext(HttpServer.java:360)
	at nl.hippo.http.impl.ExcaliburServer.undeploy(ExcaliburServer.java:98)
	at nl.hippo.http.impl.ExcaliburDeployer.stop(ExcaliburDeployer.java:112)
	at org.apache.avalon.framework.container.ContainerUtil.stop(ContainerUtil.java:292)
	at org.apache.avalon.framework.container.ContainerUtil.shutdown(ContainerUtil.java:66)
	at org.apache.avalon.fortress.impl.handler.ComponentFactory.dispose(ComponentFactory.java:253)
	at org.apache.avalon.fortress.impl.factory.NoopObjectFactory.dispose(NoopObjectFactory.java:43)
	at org.apache.avalon.fortress.impl.handler.AbstractComponentHandler.disposeComponent(AbstractComponentHandler.java:278)
	at org.apache.avalon.fortress.impl.handler.ThreadSafeComponentHandler.doDispose(ThreadSafeComponentHandler.java:60)
	at org.apache.avalon.fortress.impl.handler.AbstractComponentHandler.dispose(AbstractComponentHandler.java:294)
	at org.apache.avalon.framework.container.ContainerUtil.dispose(ContainerUtil.java:306)
	at org.apache.avalon.fortress.impl.handler.LEAwareComponentHandler.dispose(LEAwareComponentHandler.java:124)
	at org.apache.avalon.framework.container.ContainerUtil.dispose(ContainerUtil.java:306)
	at org.apache.avalon.fortress.impl.AbstractContainer.dispose(AbstractContainer.java:799)
	at org.apache.avalon.framework.container.ContainerUtil.dispose(ContainerUtil.java:306)
	at org.apache.avalon.fortress.impl.DefaultContainerManager.disposeContainer(DefaultContainerManager.java:222)
	at org.apache.avalon.fortress.impl.DefaultContainerManager.dispose(DefaultContainerManager.java:232)
	at nl.hippo.fortress.Main.stop(Main.java:56)
	at nl.hippo.fortress.Main$1.run(Main.java:101)
2010-02-27 11:22:55.562 WARN  core.manager                             (Unknown-HostUnknown-URI) Unknown-Thread/ExcaliburComponentManager: disposing of handler for unreleased component. role [org.apache.excalibur.store.StoreJanitor]
2010-02-27 11:22:55.563 WARN  core.manager                             (Unknown-HostUnknown-URI) Unknown-Thread/ExcaliburComponentManager: disposing of handler for unreleased component. role [org.apache.cocoon.caching.EventRegistry/repositoryBinary]
2010-02-27 11:22:55.563 WARN  core.manager                             (Unknown-HostUnknown-URI) Unknown-Thread/ExcaliburComponentManager: disposing of handler for unreleased component. role [org.apache.cocoon.caching.EventRegistry/Transient]
2010-02-27 11:22:55.563 WARN  core.manager                             (Unknown-HostUnknown-URI) Unknown-Thread/ExcaliburComponentManager: disposing of handler for unreleased component. role [org.apache.excalibur.store.Store/EventAware]
2010-02-27 11:22:55.563 WARN  core.manager                             (Unknown-HostUnknown-URI) Unknown-Thread/ExcaliburComponentManager: disposing of handler for unreleased component. role [org.apache.avalon.excalibur.monitor.Monitor]
2010-02-27 11:22:55.563 WARN  core.manager                             (Unknown-HostUnknown-URI) Unknown-Thread/ExcaliburComponentManager: disposing of handler for unreleased component. role [org.apache.cocoon.caching.EventRegistry/repositoryDoc]
2010-02-27 11:22:55.564 WARN  core.manager                             (Unknown-HostUnknown-URI) Unknown-Thread/ExcaliburComponentManager: disposing of handler for unreleased component. role [org.apache.cocoon.caching.Cache/EventAwareRepositoryDoc]
2010-02-27 11:22:55.564 WARN  core.manager                             (Unknown-HostUnknown-URI) Unknown-Thread/ExcaliburComponentManager: disposing of handler for unreleased component. role [org.apache.cocoon.components.thread.RunnableManager]
2010-02-27 11:22:55.564 WARN  core.manager                             (Unknown-HostUnknown-URI) Unknown-Thread/ExcaliburComponentManager: disposing of handler for unreleased component. role [org.apache.cocoon.caching.Cache/EventAwareRepositoryBinary]
2010-02-27 11:22:55.564 WARN  core.manager                             (Unknown-HostUnknown-URI) Unknown-Thread/ExcaliburComponentManager: disposing of handler for unreleased component. role [org.apache.excalibur.store.Store]
2010-02-27 11:22:55.565 WARN  core.manager                             (Unknown-HostUnknown-URI) Unknown-Thread/ExcaliburComponentManager: disposing of handler for unreleased component. role [nl.hippo.cocoon.repository.RepositoryManager]
2010-02-27 11:22:55.565 WARN  core.manager                             (Unknown-HostUnknown-URI) Unknown-Thread/ExcaliburComponentManager: disposing of handler for unreleased component. role [org.apache.excalibur.store.Store/RepositoryDoc]
2010-02-27 11:22:55.566 WARN  core.manager                             (Unknown-HostUnknown-URI) Unknown-Thread/ExcaliburComponentManager: disposing of handler for unreleased component. role [org.apache.excalibur.store.Store/RepositoryBinary]
2010-02-27 11:22:55.566 WARN  core.manager                             (Unknown-HostUnknown-URI) Unknown-Thread/ExcaliburComponentManager: disposing of handler for unreleased component. role [org.apache.cocoon.caching.EventAwareManager]
2010-02-27 11:22:55.566 WARN  core.manager                             (Unknown-HostUnknown-URI) Unknown-Thread/ExcaliburComponentManager: disposing of handler for unreleased component. role [org.apache.cocoon.caching.EventRegistry]
2010-02-27 11:22:55.566 WARN  core.manager                             (Unknown-HostUnknown-URI) Unknown-Thread/ExcaliburComponentManager: disposing of handler for unreleased component. role [org.apache.cocoon.components.jms.JMSConnectionManager]
2010-02-27 11:22:55.567 WARN  core.manager                             (Unknown-HostUnknown-URI) Unknown-Thread/ExcaliburComponentManager: disposing of handler for unreleased component. role [org.apache.cocoon.caching.Cache/EventAware]
