2012-10-08 11:51:51.464 ERROR sitemap.handled-errors                   (protocol.polycliniqueborinage.org/protocol.pdf) main-8/ErrorHandlerHelper: Failed to process pipeline
	at <map:serialize type="xml"> - file:/var/www/html/polycliniqueborinage/protocol/cocoon/../sites/preview.skeleton/sitemap.xmap:134:36
	at <map:generate type="stream"> - file:/var/www/html/polycliniqueborinage/protocol/cocoon/../sites/preview.skeleton/sitemap.xmap:130:33
	at <map:serialize type="fo2pdf"> - file:/var/www/html/polycliniqueborinage/protocol/cocoon/../sites/preview.skeleton/sitemap.xmap:157:39
	at <map:transform> - file:/var/www/html/polycliniqueborinage/protocol/cocoon/../sites/preview.skeleton/sitemap.xmap:156:58
	at <map:generate> - file:/var/www/html/polycliniqueborinage/protocol/cocoon/../sites/preview.skeleton/sitemap.xmap:155:55
org.apache.cocoon.ProcessingException: Failed to process pipeline
	at <map:serialize type="xml"> - file:/var/www/html/polycliniqueborinage/protocol/cocoon/../sites/preview.skeleton/sitemap.xmap:134:36
	at <map:generate type="stream"> - file:/var/www/html/polycliniqueborinage/protocol/cocoon/../sites/preview.skeleton/sitemap.xmap:130:33
	at <map:serialize type="fo2pdf"> - file:/var/www/html/polycliniqueborinage/protocol/cocoon/../sites/preview.skeleton/sitemap.xmap:157:39
	at <map:transform> - file:/var/www/html/polycliniqueborinage/protocol/cocoon/../sites/preview.skeleton/sitemap.xmap:156:58
	at <map:generate> - file:/var/www/html/polycliniqueborinage/protocol/cocoon/../sites/preview.skeleton/sitemap.xmap:155:55
	at org.apache.cocoon.ProcessingException.throwLocated(ProcessingException.java:145)
	at org.apache.cocoon.components.pipeline.AbstractProcessingPipeline.handleException(AbstractProcessingPipeline.java:953)
	at org.apache.cocoon.components.pipeline.AbstractProcessingPipeline.processXMLPipeline(AbstractProcessingPipeline.java:583)
	at org.apache.cocoon.components.pipeline.AbstractProcessingPipeline.process(AbstractProcessingPipeline.java:780)
	at org.apache.cocoon.components.source.impl.SitemapSource.toSAX(SitemapSource.java:414)
	at org.apache.cocoon.components.source.SourceUtil.toSAX(SourceUtil.java:101)
	at org.apache.cocoon.components.source.SourceUtil.parse(SourceUtil.java:321)
	at org.apache.cocoon.generation.FileGenerator.generate(FileGenerator.java:116)
	at org.apache.cocoon.components.pipeline.AbstractProcessingPipeline.processXMLPipeline(AbstractProcessingPipeline.java:579)
	at org.apache.cocoon.components.pipeline.AbstractProcessingPipeline.process(AbstractProcessingPipeline.java:481)
	at org.apache.cocoon.components.treeprocessor.sitemap.SerializeNode.invoke(SerializeNode.java:144)
	at org.apache.cocoon.components.treeprocessor.AbstractParentProcessingNode.invokeNodes(AbstractParentProcessingNode.java:47)
	at org.apache.cocoon.components.treeprocessor.sitemap.MatchNode.invoke(MatchNode.java:108)
	at org.apache.cocoon.components.treeprocessor.AbstractParentProcessingNode.invokeNodes(AbstractParentProcessingNode.java:69)
	at org.apache.cocoon.components.treeprocessor.sitemap.PipelineNode.invoke(PipelineNode.java:143)
	at org.apache.cocoon.components.treeprocessor.AbstractParentProcessingNode.invokeNodes(AbstractParentProcessingNode.java:69)
	at org.apache.cocoon.components.treeprocessor.sitemap.PipelinesNode.invoke(PipelinesNode.java:93)
	at org.apache.cocoon.components.treeprocessor.ConcreteTreeProcessor.process(ConcreteTreeProcessor.java:235)
	at org.apache.cocoon.components.treeprocessor.ConcreteTreeProcessor.process(ConcreteTreeProcessor.java:177)
	at org.apache.cocoon.components.treeprocessor.TreeProcessor.process(TreeProcessor.java:254)
	at org.apache.cocoon.components.treeprocessor.sitemap.MountNode.invoke(MountNode.java:118)
	at org.apache.cocoon.components.treeprocessor.AbstractParentProcessingNode.invokeNodes(AbstractParentProcessingNode.java:47)
	at org.apache.cocoon.components.treeprocessor.sitemap.MatchNode.invoke(MatchNode.java:108)
	at org.apache.cocoon.components.treeprocessor.AbstractParentProcessingNode.invokeNodes(AbstractParentProcessingNode.java:69)
	at org.apache.cocoon.components.treeprocessor.sitemap.PipelineNode.invoke(PipelineNode.java:143)
	at org.apache.cocoon.components.treeprocessor.AbstractParentProcessingNode.invokeNodes(AbstractParentProcessingNode.java:69)
	at org.apache.cocoon.components.treeprocessor.sitemap.PipelinesNode.invoke(PipelinesNode.java:93)
	at org.apache.cocoon.components.treeprocessor.ConcreteTreeProcessor.process(ConcreteTreeProcessor.java:235)
	at org.apache.cocoon.components.treeprocessor.ConcreteTreeProcessor.process(ConcreteTreeProcessor.java:177)
	at org.apache.cocoon.components.treeprocessor.TreeProcessor.process(TreeProcessor.java:254)
	at org.apache.cocoon.Cocoon.process(Cocoon.java:699)
	at org.apache.cocoon.servlet.CocoonServlet.service(CocoonServlet.java:1154)
	at javax.servlet.http.HttpServlet.service(HttpServlet.java:802)
	at org.mortbay.jetty.servlet.ServletHolder.handle(ServletHolder.java:428)
	at org.mortbay.jetty.servlet.WebApplicationHandler$CachedChain.doFilter(WebApplicationHandler.java:830)
	at nl.hippo.util.ResponseEncodingFilter.doFilter(ResponseEncodingFilter.java:51)
	at org.mortbay.jetty.servlet.WebApplicationHandler$CachedChain.doFilter(WebApplicationHandler.java:821)
	at org.mortbay.jetty.servlet.WebApplicationHandler.dispatch(WebApplicationHandler.java:471)
	at org.mortbay.jetty.servlet.ServletHandler.handle(ServletHandler.java:568)
	at org.mortbay.http.HttpContext.handle(HttpContext.java:1530)
	at org.mortbay.jetty.servlet.WebApplicationContext.handle(WebApplicationContext.java:633)
	at org.mortbay.http.HttpContext.handle(HttpContext.java:1482)
	at org.mortbay.http.HttpServer.service(HttpServer.java:909)
	at org.mortbay.http.HttpConnection.service(HttpConnection.java:816)
	at org.mortbay.http.HttpConnection.handleNext(HttpConnection.java:982)
	at org.mortbay.http.HttpConnection.handle(HttpConnection.java:833)
	at org.mortbay.http.SocketListener.handleConnection(SocketListener.java:244)
	at org.mortbay.util.ThreadedServer.handle(ThreadedServer.java:357)
	at org.mortbay.util.ThreadPool$PoolThread.run(ThreadPool.java:534)
Caused by: org.xml.sax.SAXParseException: Premature end of file.
	at org.apache.excalibur.xml.impl.JaxpParser.fatalError(JaxpParser.java:476)
	at org.apache.xerces.util.ErrorHandlerWrapper.fatalError(Unknown Source)
	at org.apache.xerces.impl.XMLErrorReporter.reportError(Unknown Source)
	at org.apache.xerces.impl.XMLErrorReporter.reportError(Unknown Source)
	at org.apache.xerces.impl.XMLErrorReporter.reportError(Unknown Source)
	at org.apache.xerces.impl.XMLVersionDetector.determineDocVersion(Unknown Source)
	at org.apache.xerces.parsers.XML11Configuration.parse(Unknown Source)
	at org.apache.xerces.parsers.XML11Configuration.parse(Unknown Source)
	at org.apache.xerces.parsers.XMLParser.parse(Unknown Source)
	at org.apache.xerces.parsers.AbstractSAXParser.parse(Unknown Source)
	at org.apache.xerces.jaxp.SAXParserImpl$JAXPSAXParser.parse(Unknown Source)
	at org.apache.excalibur.xml.impl.JaxpParser.parse(JaxpParser.java:318)
	at org.apache.excalibur.xml.impl.JaxpParser.parse(JaxpParser.java:348)
	at org.apache.cocoon.generation.StreamGenerator.generate(StreamGenerator.java:154)
	at org.apache.cocoon.components.pipeline.AbstractProcessingPipeline.processXMLPipeline(AbstractProcessingPipeline.java:579)
	... 46 more
Caused by: org.xml.sax.SAXParseException: Premature end of file.
	at org.apache.xerces.util.ErrorHandlerWrapper.createSAXParseException(Unknown Source)
	... 60 more
2012-10-08 11:51:51.512 ERROR sitemap.handled-errors                   (protocol.polycliniqueborinage.org/favicon.ico) main-9/ErrorHandlerHelper: No pipeline matched request: favicon.ico
2012-10-08 11:52:05.960 ERROR sitemap.handled-errors                   (protocol.polycliniqueborinage.org/protocol.pdf) main-7/ErrorHandlerHelper: Failed to process pipeline
	at <map:serialize type="xml"> - file:/var/www/html/polycliniqueborinage/protocol/cocoon/../sites/preview.skeleton/sitemap.xmap:134:36
	at <map:generate type="stream"> - file:/var/www/html/polycliniqueborinage/protocol/cocoon/../sites/preview.skeleton/sitemap.xmap:130:33
	at <map:serialize type="fo2pdf"> - file:/var/www/html/polycliniqueborinage/protocol/cocoon/../sites/preview.skeleton/sitemap.xmap:157:39
	at <map:transform> - file:/var/www/html/polycliniqueborinage/protocol/cocoon/../sites/preview.skeleton/sitemap.xmap:156:58
	at <map:generate> - file:/var/www/html/polycliniqueborinage/protocol/cocoon/../sites/preview.skeleton/sitemap.xmap:155:55
org.apache.cocoon.ProcessingException: Failed to process pipeline
	at <map:serialize type="xml"> - file:/var/www/html/polycliniqueborinage/protocol/cocoon/../sites/preview.skeleton/sitemap.xmap:134:36
	at <map:generate type="stream"> - file:/var/www/html/polycliniqueborinage/protocol/cocoon/../sites/preview.skeleton/sitemap.xmap:130:33
	at <map:serialize type="fo2pdf"> - file:/var/www/html/polycliniqueborinage/protocol/cocoon/../sites/preview.skeleton/sitemap.xmap:157:39
	at <map:transform> - file:/var/www/html/polycliniqueborinage/protocol/cocoon/../sites/preview.skeleton/sitemap.xmap:156:58
	at <map:generate> - file:/var/www/html/polycliniqueborinage/protocol/cocoon/../sites/preview.skeleton/sitemap.xmap:155:55
	at org.apache.cocoon.ProcessingException.throwLocated(ProcessingException.java:145)
	at org.apache.cocoon.components.pipeline.AbstractProcessingPipeline.handleException(AbstractProcessingPipeline.java:953)
	at org.apache.cocoon.components.pipeline.AbstractProcessingPipeline.processXMLPipeline(AbstractProcessingPipeline.java:583)
	at org.apache.cocoon.components.pipeline.AbstractProcessingPipeline.process(AbstractProcessingPipeline.java:780)
	at org.apache.cocoon.components.source.impl.SitemapSource.toSAX(SitemapSource.java:414)
	at org.apache.cocoon.components.source.SourceUtil.toSAX(SourceUtil.java:101)
	at org.apache.cocoon.components.source.SourceUtil.parse(SourceUtil.java:321)
	at org.apache.cocoon.generation.FileGenerator.generate(FileGenerator.java:116)
	at org.apache.cocoon.components.pipeline.AbstractProcessingPipeline.processXMLPipeline(AbstractProcessingPipeline.java:579)
	at org.apache.cocoon.components.pipeline.AbstractProcessingPipeline.process(AbstractProcessingPipeline.java:481)
	at org.apache.cocoon.components.treeprocessor.sitemap.SerializeNode.invoke(SerializeNode.java:144)
	at org.apache.cocoon.components.treeprocessor.AbstractParentProcessingNode.invokeNodes(AbstractParentProcessingNode.java:47)
	at org.apache.cocoon.components.treeprocessor.sitemap.MatchNode.invoke(MatchNode.java:108)
	at org.apache.cocoon.components.treeprocessor.AbstractParentProcessingNode.invokeNodes(AbstractParentProcessingNode.java:69)
	at org.apache.cocoon.components.treeprocessor.sitemap.PipelineNode.invoke(PipelineNode.java:143)
	at org.apache.cocoon.components.treeprocessor.AbstractParentProcessingNode.invokeNodes(AbstractParentProcessingNode.java:69)
	at org.apache.cocoon.components.treeprocessor.sitemap.PipelinesNode.invoke(PipelinesNode.java:93)
	at org.apache.cocoon.components.treeprocessor.ConcreteTreeProcessor.process(ConcreteTreeProcessor.java:235)
	at org.apache.cocoon.components.treeprocessor.ConcreteTreeProcessor.process(ConcreteTreeProcessor.java:177)
	at org.apache.cocoon.components.treeprocessor.TreeProcessor.process(TreeProcessor.java:254)
	at org.apache.cocoon.components.treeprocessor.sitemap.MountNode.invoke(MountNode.java:118)
	at org.apache.cocoon.components.treeprocessor.AbstractParentProcessingNode.invokeNodes(AbstractParentProcessingNode.java:47)
	at org.apache.cocoon.components.treeprocessor.sitemap.MatchNode.invoke(MatchNode.java:108)
	at org.apache.cocoon.components.treeprocessor.AbstractParentProcessingNode.invokeNodes(AbstractParentProcessingNode.java:69)
	at org.apache.cocoon.components.treeprocessor.sitemap.PipelineNode.invoke(PipelineNode.java:143)
	at org.apache.cocoon.components.treeprocessor.AbstractParentProcessingNode.invokeNodes(AbstractParentProcessingNode.java:69)
	at org.apache.cocoon.components.treeprocessor.sitemap.PipelinesNode.invoke(PipelinesNode.java:93)
	at org.apache.cocoon.components.treeprocessor.ConcreteTreeProcessor.process(ConcreteTreeProcessor.java:235)
	at org.apache.cocoon.components.treeprocessor.ConcreteTreeProcessor.process(ConcreteTreeProcessor.java:177)
	at org.apache.cocoon.components.treeprocessor.TreeProcessor.process(TreeProcessor.java:254)
	at org.apache.cocoon.Cocoon.process(Cocoon.java:699)
	at org.apache.cocoon.servlet.CocoonServlet.service(CocoonServlet.java:1154)
	at javax.servlet.http.HttpServlet.service(HttpServlet.java:802)
	at org.mortbay.jetty.servlet.ServletHolder.handle(ServletHolder.java:428)
	at org.mortbay.jetty.servlet.WebApplicationHandler$CachedChain.doFilter(WebApplicationHandler.java:830)
	at nl.hippo.util.ResponseEncodingFilter.doFilter(ResponseEncodingFilter.java:51)
	at org.mortbay.jetty.servlet.WebApplicationHandler$CachedChain.doFilter(WebApplicationHandler.java:821)
	at org.mortbay.jetty.servlet.WebApplicationHandler.dispatch(WebApplicationHandler.java:471)
	at org.mortbay.jetty.servlet.ServletHandler.handle(ServletHandler.java:568)
	at org.mortbay.http.HttpContext.handle(HttpContext.java:1530)
	at org.mortbay.jetty.servlet.WebApplicationContext.handle(WebApplicationContext.java:633)
	at org.mortbay.http.HttpContext.handle(HttpContext.java:1482)
	at org.mortbay.http.HttpServer.service(HttpServer.java:909)
	at org.mortbay.http.HttpConnection.service(HttpConnection.java:816)
	at org.mortbay.http.HttpConnection.handleNext(HttpConnection.java:982)
	at org.mortbay.http.HttpConnection.handle(HttpConnection.java:833)
	at org.mortbay.http.SocketListener.handleConnection(SocketListener.java:244)
	at org.mortbay.util.ThreadedServer.handle(ThreadedServer.java:357)
	at org.mortbay.util.ThreadPool$PoolThread.run(ThreadPool.java:534)
Caused by: org.xml.sax.SAXParseException: Premature end of file.
	at org.apache.excalibur.xml.impl.JaxpParser.fatalError(JaxpParser.java:476)
	at org.apache.xerces.util.ErrorHandlerWrapper.fatalError(Unknown Source)
	at org.apache.xerces.impl.XMLErrorReporter.reportError(Unknown Source)
	at org.apache.xerces.impl.XMLErrorReporter.reportError(Unknown Source)
	at org.apache.xerces.impl.XMLErrorReporter.reportError(Unknown Source)
	at org.apache.xerces.impl.XMLVersionDetector.determineDocVersion(Unknown Source)
	at org.apache.xerces.parsers.XML11Configuration.parse(Unknown Source)
	at org.apache.xerces.parsers.XML11Configuration.parse(Unknown Source)
	at org.apache.xerces.parsers.XMLParser.parse(Unknown Source)
	at org.apache.xerces.parsers.AbstractSAXParser.parse(Unknown Source)
	at org.apache.xerces.jaxp.SAXParserImpl$JAXPSAXParser.parse(Unknown Source)
	at org.apache.excalibur.xml.impl.JaxpParser.parse(JaxpParser.java:318)
	at org.apache.excalibur.xml.impl.JaxpParser.parse(JaxpParser.java:348)
	at org.apache.cocoon.generation.StreamGenerator.generate(StreamGenerator.java:154)
	at org.apache.cocoon.components.pipeline.AbstractProcessingPipeline.processXMLPipeline(AbstractProcessingPipeline.java:579)
	... 46 more
Caused by: org.xml.sax.SAXParseException: Premature end of file.
	at org.apache.xerces.util.ErrorHandlerWrapper.createSAXParseException(Unknown Source)
	... 60 more
2012-10-08 14:25:37.120 ERROR sitemap.handled-errors                   (protocol.polycliniqueborinage.org/favicon.ico) main-6/ErrorHandlerHelper: No pipeline matched request: favicon.ico
2012-10-08 15:12:05.849 ERROR sitemap.handled-errors                   (protocol.polycliniqueborinage.org/favicon.ico) main-6/ErrorHandlerHelper: No pipeline matched request: favicon.ico
2012-10-08 15:12:05.868 ERROR sitemap.handled-errors                   (protocol.polycliniqueborinage.org/favicon.ico) main-6/ErrorHandlerHelper: No pipeline matched request: favicon.ico
