2009-11-07 14:16:25.912 ERROR sitemap.handled-errors                   (192.168.100.123:55555/favicon.ico) main-8/ErrorHandlerHelper: No pipeline matched request: favicon.ico
2009-11-07 14:23:55.566 ERROR sitemap.handled-errors                   (protocol.polycliniqueborinage.org/favicon.ico) main-7/ErrorHandlerHelper: No pipeline matched request: favicon.ico
2009-11-07 14:23:57.570 ERROR sitemap.handled-errors                   (protocol.polycliniqueborinage.org/favicon.ico) main-6/ErrorHandlerHelper: No pipeline matched request: favicon.ico
2009-11-07 14:29:36.815 ERROR sitemap.handled-errors                   (192.168.100.123:55555/favicon.ico) main-6/ErrorHandlerHelper: No pipeline matched request: favicon.ico
2009-11-07 14:29:39.812 ERROR sitemap.handled-errors                   (192.168.100.123:55555/favicon.ico) main-6/ErrorHandlerHelper: No pipeline matched request: favicon.ico
2009-11-07 16:53:37.815 ERROR sitemap.handled-errors                   (192.168.100.123:55555/images/lijntje.gif) main-6/ErrorHandlerHelper: Error during resolving of the input stream
	at <map:read> - file:/home/targoo/polycliniqueborinage/protocol/cocoon/../sites/preview.skeleton/sitemap.xmap:64:69
2009-11-07 16:53:41.978 ERROR sitemap.handled-errors                   (192.168.100.123:55555/protocol.pdf) main-6/ErrorHandlerHelper: Failed to process pipeline
	at <map:serialize type="xml"> - file:/home/targoo/polycliniqueborinage/protocol/cocoon/../sites/preview.skeleton/sitemap.xmap:134:36
	at <map:generate type="stream"> - file:/home/targoo/polycliniqueborinage/protocol/cocoon/../sites/preview.skeleton/sitemap.xmap:130:33
	at <map:serialize type="fo2pdf"> - file:/home/targoo/polycliniqueborinage/protocol/cocoon/../sites/preview.skeleton/sitemap.xmap:157:39
	at <map:transform> - file:/home/targoo/polycliniqueborinage/protocol/cocoon/../sites/preview.skeleton/sitemap.xmap:156:58
	at <map:generate> - file:/home/targoo/polycliniqueborinage/protocol/cocoon/../sites/preview.skeleton/sitemap.xmap:155:55
org.apache.cocoon.ProcessingException: Failed to process pipeline
	at <map:serialize type="xml"> - file:/home/targoo/polycliniqueborinage/protocol/cocoon/../sites/preview.skeleton/sitemap.xmap:134:36
	at <map:generate type="stream"> - file:/home/targoo/polycliniqueborinage/protocol/cocoon/../sites/preview.skeleton/sitemap.xmap:130:33
	at <map:serialize type="fo2pdf"> - file:/home/targoo/polycliniqueborinage/protocol/cocoon/../sites/preview.skeleton/sitemap.xmap:157:39
	at <map:transform> - file:/home/targoo/polycliniqueborinage/protocol/cocoon/../sites/preview.skeleton/sitemap.xmap:156:58
	at <map:generate> - file:/home/targoo/polycliniqueborinage/protocol/cocoon/../sites/preview.skeleton/sitemap.xmap:155:55
	at org.apache.cocoon.ProcessingException.throwLocated(ProcessingException.java:145)
	at org.apache.cocoon.components.pipeline.AbstractProcessingPipeline.handleException(AbstractProcessingPipeline.java:953)
	at org.apache.cocoon.components.pipeline.AbstractProcessingPipeline.processXMLPipeline(AbstractProcessingPipeline.java:583)
	at org.apache.cocoon.components.pipeline.AbstractProcessingPipeline.process(AbstractProcessingPipeline.java:780)
	at org.apache.cocoon.components.source.impl.SitemapSource.toSAX(SitemapSource.java:414)
	at org.apache.cocoon.components.source.SourceUtil.toSAX(SourceUtil.java:101)
	at org.apache.cocoon.components.source.SourceUtil.parse(SourceUtil.java:321)
	at org.apache.cocoon.generation.FileGenerator.generate(FileGenerator.java:116)
	at org.apache.cocoon.components.pipeline.AbstractProcessingPipeline.processXMLPipeline(AbstractProcessingPipeline.java:579)
	at org.apache.cocoon.components.pipeline.AbstractProcessingPipeline.process(AbstractProcessingPipeline.java:481)
	at org.apache.cocoon.components.treeprocessor.sitemap.SerializeNode.invoke(SerializeNode.java:144)
	at org.apache.cocoon.components.treeprocessor.AbstractParentProcessingNode.invokeNodes(AbstractParentProcessingNode.java:47)
	at org.apache.cocoon.components.treeprocessor.sitemap.MatchNode.invoke(MatchNode.java:108)
	at org.apache.cocoon.components.treeprocessor.AbstractParentProcessingNode.invokeNodes(AbstractParentProcessingNode.java:69)
	at org.apache.cocoon.components.treeprocessor.sitemap.PipelineNode.invoke(PipelineNode.java:143)
	at org.apache.cocoon.components.treeprocessor.AbstractParentProcessingNode.invokeNodes(AbstractParentProcessingNode.java:69)
	at org.apache.cocoon.components.treeprocessor.sitemap.PipelinesNode.invoke(PipelinesNode.java:93)
	at org.apache.cocoon.components.treeprocessor.ConcreteTreeProcessor.process(ConcreteTreeProcessor.java:235)
	at org.apache.cocoon.components.treeprocessor.ConcreteTreeProcessor.process(ConcreteTreeProcessor.java:177)
	at org.apache.cocoon.components.treeprocessor.TreeProcessor.process(TreeProcessor.java:254)
	at org.apache.cocoon.components.treeprocessor.sitemap.MountNode.invoke(MountNode.java:118)
	at org.apache.cocoon.components.treeprocessor.AbstractParentProcessingNode.invokeNodes(AbstractParentProcessingNode.java:47)
	at org.apache.cocoon.components.treeprocessor.sitemap.MatchNode.invoke(MatchNode.java:108)
	at org.apache.cocoon.components.treeprocessor.AbstractParentProcessingNode.invokeNodes(AbstractParentProcessingNode.java:69)
	at org.apache.cocoon.components.treeprocessor.sitemap.PipelineNode.invoke(PipelineNode.java:143)
	at org.apache.cocoon.components.treeprocessor.AbstractParentProcessingNode.invokeNodes(AbstractParentProcessingNode.java:69)
	at org.apache.cocoon.components.treeprocessor.sitemap.PipelinesNode.invoke(PipelinesNode.java:93)
	at org.apache.cocoon.components.treeprocessor.ConcreteTreeProcessor.process(ConcreteTreeProcessor.java:235)
	at org.apache.cocoon.components.treeprocessor.ConcreteTreeProcessor.process(ConcreteTreeProcessor.java:177)
	at org.apache.cocoon.components.treeprocessor.TreeProcessor.process(TreeProcessor.java:254)
	at org.apache.cocoon.Cocoon.process(Cocoon.java:699)
	at org.apache.cocoon.servlet.CocoonServlet.service(CocoonServlet.java:1154)
	at javax.servlet.http.HttpServlet.service(HttpServlet.java:802)
	at org.mortbay.jetty.servlet.ServletHolder.handle(ServletHolder.java:428)
	at org.mortbay.jetty.servlet.WebApplicationHandler$CachedChain.doFilter(WebApplicationHandler.java:830)
	at nl.hippo.util.ResponseEncodingFilter.doFilter(ResponseEncodingFilter.java:51)
	at org.mortbay.jetty.servlet.WebApplicationHandler$CachedChain.doFilter(WebApplicationHandler.java:821)
	at org.mortbay.jetty.servlet.WebApplicationHandler.dispatch(WebApplicationHandler.java:471)
	at org.mortbay.jetty.servlet.ServletHandler.handle(ServletHandler.java:568)
	at org.mortbay.http.HttpContext.handle(HttpContext.java:1530)
	at org.mortbay.jetty.servlet.WebApplicationContext.handle(WebApplicationContext.java:633)
	at org.mortbay.http.HttpContext.handle(HttpContext.java:1482)
	at org.mortbay.http.HttpServer.service(HttpServer.java:909)
	at org.mortbay.http.HttpConnection.service(HttpConnection.java:816)
	at org.mortbay.http.HttpConnection.handleNext(HttpConnection.java:982)
	at org.mortbay.http.HttpConnection.handle(HttpConnection.java:833)
	at org.mortbay.http.SocketListener.handleConnection(SocketListener.java:244)
	at org.mortbay.util.ThreadedServer.handle(ThreadedServer.java:357)
	at org.mortbay.util.ThreadPool$PoolThread.run(ThreadPool.java:534)
Caused by: org.apache.fop.fo.ValidationException: Error(Unknown location): fo:block is not a valid child element of fo:list-block.
	at org.apache.fop.fo.FONode.invalidChildError(FONode.java:411)
	at org.apache.fop.fo.FONode.invalidChildError(FONode.java:396)
	at org.apache.fop.fo.flow.ListBlock.validateChildNode(ListBlock.java:122)
	at org.apache.fop.fo.FOTreeBuilder$MainFOHandler.startElement(FOTreeBuilder.java:302)
	at org.apache.fop.fo.FOTreeBuilder.startElement(FOTreeBuilder.java:185)
	at org.apache.cocoon.xml.AbstractXMLPipe.startElement(AbstractXMLPipe.java:95)
	at org.apache.xml.serializer.ToXMLSAXHandler.closeStartTag(ToXMLSAXHandler.java:206)
	at org.apache.xml.serializer.ToSAXHandler.flushPending(ToSAXHandler.java:279)
	at org.apache.xml.serializer.ToXMLSAXHandler.endElement(ToXMLSAXHandler.java:245)
	at org.apache.xalan.templates.ElemLiteralResult.execute(ElemLiteralResult.java:1401)
	at org.apache.xalan.transformer.TransformerImpl.executeChildTemplates(TransformerImpl.java:2400)
	at org.apache.xalan.templates.ElemChoose.execute(ElemChoose.java:141)
	at org.apache.xalan.templates.ElemApplyTemplates.transformSelectedNodes(ElemApplyTemplates.java:395)
	at org.apache.xalan.templates.ElemApplyTemplates.execute(ElemApplyTemplates.java:178)
	at org.apache.xalan.transformer.TransformerImpl.executeChildTemplates(TransformerImpl.java:2400)
	at org.apache.xalan.templates.ElemLiteralResult.execute(ElemLiteralResult.java:1376)
	at org.apache.xalan.templates.ElemApplyTemplates.transformSelectedNodes(ElemApplyTemplates.java:395)
	at org.apache.xalan.templates.ElemApplyTemplates.execute(ElemApplyTemplates.java:178)
	at org.apache.xalan.transformer.TransformerImpl.executeChildTemplates(TransformerImpl.java:2400)
	at org.apache.xalan.templates.ElemLiteralResult.execute(ElemLiteralResult.java:1376)
	at org.apache.xalan.transformer.TransformerImpl.executeChildTemplates(TransformerImpl.java:2400)
	at org.apache.xalan.templates.ElemLiteralResult.execute(ElemLiteralResult.java:1376)
	at org.apache.xalan.transformer.TransformerImpl.executeChildTemplates(TransformerImpl.java:2400)
	at org.apache.xalan.templates.ElemLiteralResult.execute(ElemLiteralResult.java:1376)
	at org.apache.xalan.transformer.TransformerImpl.executeChildTemplates(TransformerImpl.java:2400)
	at org.apache.xalan.templates.ElemLiteralResult.execute(ElemLiteralResult.java:1376)
	at org.apache.xalan.transformer.TransformerImpl.executeChildTemplates(TransformerImpl.java:2400)
	at org.apache.xalan.transformer.TransformerImpl.applyTemplateToNode(TransformerImpl.java:2270)
	at org.apache.xalan.transformer.TransformerImpl.transformNode(TransformerImpl.java:1356)
	at org.apache.xalan.transformer.TransformerImpl.run(TransformerImpl.java:3447)
	at org.apache.xalan.transformer.TransformerHandlerImpl.endDocument(TransformerHandlerImpl.java:408)
	at org.apache.cocoon.xml.AbstractXMLPipe.endDocument(AbstractXMLPipe.java:56)
	at org.apache.cocoon.transformation.TraxTransformer.endDocument(TraxTransformer.java:586)
	at org.apache.cocoon.components.EnvironmentChanger.endDocument(EnvironmentStack.java:119)
	at org.apache.xerces.parsers.AbstractSAXParser.endDocument(Unknown Source)
	at org.apache.xerces.impl.XMLDocumentScannerImpl.endEntity(Unknown Source)
	at org.apache.xerces.impl.XMLEntityManager.endEntity(Unknown Source)
	at org.apache.xerces.impl.XMLEntityScanner.load(Unknown Source)
	at org.apache.xerces.impl.XMLEntityScanner.skipSpaces(Unknown Source)
	at org.apache.xerces.impl.XMLDocumentScannerImpl$TrailingMiscDispatcher.dispatch(Unknown Source)
	at org.apache.xerces.impl.XMLDocumentFragmentScannerImpl.scanDocument(Unknown Source)
	at org.apache.xerces.parsers.XML11Configuration.parse(Unknown Source)
	at org.apache.xerces.parsers.XML11Configuration.parse(Unknown Source)
	at org.apache.xerces.parsers.XMLParser.parse(Unknown Source)
	at org.apache.xerces.parsers.AbstractSAXParser.parse(Unknown Source)
	at org.apache.xerces.jaxp.SAXParserImpl$JAXPSAXParser.parse(Unknown Source)
	at org.apache.excalibur.xml.impl.JaxpParser.parse(JaxpParser.java:318)
	at org.apache.excalibur.xml.impl.JaxpParser.parse(JaxpParser.java:348)
	at org.apache.cocoon.generation.StreamGenerator.generate(StreamGenerator.java:154)
	at org.apache.cocoon.components.pipeline.AbstractProcessingPipeline.processXMLPipeline(AbstractProcessingPipeline.java:579)
	... 46 more
2009-11-07 16:53:56.218 ERROR sitemap.handled-errors                   (192.168.100.123:55555/protocol.rtf) main-6/ErrorHandlerHelper: Failed to process pipeline
	at <map:serialize type="xml"> - file:/home/targoo/polycliniqueborinage/protocol/cocoon/../sites/preview.skeleton/sitemap.xmap:134:36
	at <map:generate type="stream"> - file:/home/targoo/polycliniqueborinage/protocol/cocoon/../sites/preview.skeleton/sitemap.xmap:130:33
	at <map:serialize type="fo2rtf"> - file:/home/targoo/polycliniqueborinage/protocol/cocoon/../sites/preview.skeleton/sitemap.xmap:163:39
	at <map:transform> - file:/home/targoo/polycliniqueborinage/protocol/cocoon/../sites/preview.skeleton/sitemap.xmap:162:58
	at <map:generate> - file:/home/targoo/polycliniqueborinage/protocol/cocoon/../sites/preview.skeleton/sitemap.xmap:161:55
org.apache.cocoon.ProcessingException: Failed to process pipeline
	at <map:serialize type="xml"> - file:/home/targoo/polycliniqueborinage/protocol/cocoon/../sites/preview.skeleton/sitemap.xmap:134:36
	at <map:generate type="stream"> - file:/home/targoo/polycliniqueborinage/protocol/cocoon/../sites/preview.skeleton/sitemap.xmap:130:33
	at <map:serialize type="fo2rtf"> - file:/home/targoo/polycliniqueborinage/protocol/cocoon/../sites/preview.skeleton/sitemap.xmap:163:39
	at <map:transform> - file:/home/targoo/polycliniqueborinage/protocol/cocoon/../sites/preview.skeleton/sitemap.xmap:162:58
	at <map:generate> - file:/home/targoo/polycliniqueborinage/protocol/cocoon/../sites/preview.skeleton/sitemap.xmap:161:55
	at org.apache.cocoon.ProcessingException.throwLocated(ProcessingException.java:145)
	at org.apache.cocoon.components.pipeline.AbstractProcessingPipeline.handleException(AbstractProcessingPipeline.java:953)
	at org.apache.cocoon.components.pipeline.AbstractProcessingPipeline.processXMLPipeline(AbstractProcessingPipeline.java:583)
	at org.apache.cocoon.components.pipeline.AbstractProcessingPipeline.process(AbstractProcessingPipeline.java:780)
	at org.apache.cocoon.components.source.impl.SitemapSource.toSAX(SitemapSource.java:414)
	at org.apache.cocoon.components.source.SourceUtil.toSAX(SourceUtil.java:101)
	at org.apache.cocoon.components.source.SourceUtil.parse(SourceUtil.java:321)
	at org.apache.cocoon.generation.FileGenerator.generate(FileGenerator.java:116)
	at org.apache.cocoon.components.pipeline.AbstractProcessingPipeline.processXMLPipeline(AbstractProcessingPipeline.java:579)
	at org.apache.cocoon.components.pipeline.AbstractProcessingPipeline.process(AbstractProcessingPipeline.java:481)
	at org.apache.cocoon.components.treeprocessor.sitemap.SerializeNode.invoke(SerializeNode.java:144)
	at org.apache.cocoon.components.treeprocessor.AbstractParentProcessingNode.invokeNodes(AbstractParentProcessingNode.java:47)
	at org.apache.cocoon.components.treeprocessor.sitemap.MatchNode.invoke(MatchNode.java:108)
	at org.apache.cocoon.components.treeprocessor.AbstractParentProcessingNode.invokeNodes(AbstractParentProcessingNode.java:69)
	at org.apache.cocoon.components.treeprocessor.sitemap.PipelineNode.invoke(PipelineNode.java:143)
	at org.apache.cocoon.components.treeprocessor.AbstractParentProcessingNode.invokeNodes(AbstractParentProcessingNode.java:69)
	at org.apache.cocoon.components.treeprocessor.sitemap.PipelinesNode.invoke(PipelinesNode.java:93)
	at org.apache.cocoon.components.treeprocessor.ConcreteTreeProcessor.process(ConcreteTreeProcessor.java:235)
	at org.apache.cocoon.components.treeprocessor.ConcreteTreeProcessor.process(ConcreteTreeProcessor.java:177)
	at org.apache.cocoon.components.treeprocessor.TreeProcessor.process(TreeProcessor.java:254)
	at org.apache.cocoon.components.treeprocessor.sitemap.MountNode.invoke(MountNode.java:118)
	at org.apache.cocoon.components.treeprocessor.AbstractParentProcessingNode.invokeNodes(AbstractParentProcessingNode.java:47)
	at org.apache.cocoon.components.treeprocessor.sitemap.MatchNode.invoke(MatchNode.java:108)
	at org.apache.cocoon.components.treeprocessor.AbstractParentProcessingNode.invokeNodes(AbstractParentProcessingNode.java:69)
	at org.apache.cocoon.components.treeprocessor.sitemap.PipelineNode.invoke(PipelineNode.java:143)
	at org.apache.cocoon.components.treeprocessor.AbstractParentProcessingNode.invokeNodes(AbstractParentProcessingNode.java:69)
	at org.apache.cocoon.components.treeprocessor.sitemap.PipelinesNode.invoke(PipelinesNode.java:93)
	at org.apache.cocoon.components.treeprocessor.ConcreteTreeProcessor.process(ConcreteTreeProcessor.java:235)
	at org.apache.cocoon.components.treeprocessor.ConcreteTreeProcessor.process(ConcreteTreeProcessor.java:177)
	at org.apache.cocoon.components.treeprocessor.TreeProcessor.process(TreeProcessor.java:254)
	at org.apache.cocoon.Cocoon.process(Cocoon.java:699)
	at org.apache.cocoon.servlet.CocoonServlet.service(CocoonServlet.java:1154)
	at javax.servlet.http.HttpServlet.service(HttpServlet.java:802)
	at org.mortbay.jetty.servlet.ServletHolder.handle(ServletHolder.java:428)
	at org.mortbay.jetty.servlet.WebApplicationHandler$CachedChain.doFilter(WebApplicationHandler.java:830)
	at nl.hippo.util.ResponseEncodingFilter.doFilter(ResponseEncodingFilter.java:51)
	at org.mortbay.jetty.servlet.WebApplicationHandler$CachedChain.doFilter(WebApplicationHandler.java:821)
	at org.mortbay.jetty.servlet.WebApplicationHandler.dispatch(WebApplicationHandler.java:471)
	at org.mortbay.jetty.servlet.ServletHandler.handle(ServletHandler.java:568)
	at org.mortbay.http.HttpContext.handle(HttpContext.java:1530)
	at org.mortbay.jetty.servlet.WebApplicationContext.handle(WebApplicationContext.java:633)
	at org.mortbay.http.HttpContext.handle(HttpContext.java:1482)
	at org.mortbay.http.HttpServer.service(HttpServer.java:909)
	at org.mortbay.http.HttpConnection.service(HttpConnection.java:816)
	at org.mortbay.http.HttpConnection.handleNext(HttpConnection.java:982)
	at org.mortbay.http.HttpConnection.handle(HttpConnection.java:833)
	at org.mortbay.http.SocketListener.handleConnection(SocketListener.java:244)
	at org.mortbay.util.ThreadedServer.handle(ThreadedServer.java:357)
	at org.mortbay.util.ThreadPool$PoolThread.run(ThreadPool.java:534)
Caused by: org.apache.fop.fo.ValidationException: Error(Unknown location): fo:block is not a valid child element of fo:list-block.
	at org.apache.fop.fo.FONode.invalidChildError(FONode.java:411)
	at org.apache.fop.fo.FONode.invalidChildError(FONode.java:396)
	at org.apache.fop.fo.flow.ListBlock.validateChildNode(ListBlock.java:122)
	at org.apache.fop.fo.FOTreeBuilder$MainFOHandler.startElement(FOTreeBuilder.java:302)
	at org.apache.fop.fo.FOTreeBuilder.startElement(FOTreeBuilder.java:185)
	at org.apache.cocoon.xml.AbstractXMLPipe.startElement(AbstractXMLPipe.java:95)
	at org.apache.xml.serializer.ToXMLSAXHandler.closeStartTag(ToXMLSAXHandler.java:206)
	at org.apache.xml.serializer.ToSAXHandler.flushPending(ToSAXHandler.java:279)
	at org.apache.xml.serializer.ToXMLSAXHandler.endElement(ToXMLSAXHandler.java:245)
	at org.apache.xalan.templates.ElemLiteralResult.execute(ElemLiteralResult.java:1401)
	at org.apache.xalan.transformer.TransformerImpl.executeChildTemplates(TransformerImpl.java:2400)
	at org.apache.xalan.templates.ElemChoose.execute(ElemChoose.java:141)
	at org.apache.xalan.templates.ElemApplyTemplates.transformSelectedNodes(ElemApplyTemplates.java:395)
	at org.apache.xalan.templates.ElemApplyTemplates.execute(ElemApplyTemplates.java:178)
	at org.apache.xalan.transformer.TransformerImpl.executeChildTemplates(TransformerImpl.java:2400)
	at org.apache.xalan.templates.ElemLiteralResult.execute(ElemLiteralResult.java:1376)
	at org.apache.xalan.templates.ElemApplyTemplates.transformSelectedNodes(ElemApplyTemplates.java:395)
	at org.apache.xalan.templates.ElemApplyTemplates.execute(ElemApplyTemplates.java:178)
	at org.apache.xalan.transformer.TransformerImpl.executeChildTemplates(TransformerImpl.java:2400)
	at org.apache.xalan.templates.ElemLiteralResult.execute(ElemLiteralResult.java:1376)
	at org.apache.xalan.transformer.TransformerImpl.executeChildTemplates(TransformerImpl.java:2400)
	at org.apache.xalan.templates.ElemLiteralResult.execute(ElemLiteralResult.java:1376)
	at org.apache.xalan.transformer.TransformerImpl.executeChildTemplates(TransformerImpl.java:2400)
	at org.apache.xalan.templates.ElemLiteralResult.execute(ElemLiteralResult.java:1376)
	at org.apache.xalan.transformer.TransformerImpl.executeChildTemplates(TransformerImpl.java:2400)
	at org.apache.xalan.templates.ElemLiteralResult.execute(ElemLiteralResult.java:1376)
	at org.apache.xalan.transformer.TransformerImpl.executeChildTemplates(TransformerImpl.java:2400)
	at org.apache.xalan.transformer.TransformerImpl.applyTemplateToNode(TransformerImpl.java:2270)
	at org.apache.xalan.transformer.TransformerImpl.transformNode(TransformerImpl.java:1356)
	at org.apache.xalan.transformer.TransformerImpl.run(TransformerImpl.java:3447)
	at org.apache.xalan.transformer.TransformerHandlerImpl.endDocument(TransformerHandlerImpl.java:408)
	at org.apache.cocoon.xml.AbstractXMLPipe.endDocument(AbstractXMLPipe.java:56)
	at org.apache.cocoon.transformation.TraxTransformer.endDocument(TraxTransformer.java:586)
	at org.apache.cocoon.components.EnvironmentChanger.endDocument(EnvironmentStack.java:119)
	at org.apache.xerces.parsers.AbstractSAXParser.endDocument(Unknown Source)
	at org.apache.xerces.impl.XMLDocumentScannerImpl.endEntity(Unknown Source)
	at org.apache.xerces.impl.XMLEntityManager.endEntity(Unknown Source)
	at org.apache.xerces.impl.XMLEntityScanner.load(Unknown Source)
	at org.apache.xerces.impl.XMLEntityScanner.skipSpaces(Unknown Source)
	at org.apache.xerces.impl.XMLDocumentScannerImpl$TrailingMiscDispatcher.dispatch(Unknown Source)
	at org.apache.xerces.impl.XMLDocumentFragmentScannerImpl.scanDocument(Unknown Source)
	at org.apache.xerces.parsers.XML11Configuration.parse(Unknown Source)
	at org.apache.xerces.parsers.XML11Configuration.parse(Unknown Source)
	at org.apache.xerces.parsers.XMLParser.parse(Unknown Source)
	at org.apache.xerces.parsers.AbstractSAXParser.parse(Unknown Source)
	at org.apache.xerces.jaxp.SAXParserImpl$JAXPSAXParser.parse(Unknown Source)
	at org.apache.excalibur.xml.impl.JaxpParser.parse(JaxpParser.java:318)
	at org.apache.excalibur.xml.impl.JaxpParser.parse(JaxpParser.java:348)
	at org.apache.cocoon.generation.StreamGenerator.generate(StreamGenerator.java:154)
	at org.apache.cocoon.components.pipeline.AbstractProcessingPipeline.processXMLPipeline(AbstractProcessingPipeline.java:579)
	... 46 more
2009-11-07 17:49:42.837 ERROR sitemap.handled-errors                   (192.168.100.123:55555/favicon.ico) main-6/ErrorHandlerHelper: No pipeline matched request: favicon.ico
2009-11-07 17:49:45.796 ERROR sitemap.handled-errors                   (192.168.100.123:55555/favicon.ico) main-6/ErrorHandlerHelper: No pipeline matched request: favicon.ico
2009-11-07 18:47:52.001 ERROR sitemap.handled-errors                   (protocol.polycliniqueborinage.org/protocol.html) main-6/ErrorHandlerHelper: Exception in StreamGenerator.generate()
	at <map:serialize type="xml"> - file:/home/targoo/polycliniqueborinage/protocol/cocoon/../sites/preview.skeleton/sitemap.xmap:134:36
	at <map:generate type="stream"> - file:/home/targoo/polycliniqueborinage/protocol/cocoon/../sites/preview.skeleton/sitemap.xmap:130:33
	at <map:serialize type="html"> - file:/home/targoo/polycliniqueborinage/protocol/cocoon/../sites/preview.skeleton/sitemap.xmap:145:37
	at <map:transform> - file:/home/targoo/polycliniqueborinage/protocol/cocoon/../sites/preview.skeleton/sitemap.xmap:144:59
	at <map:generate> - file:/home/targoo/polycliniqueborinage/protocol/cocoon/../sites/preview.skeleton/sitemap.xmap:143:55
org.apache.cocoon.ProcessingException: Exception in StreamGenerator.generate()
	at <map:serialize type="xml"> - file:/home/targoo/polycliniqueborinage/protocol/cocoon/../sites/preview.skeleton/sitemap.xmap:134:36
	at <map:generate type="stream"> - file:/home/targoo/polycliniqueborinage/protocol/cocoon/../sites/preview.skeleton/sitemap.xmap:130:33
	at <map:serialize type="html"> - file:/home/targoo/polycliniqueborinage/protocol/cocoon/../sites/preview.skeleton/sitemap.xmap:145:37
	at <map:transform> - file:/home/targoo/polycliniqueborinage/protocol/cocoon/../sites/preview.skeleton/sitemap.xmap:144:59
	at <map:generate> - file:/home/targoo/polycliniqueborinage/protocol/cocoon/../sites/preview.skeleton/sitemap.xmap:143:55
	at org.apache.cocoon.generation.StreamGenerator.generate(StreamGenerator.java:163)
	at org.apache.cocoon.components.pipeline.AbstractProcessingPipeline.processXMLPipeline(AbstractProcessingPipeline.java:579)
	at org.apache.cocoon.components.pipeline.AbstractProcessingPipeline.process(AbstractProcessingPipeline.java:780)
	at org.apache.cocoon.components.source.impl.SitemapSource.toSAX(SitemapSource.java:414)
	at org.apache.cocoon.components.source.SourceUtil.toSAX(SourceUtil.java:101)
	at org.apache.cocoon.components.source.SourceUtil.parse(SourceUtil.java:321)
	at org.apache.cocoon.generation.FileGenerator.generate(FileGenerator.java:116)
	at org.apache.cocoon.components.pipeline.AbstractProcessingPipeline.processXMLPipeline(AbstractProcessingPipeline.java:579)
	at org.apache.cocoon.components.pipeline.AbstractProcessingPipeline.process(AbstractProcessingPipeline.java:481)
	at org.apache.cocoon.components.treeprocessor.sitemap.SerializeNode.invoke(SerializeNode.java:144)
	at org.apache.cocoon.components.treeprocessor.AbstractParentProcessingNode.invokeNodes(AbstractParentProcessingNode.java:47)
	at org.apache.cocoon.components.treeprocessor.sitemap.MatchNode.invoke(MatchNode.java:108)
	at org.apache.cocoon.components.treeprocessor.AbstractParentProcessingNode.invokeNodes(AbstractParentProcessingNode.java:69)
	at org.apache.cocoon.components.treeprocessor.sitemap.PipelineNode.invoke(PipelineNode.java:143)
	at org.apache.cocoon.components.treeprocessor.AbstractParentProcessingNode.invokeNodes(AbstractParentProcessingNode.java:69)
	at org.apache.cocoon.components.treeprocessor.sitemap.PipelinesNode.invoke(PipelinesNode.java:93)
	at org.apache.cocoon.components.treeprocessor.ConcreteTreeProcessor.process(ConcreteTreeProcessor.java:235)
	at org.apache.cocoon.components.treeprocessor.ConcreteTreeProcessor.process(ConcreteTreeProcessor.java:177)
	at org.apache.cocoon.components.treeprocessor.TreeProcessor.process(TreeProcessor.java:254)
	at org.apache.cocoon.components.treeprocessor.sitemap.MountNode.invoke(MountNode.java:118)
	at org.apache.cocoon.components.treeprocessor.AbstractParentProcessingNode.invokeNodes(AbstractParentProcessingNode.java:47)
	at org.apache.cocoon.components.treeprocessor.sitemap.MatchNode.invoke(MatchNode.java:108)
	at org.apache.cocoon.components.treeprocessor.AbstractParentProcessingNode.invokeNodes(AbstractParentProcessingNode.java:69)
	at org.apache.cocoon.components.treeprocessor.sitemap.PipelineNode.invoke(PipelineNode.java:143)
	at org.apache.cocoon.components.treeprocessor.AbstractParentProcessingNode.invokeNodes(AbstractParentProcessingNode.java:69)
	at org.apache.cocoon.components.treeprocessor.sitemap.PipelinesNode.invoke(PipelinesNode.java:93)
	at org.apache.cocoon.components.treeprocessor.ConcreteTreeProcessor.process(ConcreteTreeProcessor.java:235)
	at org.apache.cocoon.components.treeprocessor.ConcreteTreeProcessor.process(ConcreteTreeProcessor.java:177)
	at org.apache.cocoon.components.treeprocessor.TreeProcessor.process(TreeProcessor.java:254)
	at org.apache.cocoon.Cocoon.process(Cocoon.java:699)
	at org.apache.cocoon.servlet.CocoonServlet.service(CocoonServlet.java:1154)
	at javax.servlet.http.HttpServlet.service(HttpServlet.java:802)
	at org.mortbay.jetty.servlet.ServletHolder.handle(ServletHolder.java:428)
	at org.mortbay.jetty.servlet.WebApplicationHandler$CachedChain.doFilter(WebApplicationHandler.java:830)
	at nl.hippo.util.ResponseEncodingFilter.doFilter(ResponseEncodingFilter.java:51)
	at org.mortbay.jetty.servlet.WebApplicationHandler$CachedChain.doFilter(WebApplicationHandler.java:821)
	at org.mortbay.jetty.servlet.WebApplicationHandler.dispatch(WebApplicationHandler.java:471)
	at org.mortbay.jetty.servlet.ServletHandler.handle(ServletHandler.java:568)
	at org.mortbay.http.HttpContext.handle(HttpContext.java:1530)
	at org.mortbay.jetty.servlet.WebApplicationContext.handle(WebApplicationContext.java:633)
	at org.mortbay.http.HttpContext.handle(HttpContext.java:1482)
	at org.mortbay.http.HttpServer.service(HttpServer.java:909)
	at org.mortbay.http.HttpConnection.service(HttpConnection.java:816)
	at org.mortbay.http.HttpConnection.handleNext(HttpConnection.java:982)
	at org.mortbay.http.HttpConnection.handle(HttpConnection.java:833)
	at org.mortbay.http.SocketListener.handleConnection(SocketListener.java:244)
	at org.mortbay.util.ThreadedServer.handle(ThreadedServer.java:357)
	at org.mortbay.util.ThreadPool$PoolThread.run(ThreadPool.java:534)
Caused by: org.apache.cocoon.ProcessingException: Unknown request object encountered named protocol : null
	at org.apache.cocoon.generation.StreamGenerator.generate(StreamGenerator.java:122)
	... 47 more
2009-11-07 21:25:57.787 ERROR sitemap.handled-errors                   (protocol.polycliniqueborinage.org/favicon.ico) main-6/ErrorHandlerHelper: No pipeline matched request: favicon.ico
2009-11-07 21:26:00.795 ERROR sitemap.handled-errors                   (protocol.polycliniqueborinage.org/favicon.ico) main-7/ErrorHandlerHelper: No pipeline matched request: favicon.ico
