2011-06-17 08:07:10.397 ERROR sitemap.handled-errors                   (protocol.polycliniqueborinage.org/favicon.ico) main-7/ErrorHandlerHelper: No pipeline matched request: favicon.ico
2011-06-17 08:07:12.910 ERROR sitemap.handled-errors                   (protocol.polycliniqueborinage.org/favicon.ico) main-9/ErrorHandlerHelper: No pipeline matched request: favicon.ico
2011-06-17 10:17:38.807 ERROR sitemap.handled-errors                   (192.168.100.123:55555/favicon.ico) main-5/ErrorHandlerHelper: No pipeline matched request: favicon.ico
2011-06-17 10:17:38.828 ERROR sitemap.handled-errors                   (192.168.100.123:55555/favicon.ico) main-5/ErrorHandlerHelper: No pipeline matched request: favicon.ico
2011-06-17 14:07:27.401 ERROR sitemap.handled-errors                   (protocol.polycliniqueborinage.org/protocol.pdf) main-5/ErrorHandlerHelper: Exception in StreamGenerator.generate()
	at <map:serialize type="xml"> - file:/var/www/html/polycliniqueborinage/protocol/cocoon/../sites/preview.skeleton/sitemap.xmap:134:36
	at <map:generate type="stream"> - file:/var/www/html/polycliniqueborinage/protocol/cocoon/../sites/preview.skeleton/sitemap.xmap:130:33
	at <map:serialize type="fo2pdf"> - file:/var/www/html/polycliniqueborinage/protocol/cocoon/../sites/preview.skeleton/sitemap.xmap:157:39
	at <map:transform> - file:/var/www/html/polycliniqueborinage/protocol/cocoon/../sites/preview.skeleton/sitemap.xmap:156:58
	at <map:generate> - file:/var/www/html/polycliniqueborinage/protocol/cocoon/../sites/preview.skeleton/sitemap.xmap:155:55
org.apache.cocoon.ProcessingException: Exception in StreamGenerator.generate()
	at <map:serialize type="xml"> - file:/var/www/html/polycliniqueborinage/protocol/cocoon/../sites/preview.skeleton/sitemap.xmap:134:36
	at <map:generate type="stream"> - file:/var/www/html/polycliniqueborinage/protocol/cocoon/../sites/preview.skeleton/sitemap.xmap:130:33
	at <map:serialize type="fo2pdf"> - file:/var/www/html/polycliniqueborinage/protocol/cocoon/../sites/preview.skeleton/sitemap.xmap:157:39
	at <map:transform> - file:/var/www/html/polycliniqueborinage/protocol/cocoon/../sites/preview.skeleton/sitemap.xmap:156:58
	at <map:generate> - file:/var/www/html/polycliniqueborinage/protocol/cocoon/../sites/preview.skeleton/sitemap.xmap:155:55
	at org.apache.cocoon.generation.StreamGenerator.generate(StreamGenerator.java:163)
	at org.apache.cocoon.components.pipeline.AbstractProcessingPipeline.processXMLPipeline(AbstractProcessingPipeline.java:579)
	at org.apache.cocoon.components.pipeline.AbstractProcessingPipeline.process(AbstractProcessingPipeline.java:780)
	at org.apache.cocoon.components.source.impl.SitemapSource.toSAX(SitemapSource.java:414)
	at org.apache.cocoon.components.source.SourceUtil.toSAX(SourceUtil.java:101)
	at org.apache.cocoon.components.source.SourceUtil.parse(SourceUtil.java:321)
	at org.apache.cocoon.generation.FileGenerator.generate(FileGenerator.java:116)
	at org.apache.cocoon.components.pipeline.AbstractProcessingPipeline.processXMLPipeline(AbstractProcessingPipeline.java:579)
	at org.apache.cocoon.components.pipeline.AbstractProcessingPipeline.process(AbstractProcessingPipeline.java:481)
	at org.apache.cocoon.components.treeprocessor.sitemap.SerializeNode.invoke(SerializeNode.java:144)
	at org.apache.cocoon.components.treeprocessor.AbstractParentProcessingNode.invokeNodes(AbstractParentProcessingNode.java:47)
	at org.apache.cocoon.components.treeprocessor.sitemap.MatchNode.invoke(MatchNode.java:108)
	at org.apache.cocoon.components.treeprocessor.AbstractParentProcessingNode.invokeNodes(AbstractParentProcessingNode.java:69)
	at org.apache.cocoon.components.treeprocessor.sitemap.PipelineNode.invoke(PipelineNode.java:143)
	at org.apache.cocoon.components.treeprocessor.AbstractParentProcessingNode.invokeNodes(AbstractParentProcessingNode.java:69)
	at org.apache.cocoon.components.treeprocessor.sitemap.PipelinesNode.invoke(PipelinesNode.java:93)
	at org.apache.cocoon.components.treeprocessor.ConcreteTreeProcessor.process(ConcreteTreeProcessor.java:235)
	at org.apache.cocoon.components.treeprocessor.ConcreteTreeProcessor.process(ConcreteTreeProcessor.java:177)
	at org.apache.cocoon.components.treeprocessor.TreeProcessor.process(TreeProcessor.java:254)
	at org.apache.cocoon.components.treeprocessor.sitemap.MountNode.invoke(MountNode.java:118)
	at org.apache.cocoon.components.treeprocessor.AbstractParentProcessingNode.invokeNodes(AbstractParentProcessingNode.java:47)
	at org.apache.cocoon.components.treeprocessor.sitemap.MatchNode.invoke(MatchNode.java:108)
	at org.apache.cocoon.components.treeprocessor.AbstractParentProcessingNode.invokeNodes(AbstractParentProcessingNode.java:69)
	at org.apache.cocoon.components.treeprocessor.sitemap.PipelineNode.invoke(PipelineNode.java:143)
	at org.apache.cocoon.components.treeprocessor.AbstractParentProcessingNode.invokeNodes(AbstractParentProcessingNode.java:69)
	at org.apache.cocoon.components.treeprocessor.sitemap.PipelinesNode.invoke(PipelinesNode.java:93)
	at org.apache.cocoon.components.treeprocessor.ConcreteTreeProcessor.process(ConcreteTreeProcessor.java:235)
	at org.apache.cocoon.components.treeprocessor.ConcreteTreeProcessor.process(ConcreteTreeProcessor.java:177)
	at org.apache.cocoon.components.treeprocessor.TreeProcessor.process(TreeProcessor.java:254)
	at org.apache.cocoon.Cocoon.process(Cocoon.java:699)
	at org.apache.cocoon.servlet.CocoonServlet.service(CocoonServlet.java:1154)
	at javax.servlet.http.HttpServlet.service(HttpServlet.java:802)
	at org.mortbay.jetty.servlet.ServletHolder.handle(ServletHolder.java:428)
	at org.mortbay.jetty.servlet.WebApplicationHandler$CachedChain.doFilter(WebApplicationHandler.java:830)
	at nl.hippo.util.ResponseEncodingFilter.doFilter(ResponseEncodingFilter.java:51)
	at org.mortbay.jetty.servlet.WebApplicationHandler$CachedChain.doFilter(WebApplicationHandler.java:821)
	at org.mortbay.jetty.servlet.WebApplicationHandler.dispatch(WebApplicationHandler.java:471)
	at org.mortbay.jetty.servlet.ServletHandler.handle(ServletHandler.java:568)
	at org.mortbay.http.HttpContext.handle(HttpContext.java:1530)
	at org.mortbay.jetty.servlet.WebApplicationContext.handle(WebApplicationContext.java:633)
	at org.mortbay.http.HttpContext.handle(HttpContext.java:1482)
	at org.mortbay.http.HttpServer.service(HttpServer.java:909)
	at org.mortbay.http.HttpConnection.service(HttpConnection.java:816)
	at org.mortbay.http.HttpConnection.handleNext(HttpConnection.java:982)
	at org.mortbay.http.HttpConnection.handle(HttpConnection.java:833)
	at org.mortbay.http.SocketListener.handleConnection(SocketListener.java:244)
	at org.mortbay.util.ThreadedServer.handle(ThreadedServer.java:357)
	at org.mortbay.util.ThreadPool$PoolThread.run(ThreadPool.java:534)
Caused by: org.apache.cocoon.ProcessingException: Unknown request object encountered named protocol : null
	at org.apache.cocoon.generation.StreamGenerator.generate(StreamGenerator.java:122)
	... 47 more
2011-06-17 14:07:28.045 ERROR sitemap.handled-errors                   (protocol.polycliniqueborinage.org/favicon.ico) main-5/ErrorHandlerHelper: No pipeline matched request: favicon.ico
2011-06-17 14:07:30.562 ERROR sitemap.handled-errors                   (protocol.polycliniqueborinage.org/favicon.ico) main-5/ErrorHandlerHelper: No pipeline matched request: favicon.ico
2011-06-17 16:41:42.141 ERROR sitemap.handled-errors                   (192.168.100.123:55555/favicon.ico) main-5/ErrorHandlerHelper: No pipeline matched request: favicon.ico
