2013-07-03 03:53:41,891 ERROR org.apache.fop.fo.PropertyList           Ignoring property: font="italic 13pt sans-serif" (No conversion defined italic; property:'font')
2013-07-03 03:53:41,892 ERROR org.apache.fop.fo.PropertyList           Ignoring property: font="italic 13pt sans-serif" (No conversion defined italic; property:'font')
2013-07-03 03:53:41,893 WARN  org.apache.fop.render.rtf.RTFHandler     Ignored deferred event for org.apache.fop.fo.flow.Leader@adaaca
2013-07-03 03:53:41,893 WARN  org.apache.fop.render.rtf.RTFHandler     Ignored deferred event for org.apache.fop.fo.flow.Leader@adaaca
2013-07-03 03:56:13,497 ERROR org.apache.fop.fo.PropertyList           Ignoring property: font="italic 13pt sans-serif" (No conversion defined italic; property:'font')
2013-07-03 03:56:13,497 ERROR org.apache.fop.fo.PropertyList           Ignoring property: font="italic 13pt sans-serif" (No conversion defined italic; property:'font')
2013-07-03 03:56:13,499 WARN  org.apache.fop.render.rtf.RTFHandler     Ignored deferred event for org.apache.fop.fo.flow.Leader@44f4c8
2013-07-03 03:56:13,499 WARN  org.apache.fop.render.rtf.RTFHandler     Ignored deferred event for org.apache.fop.fo.flow.Leader@44f4c8
2013-07-03 07:33:05,736 ERROR org.apache.fop.fo.PropertyList           Ignoring property: font="italic 13pt sans-serif" (No conversion defined italic; property:'font')
2013-07-03 07:33:05,736 ERROR org.apache.fop.fo.PropertyList           Ignoring property: font="italic 13pt sans-serif" (No conversion defined italic; property:'font')
2013-07-03 07:33:05,738 WARN  org.apache.fop.render.rtf.RTFHandler     Ignored deferred event for org.apache.fop.fo.flow.Leader@1ab7bce
2013-07-03 07:33:05,738 WARN  org.apache.fop.render.rtf.RTFHandler     Ignored deferred event for org.apache.fop.fo.flow.Leader@1ab7bce
2013-07-03 09:11:35,702 ERROR org.apache.fop.fo.PropertyList           Ignoring property: font="italic 13pt sans-serif" (No conversion defined italic; property:'font')
2013-07-03 09:11:35,703 ERROR org.apache.fop.fo.PropertyList           Ignoring property: font="italic 13pt sans-serif" (No conversion defined italic; property:'font')
2013-07-03 09:11:35,711 WARN  g.apache.fop.layoutmgr.BreakingAlgorithm Line 1 of a paragraph overflows the available area. (fo:block, no context info available)
2013-07-03 09:12:16,430 ERROR org.apache.fop.fo.PropertyList           Ignoring property: font="italic 13pt sans-serif" (No conversion defined italic; property:'font')
2013-07-03 09:12:16,430 ERROR org.apache.fop.fo.PropertyList           Ignoring property: font="italic 13pt sans-serif" (No conversion defined italic; property:'font')
2013-07-03 09:12:16,440 WARN  g.apache.fop.layoutmgr.BreakingAlgorithm Line 1 of a paragraph overflows the available area. (fo:block, no context info available)
2013-07-03 09:19:25,195 ERROR org.apache.fop.fo.PropertyList           Ignoring property: font="italic 13pt sans-serif" (No conversion defined italic; property:'font')
2013-07-03 09:19:25,195 ERROR org.apache.fop.fo.PropertyList           Ignoring property: font="italic 13pt sans-serif" (No conversion defined italic; property:'font')
2013-07-03 09:19:25,203 WARN  g.apache.fop.layoutmgr.BreakingAlgorithm Line 1 of a paragraph overflows the available area. (fo:block, no context info available)
2013-07-03 09:22:50,358 ERROR org.apache.fop.fo.PropertyList           Ignoring property: font="italic 13pt sans-serif" (No conversion defined italic; property:'font')
2013-07-03 09:22:50,358 ERROR org.apache.fop.fo.PropertyList           Ignoring property: font="italic 13pt sans-serif" (No conversion defined italic; property:'font')
2013-07-03 09:22:50,365 WARN  g.apache.fop.layoutmgr.BreakingAlgorithm Line 1 of a paragraph overflows the available area. (fo:block, no context info available)
2013-07-03 09:25:30,313 ERROR org.apache.fop.fo.PropertyList           Ignoring property: font="italic 13pt sans-serif" (No conversion defined italic; property:'font')
2013-07-03 09:25:30,313 ERROR org.apache.fop.fo.PropertyList           Ignoring property: font="italic 13pt sans-serif" (No conversion defined italic; property:'font')
2013-07-03 09:25:30,323 WARN  g.apache.fop.layoutmgr.BreakingAlgorithm Line 1 of a paragraph overflows the available area. (fo:block, no context info available)
2013-07-03 09:26:43,026 ERROR org.apache.fop.fo.PropertyList           Ignoring property: font="italic 13pt sans-serif" (No conversion defined italic; property:'font')
2013-07-03 09:26:43,026 ERROR org.apache.fop.fo.PropertyList           Ignoring property: font="italic 13pt sans-serif" (No conversion defined italic; property:'font')
2013-07-03 09:26:43,037 WARN  g.apache.fop.layoutmgr.BreakingAlgorithm Line 1 of a paragraph overflows the available area. (fo:block, no context info available)
2013-07-03 09:26:43,040 WARN  g.apache.fop.layoutmgr.BreakingAlgorithm Line 1 of a paragraph overflows the available area. (fo:block, no context info available)
2013-07-03 09:35:00,492 ERROR org.apache.fop.fo.PropertyList           Ignoring property: font="italic 13pt sans-serif" (No conversion defined italic; property:'font')
2013-07-03 09:35:00,492 ERROR org.apache.fop.fo.PropertyList           Ignoring property: font="italic 13pt sans-serif" (No conversion defined italic; property:'font')
2013-07-03 09:35:00,501 WARN  g.apache.fop.layoutmgr.BreakingAlgorithm Line 1 of a paragraph overflows the available area. (fo:block, no context info available)
2013-07-03 09:37:56,222 ERROR org.apache.fop.fo.PropertyList           Ignoring property: font="italic 13pt sans-serif" (No conversion defined italic; property:'font')
2013-07-03 09:37:56,222 ERROR org.apache.fop.fo.PropertyList           Ignoring property: font="italic 13pt sans-serif" (No conversion defined italic; property:'font')
2013-07-03 09:37:56,230 WARN  g.apache.fop.layoutmgr.BreakingAlgorithm Line 1 of a paragraph overflows the available area. (fo:block, no context info available)
2013-07-03 09:39:20,805 ERROR org.apache.fop.fo.PropertyList           Ignoring property: font="italic 13pt sans-serif" (No conversion defined italic; property:'font')
2013-07-03 09:39:20,805 ERROR org.apache.fop.fo.PropertyList           Ignoring property: font="italic 13pt sans-serif" (No conversion defined italic; property:'font')
2013-07-03 09:39:20,813 WARN  g.apache.fop.layoutmgr.BreakingAlgorithm Line 1 of a paragraph overflows the available area. (fo:block, no context info available)
2013-07-03 09:40:05,120 ERROR org.apache.fop.fo.PropertyList           Ignoring property: font="italic 13pt sans-serif" (No conversion defined italic; property:'font')
2013-07-03 09:40:05,121 ERROR org.apache.fop.fo.PropertyList           Ignoring property: font="italic 13pt sans-serif" (No conversion defined italic; property:'font')
2013-07-03 09:40:05,129 WARN  g.apache.fop.layoutmgr.BreakingAlgorithm Line 1 of a paragraph overflows the available area. (fo:block, no context info available)
2013-07-03 09:44:47,040 ERROR org.apache.fop.fo.PropertyList           Ignoring property: font="italic 13pt sans-serif" (No conversion defined italic; property:'font')
2013-07-03 09:44:47,040 ERROR org.apache.fop.fo.PropertyList           Ignoring property: font="italic 13pt sans-serif" (No conversion defined italic; property:'font')
2013-07-03 09:44:47,050 WARN  g.apache.fop.layoutmgr.BreakingAlgorithm Line 1 of a paragraph overflows the available area. (fo:block, no context info available)
2013-07-03 09:44:47,052 WARN  g.apache.fop.layoutmgr.BreakingAlgorithm Line 1 of a paragraph overflows the available area. (fo:block, no context info available)
2013-07-03 09:44:56,604 ERROR org.apache.fop.fo.PropertyList           Ignoring property: font="italic 13pt sans-serif" (No conversion defined italic; property:'font')
2013-07-03 09:44:56,605 ERROR org.apache.fop.fo.PropertyList           Ignoring property: font="italic 13pt sans-serif" (No conversion defined italic; property:'font')
2013-07-03 09:44:56,607 WARN  org.apache.fop.render.rtf.RTFHandler     Ignored deferred event for org.apache.fop.fo.flow.Leader@12643ae
2013-07-03 09:44:56,607 WARN  org.apache.fop.render.rtf.RTFHandler     Ignored deferred event for org.apache.fop.fo.flow.Leader@12643ae
2013-07-03 10:07:57,750 ERROR org.apache.fop.fo.PropertyList           Ignoring property: font="italic 13pt sans-serif" (No conversion defined italic; property:'font')
2013-07-03 10:07:57,751 ERROR org.apache.fop.fo.PropertyList           Ignoring property: font="italic 13pt sans-serif" (No conversion defined italic; property:'font')
2013-07-03 10:07:57,752 WARN  org.apache.fop.render.rtf.RTFHandler     Ignored deferred event for org.apache.fop.fo.flow.Leader@10bcebc
2013-07-03 10:07:57,752 WARN  org.apache.fop.render.rtf.RTFHandler     Ignored deferred event for org.apache.fop.fo.flow.Leader@10bcebc
2013-07-03 10:08:31,145 ERROR org.apache.fop.fo.PropertyList           Ignoring property: font="italic 13pt sans-serif" (No conversion defined italic; property:'font')
2013-07-03 10:08:31,145 ERROR org.apache.fop.fo.PropertyList           Ignoring property: font="italic 13pt sans-serif" (No conversion defined italic; property:'font')
2013-07-03 10:08:31,146 WARN  org.apache.fop.render.rtf.RTFHandler     Ignored deferred event for org.apache.fop.fo.flow.Leader@18e0709
2013-07-03 10:08:31,146 WARN  org.apache.fop.render.rtf.RTFHandler     Ignored deferred event for org.apache.fop.fo.flow.Leader@18e0709
2013-07-03 10:09:21,321 ERROR org.apache.fop.fo.PropertyList           Ignoring property: font="italic 13pt sans-serif" (No conversion defined italic; property:'font')
2013-07-03 10:09:21,322 ERROR org.apache.fop.fo.PropertyList           Ignoring property: font="italic 13pt sans-serif" (No conversion defined italic; property:'font')
2013-07-03 10:09:21,323 WARN  org.apache.fop.render.rtf.RTFHandler     Ignored deferred event for org.apache.fop.fo.flow.Leader@24d38a
2013-07-03 10:09:21,323 WARN  org.apache.fop.render.rtf.RTFHandler     Ignored deferred event for org.apache.fop.fo.flow.Leader@24d38a
2013-07-03 10:13:01,526 ERROR org.apache.fop.fo.PropertyList           Ignoring property: font="italic 13pt sans-serif" (No conversion defined italic; property:'font')
2013-07-03 10:13:01,526 ERROR org.apache.fop.fo.PropertyList           Ignoring property: font="italic 13pt sans-serif" (No conversion defined italic; property:'font')
2013-07-03 10:13:01,536 WARN  g.apache.fop.layoutmgr.BreakingAlgorithm Line 1 of a paragraph overflows the available area. (fo:block, no context info available)
2013-07-03 10:13:01,538 WARN  g.apache.fop.layoutmgr.BreakingAlgorithm Line 1 of a paragraph overflows the available area. (fo:block, no context info available)
2013-07-03 10:13:12,455 ERROR org.apache.fop.fo.PropertyList           Ignoring property: font="italic 13pt sans-serif" (No conversion defined italic; property:'font')
2013-07-03 10:13:12,455 ERROR org.apache.fop.fo.PropertyList           Ignoring property: font="italic 13pt sans-serif" (No conversion defined italic; property:'font')
2013-07-03 10:13:12,457 WARN  org.apache.fop.render.rtf.RTFHandler     Ignored deferred event for org.apache.fop.fo.flow.Leader@18e3158
2013-07-03 10:13:12,457 WARN  org.apache.fop.render.rtf.RTFHandler     Ignored deferred event for org.apache.fop.fo.flow.Leader@18e3158
2013-07-03 10:13:59,794 ERROR org.apache.fop.fo.PropertyList           Ignoring property: font="italic 13pt sans-serif" (No conversion defined italic; property:'font')
2013-07-03 10:13:59,795 ERROR org.apache.fop.fo.PropertyList           Ignoring property: font="italic 13pt sans-serif" (No conversion defined italic; property:'font')
2013-07-03 10:13:59,802 WARN  g.apache.fop.layoutmgr.BreakingAlgorithm Line 1 of a paragraph overflows the available area. (fo:block, no context info available)
2013-07-03 10:14:29,118 ERROR org.apache.fop.fo.PropertyList           Ignoring property: font="italic 13pt sans-serif" (No conversion defined italic; property:'font')
2013-07-03 10:14:29,118 ERROR org.apache.fop.fo.PropertyList           Ignoring property: font="italic 13pt sans-serif" (No conversion defined italic; property:'font')
2013-07-03 10:14:29,119 WARN  org.apache.fop.render.rtf.RTFHandler     Ignored deferred event for org.apache.fop.fo.flow.Leader@1bceb82
2013-07-03 10:14:29,120 WARN  org.apache.fop.render.rtf.RTFHandler     Ignored deferred event for org.apache.fop.fo.flow.Leader@1bceb82
2013-07-03 18:22:43,966 WARN  .auxiliary.disk.indexed.IndexedDiskCache Region [store] Disk cache not shutdown properly, shutting down now.
2013-07-03 18:22:43,968 WARN  .auxiliary.disk.indexed.IndexedDiskCache Region [repostore] Disk cache not shutdown properly, shutting down now.
2013-07-03 18:22:43,968 WARN  .auxiliary.disk.indexed.IndexedDiskCache Region [binarystore] Disk cache not shutdown properly, shutting down now.
2013-07-03 18:22:44,025 WARN  .auxiliary.disk.indexed.IndexedDiskCache Region [binarystore] Reseting cache
2013-07-03 18:22:44,027 WARN  .auxiliary.disk.indexed.IndexedDiskCache Region [repostore] Reseting cache
2013-07-03 18:22:44,028 WARN  .auxiliary.disk.indexed.IndexedDiskCache Region [store] Reseting cache
