2013-09-06 03:55:50,305 ERROR .fop.fo.extensions.svg.SVGElementMapping Error while initializing the Batik SVG extensions
java.lang.NoClassDefFoundError: org/apache/batik/util/XMLResourceDescriptor
	at org.apache.fop.fo.extensions.svg.SVGElementMapping.initialize(SVGElementMapping.java:80)
	at org.apache.fop.fo.ElementMapping.getTable(ElementMapping.java:52)
	at org.apache.fop.fo.ElementMappingRegistry.addElementMapping(ElementMappingRegistry.java:117)
	at org.apache.fop.fo.ElementMappingRegistry.addElementMapping(ElementMappingRegistry.java:96)
	at org.apache.fop.fo.ElementMappingRegistry.setupDefaultMappings(ElementMappingRegistry.java:77)
	at org.apache.fop.fo.ElementMappingRegistry.<init>(ElementMappingRegistry.java:64)
	at org.apache.fop.apps.FopFactory.<init>(FopFactory.java:150)
	at org.apache.fop.apps.FopFactory.newInstance(FopFactory.java:165)
	at org.apache.cocoon.blocks.fop.FOPNGSerializer.<init>(FOPNGSerializer.java:62)
	at sun.reflect.NativeConstructorAccessorImpl.newInstance0(Native Method)
	at sun.reflect.NativeConstructorAccessorImpl.newInstance(NativeConstructorAccessorImpl.java:39)
	at sun.reflect.DelegatingConstructorAccessorImpl.newInstance(DelegatingConstructorAccessorImpl.java:27)
	at java.lang.reflect.Constructor.newInstance(Constructor.java:513)
	at java.lang.Class.newInstance0(Class.java:355)
	at java.lang.Class.newInstance(Class.java:308)
	at org.apache.avalon.excalibur.component.DefaultComponentFactory.newInstance(DefaultComponentFactory.java:195)
	at org.apache.avalon.excalibur.pool.InstrumentedResourceLimitingPool.newPoolable(InstrumentedResourceLimitingPool.java:655)
	at org.apache.avalon.excalibur.pool.InstrumentedResourceLimitingPool.get(InstrumentedResourceLimitingPool.java:371)
	at org.apache.avalon.excalibur.component.PoolableComponentHandler.doGet(PoolableComponentHandler.java:198)
	at org.apache.avalon.excalibur.component.ComponentHandler.get(ComponentHandler.java:381)
	at org.apache.avalon.excalibur.component.ExcaliburComponentSelector.select(ExcaliburComponentSelector.java:215)
	at org.apache.cocoon.components.ExtendedComponentSelector.select(ExtendedComponentSelector.java:268)
	at org.apache.cocoon.components.pipeline.AbstractProcessingPipeline.setSerializer(AbstractProcessingPipeline.java:309)
	at org.apache.cocoon.components.treeprocessor.sitemap.SerializeNode.invoke(SerializeNode.java:120)
	at org.apache.cocoon.components.treeprocessor.AbstractParentProcessingNode.invokeNodes(AbstractParentProcessingNode.java:47)
	at org.apache.cocoon.components.treeprocessor.sitemap.MatchNode.invoke(MatchNode.java:108)
	at org.apache.cocoon.components.treeprocessor.AbstractParentProcessingNode.invokeNodes(AbstractParentProcessingNode.java:69)
	at org.apache.cocoon.components.treeprocessor.sitemap.PipelineNode.invoke(PipelineNode.java:143)
	at org.apache.cocoon.components.treeprocessor.AbstractParentProcessingNode.invokeNodes(AbstractParentProcessingNode.java:69)
	at org.apache.cocoon.components.treeprocessor.sitemap.PipelinesNode.invoke(PipelinesNode.java:93)
	at org.apache.cocoon.components.treeprocessor.ConcreteTreeProcessor.process(ConcreteTreeProcessor.java:235)
	at org.apache.cocoon.components.treeprocessor.ConcreteTreeProcessor.process(ConcreteTreeProcessor.java:177)
	at org.apache.cocoon.components.treeprocessor.TreeProcessor.process(TreeProcessor.java:254)
	at org.apache.cocoon.components.treeprocessor.sitemap.MountNode.invoke(MountNode.java:118)
	at org.apache.cocoon.components.treeprocessor.AbstractParentProcessingNode.invokeNodes(AbstractParentProcessingNode.java:47)
	at org.apache.cocoon.components.treeprocessor.sitemap.MatchNode.invoke(MatchNode.java:108)
	at org.apache.cocoon.components.treeprocessor.AbstractParentProcessingNode.invokeNodes(AbstractParentProcessingNode.java:69)
	at org.apache.cocoon.components.treeprocessor.sitemap.PipelineNode.invoke(PipelineNode.java:143)
	at org.apache.cocoon.components.treeprocessor.AbstractParentProcessingNode.invokeNodes(AbstractParentProcessingNode.java:69)
	at org.apache.cocoon.components.treeprocessor.sitemap.PipelinesNode.invoke(PipelinesNode.java:93)
	at org.apache.cocoon.components.treeprocessor.ConcreteTreeProcessor.process(ConcreteTreeProcessor.java:235)
	at org.apache.cocoon.components.treeprocessor.ConcreteTreeProcessor.process(ConcreteTreeProcessor.java:177)
	at org.apache.cocoon.components.treeprocessor.TreeProcessor.process(TreeProcessor.java:254)
	at org.apache.cocoon.Cocoon.process(Cocoon.java:699)
	at org.apache.cocoon.servlet.CocoonServlet.service(CocoonServlet.java:1154)
	at javax.servlet.http.HttpServlet.service(HttpServlet.java:802)
	at org.mortbay.jetty.servlet.ServletHolder.handle(ServletHolder.java:428)
	at org.mortbay.jetty.servlet.WebApplicationHandler$CachedChain.doFilter(WebApplicationHandler.java:830)
	at nl.hippo.util.ResponseEncodingFilter.doFilter(ResponseEncodingFilter.java:51)
	at org.mortbay.jetty.servlet.WebApplicationHandler$CachedChain.doFilter(WebApplicationHandler.java:821)
	at org.mortbay.jetty.servlet.WebApplicationHandler.dispatch(WebApplicationHandler.java:471)
	at org.mortbay.jetty.servlet.ServletHandler.handle(ServletHandler.java:568)
	at org.mortbay.http.HttpContext.handle(HttpContext.java:1530)
	at org.mortbay.jetty.servlet.WebApplicationContext.handle(WebApplicationContext.java:633)
	at org.mortbay.http.HttpContext.handle(HttpContext.java:1482)
	at org.mortbay.http.HttpServer.service(HttpServer.java:909)
	at org.mortbay.http.HttpConnection.service(HttpConnection.java:816)
	at org.mortbay.http.HttpConnection.handleNext(HttpConnection.java:982)
	at org.mortbay.http.HttpConnection.handle(HttpConnection.java:833)
	at org.mortbay.http.SocketListener.handleConnection(SocketListener.java:244)
	at org.mortbay.util.ThreadedServer.handle(ThreadedServer.java:357)
	at org.mortbay.util.ThreadPool$PoolThread.run(ThreadPool.java:534)
Caused by: java.lang.ClassNotFoundException: org.apache.batik.util.XMLResourceDescriptor
	at java.net.URLClassLoader$1.run(URLClassLoader.java:202)
	at java.security.AccessController.doPrivileged(Native Method)
	at java.net.URLClassLoader.findClass(URLClassLoader.java:190)
	at org.mortbay.http.ContextLoader.loadClass(ContextLoader.java:219)
	at org.mortbay.http.ContextLoader.loadClass(ContextLoader.java:187)
	... 62 more
2013-09-06 03:55:51,064 ERROR org.apache.fop.fo.PropertyList           Ignoring property: font="italic 13pt sans-serif" (No conversion defined italic; property:'font')
2013-09-06 03:55:51,064 ERROR org.apache.fop.fo.PropertyList           Ignoring property: font="italic 13pt sans-serif" (No conversion defined italic; property:'font')
2013-09-06 03:55:51,241 WARN  g.apache.fop.layoutmgr.BreakingAlgorithm Line 1 of a paragraph overflows the available area. (fo:block, no context info available)
2013-09-06 03:59:13,923 ERROR org.apache.fop.fo.PropertyList           Ignoring property: font="italic 13pt sans-serif" (No conversion defined italic; property:'font')
2013-09-06 03:59:13,924 ERROR org.apache.fop.fo.PropertyList           Ignoring property: font="italic 13pt sans-serif" (No conversion defined italic; property:'font')
2013-09-06 03:59:13,980 WARN  g.apache.fop.layoutmgr.BreakingAlgorithm Line 1 of a paragraph overflows the available area. (fo:block, no context info available)
2013-09-06 04:02:37,682 ERROR org.apache.fop.fo.PropertyList           Ignoring property: font="italic 13pt sans-serif" (No conversion defined italic; property:'font')
2013-09-06 04:02:37,682 ERROR org.apache.fop.fo.PropertyList           Ignoring property: font="italic 13pt sans-serif" (No conversion defined italic; property:'font')
2013-09-06 04:02:37,732 WARN  g.apache.fop.layoutmgr.BreakingAlgorithm Line 1 of a paragraph overflows the available area. (fo:block, no context info available)
2013-09-06 04:07:08,412 ERROR org.apache.fop.fo.PropertyList           Ignoring property: font="italic 13pt sans-serif" (No conversion defined italic; property:'font')
2013-09-06 04:07:08,412 ERROR org.apache.fop.fo.PropertyList           Ignoring property: font="italic 13pt sans-serif" (No conversion defined italic; property:'font')
2013-09-06 04:07:08,440 WARN  g.apache.fop.layoutmgr.BreakingAlgorithm Line 1 of a paragraph overflows the available area. (fo:block, no context info available)
2013-09-06 04:07:52,403 ERROR .fop.fo.extensions.svg.SVGElementMapping Error while initializing the Batik SVG extensions
java.lang.NoClassDefFoundError: org/apache/batik/util/XMLResourceDescriptor
	at org.apache.fop.fo.extensions.svg.SVGElementMapping.initialize(SVGElementMapping.java:80)
	at org.apache.fop.fo.ElementMapping.getTable(ElementMapping.java:52)
	at org.apache.fop.fo.ElementMappingRegistry.addElementMapping(ElementMappingRegistry.java:117)
	at org.apache.fop.fo.ElementMappingRegistry.addElementMapping(ElementMappingRegistry.java:96)
	at org.apache.fop.fo.ElementMappingRegistry.setupDefaultMappings(ElementMappingRegistry.java:77)
	at org.apache.fop.fo.ElementMappingRegistry.<init>(ElementMappingRegistry.java:64)
	at org.apache.fop.apps.FopFactory.<init>(FopFactory.java:150)
	at org.apache.fop.apps.FopFactory.newInstance(FopFactory.java:165)
	at org.apache.cocoon.blocks.fop.FOPNGSerializer.<init>(FOPNGSerializer.java:62)
	at sun.reflect.NativeConstructorAccessorImpl.newInstance0(Native Method)
	at sun.reflect.NativeConstructorAccessorImpl.newInstance(NativeConstructorAccessorImpl.java:39)
	at sun.reflect.DelegatingConstructorAccessorImpl.newInstance(DelegatingConstructorAccessorImpl.java:27)
	at java.lang.reflect.Constructor.newInstance(Constructor.java:513)
	at java.lang.Class.newInstance0(Class.java:355)
	at java.lang.Class.newInstance(Class.java:308)
	at org.apache.avalon.excalibur.component.DefaultComponentFactory.newInstance(DefaultComponentFactory.java:195)
	at org.apache.avalon.excalibur.pool.InstrumentedResourceLimitingPool.newPoolable(InstrumentedResourceLimitingPool.java:655)
	at org.apache.avalon.excalibur.pool.InstrumentedResourceLimitingPool.get(InstrumentedResourceLimitingPool.java:371)
	at org.apache.avalon.excalibur.component.PoolableComponentHandler.doGet(PoolableComponentHandler.java:198)
	at org.apache.avalon.excalibur.component.ComponentHandler.get(ComponentHandler.java:381)
	at org.apache.avalon.excalibur.component.ExcaliburComponentSelector.select(ExcaliburComponentSelector.java:215)
	at org.apache.cocoon.components.ExtendedComponentSelector.select(ExtendedComponentSelector.java:268)
	at org.apache.cocoon.components.pipeline.AbstractProcessingPipeline.setSerializer(AbstractProcessingPipeline.java:309)
	at org.apache.cocoon.components.treeprocessor.sitemap.SerializeNode.invoke(SerializeNode.java:120)
	at org.apache.cocoon.components.treeprocessor.AbstractParentProcessingNode.invokeNodes(AbstractParentProcessingNode.java:47)
	at org.apache.cocoon.components.treeprocessor.sitemap.MatchNode.invoke(MatchNode.java:108)
	at org.apache.cocoon.components.treeprocessor.AbstractParentProcessingNode.invokeNodes(AbstractParentProcessingNode.java:69)
	at org.apache.cocoon.components.treeprocessor.sitemap.PipelineNode.invoke(PipelineNode.java:143)
	at org.apache.cocoon.components.treeprocessor.AbstractParentProcessingNode.invokeNodes(AbstractParentProcessingNode.java:69)
	at org.apache.cocoon.components.treeprocessor.sitemap.PipelinesNode.invoke(PipelinesNode.java:93)
	at org.apache.cocoon.components.treeprocessor.ConcreteTreeProcessor.process(ConcreteTreeProcessor.java:235)
	at org.apache.cocoon.components.treeprocessor.ConcreteTreeProcessor.process(ConcreteTreeProcessor.java:177)
	at org.apache.cocoon.components.treeprocessor.TreeProcessor.process(TreeProcessor.java:254)
	at org.apache.cocoon.components.treeprocessor.sitemap.MountNode.invoke(MountNode.java:118)
	at org.apache.cocoon.components.treeprocessor.AbstractParentProcessingNode.invokeNodes(AbstractParentProcessingNode.java:47)
	at org.apache.cocoon.components.treeprocessor.sitemap.MatchNode.invoke(MatchNode.java:108)
	at org.apache.cocoon.components.treeprocessor.AbstractParentProcessingNode.invokeNodes(AbstractParentProcessingNode.java:69)
	at org.apache.cocoon.components.treeprocessor.sitemap.PipelineNode.invoke(PipelineNode.java:143)
	at org.apache.cocoon.components.treeprocessor.AbstractParentProcessingNode.invokeNodes(AbstractParentProcessingNode.java:69)
	at org.apache.cocoon.components.treeprocessor.sitemap.PipelinesNode.invoke(PipelinesNode.java:93)
	at org.apache.cocoon.components.treeprocessor.ConcreteTreeProcessor.process(ConcreteTreeProcessor.java:235)
	at org.apache.cocoon.components.treeprocessor.ConcreteTreeProcessor.process(ConcreteTreeProcessor.java:177)
	at org.apache.cocoon.components.treeprocessor.TreeProcessor.process(TreeProcessor.java:254)
	at org.apache.cocoon.Cocoon.process(Cocoon.java:699)
	at org.apache.cocoon.servlet.CocoonServlet.service(CocoonServlet.java:1154)
	at javax.servlet.http.HttpServlet.service(HttpServlet.java:802)
	at org.mortbay.jetty.servlet.ServletHolder.handle(ServletHolder.java:428)
	at org.mortbay.jetty.servlet.WebApplicationHandler$CachedChain.doFilter(WebApplicationHandler.java:830)
	at nl.hippo.util.ResponseEncodingFilter.doFilter(ResponseEncodingFilter.java:51)
	at org.mortbay.jetty.servlet.WebApplicationHandler$CachedChain.doFilter(WebApplicationHandler.java:821)
	at org.mortbay.jetty.servlet.WebApplicationHandler.dispatch(WebApplicationHandler.java:471)
	at org.mortbay.jetty.servlet.ServletHandler.handle(ServletHandler.java:568)
	at org.mortbay.http.HttpContext.handle(HttpContext.java:1530)
	at org.mortbay.jetty.servlet.WebApplicationContext.handle(WebApplicationContext.java:633)
	at org.mortbay.http.HttpContext.handle(HttpContext.java:1482)
	at org.mortbay.http.HttpServer.service(HttpServer.java:909)
	at org.mortbay.http.HttpConnection.service(HttpConnection.java:816)
	at org.mortbay.http.HttpConnection.handleNext(HttpConnection.java:982)
	at org.mortbay.http.HttpConnection.handle(HttpConnection.java:833)
	at org.mortbay.http.SocketListener.handleConnection(SocketListener.java:244)
	at org.mortbay.util.ThreadedServer.handle(ThreadedServer.java:357)
	at org.mortbay.util.ThreadPool$PoolThread.run(ThreadPool.java:534)
2013-09-06 04:07:53,297 ERROR org.apache.fop.fo.PropertyList           Ignoring property: font="italic 13pt sans-serif" (No conversion defined italic; property:'font')
2013-09-06 04:07:53,304 ERROR org.apache.fop.fo.PropertyList           Ignoring property: font="italic 13pt sans-serif" (No conversion defined italic; property:'font')
2013-09-06 04:07:53,350 WARN  org.apache.fop.render.rtf.RTFHandler     Ignored deferred event for org.apache.fop.fo.flow.Leader@1220fd1
2013-09-06 04:07:53,353 WARN  org.apache.fop.render.rtf.RTFHandler     Ignored deferred event for org.apache.fop.fo.flow.Leader@1220fd1
2013-09-06 04:21:16,533 ERROR org.apache.fop.fo.PropertyList           Ignoring property: font="italic 13pt sans-serif" (No conversion defined italic; property:'font')
2013-09-06 04:21:16,533 ERROR org.apache.fop.fo.PropertyList           Ignoring property: font="italic 13pt sans-serif" (No conversion defined italic; property:'font')
2013-09-06 04:21:16,535 WARN  org.apache.fop.render.rtf.RTFHandler     Ignored deferred event for org.apache.fop.fo.flow.Leader@12297d7
2013-09-06 04:21:16,535 WARN  org.apache.fop.render.rtf.RTFHandler     Ignored deferred event for org.apache.fop.fo.flow.Leader@12297d7
2013-09-06 04:24:05,290 ERROR org.apache.fop.fo.PropertyList           Ignoring property: font="italic 13pt sans-serif" (No conversion defined italic; property:'font')
2013-09-06 04:24:05,290 ERROR org.apache.fop.fo.PropertyList           Ignoring property: font="italic 13pt sans-serif" (No conversion defined italic; property:'font')
2013-09-06 04:24:05,292 WARN  org.apache.fop.render.rtf.RTFHandler     Ignored deferred event for org.apache.fop.fo.flow.Leader@10c6406
2013-09-06 04:24:05,292 WARN  org.apache.fop.render.rtf.RTFHandler     Ignored deferred event for org.apache.fop.fo.flow.Leader@10c6406
2013-09-06 04:28:56,331 ERROR org.apache.fop.fo.PropertyList           Ignoring property: font="italic 13pt sans-serif" (No conversion defined italic; property:'font')
2013-09-06 04:28:56,331 ERROR org.apache.fop.fo.PropertyList           Ignoring property: font="italic 13pt sans-serif" (No conversion defined italic; property:'font')
2013-09-06 04:28:56,333 WARN  org.apache.fop.render.rtf.RTFHandler     Ignored deferred event for org.apache.fop.fo.flow.Leader@15b15ab
2013-09-06 04:28:56,333 WARN  org.apache.fop.render.rtf.RTFHandler     Ignored deferred event for org.apache.fop.fo.flow.Leader@15b15ab
2013-09-06 04:39:10,180 ERROR org.apache.fop.fo.PropertyList           Ignoring property: font="italic 13pt sans-serif" (No conversion defined italic; property:'font')
2013-09-06 04:39:10,181 ERROR org.apache.fop.fo.PropertyList           Ignoring property: font="italic 13pt sans-serif" (No conversion defined italic; property:'font')
2013-09-06 04:39:10,183 WARN  org.apache.fop.render.rtf.RTFHandler     Ignored deferred event for org.apache.fop.fo.flow.Leader@d713fe
2013-09-06 04:39:10,183 WARN  org.apache.fop.render.rtf.RTFHandler     Ignored deferred event for org.apache.fop.fo.flow.Leader@d713fe
2013-09-06 04:42:05,752 ERROR org.apache.fop.fo.PropertyList           Ignoring property: font="italic 13pt sans-serif" (No conversion defined italic; property:'font')
2013-09-06 04:42:05,753 ERROR org.apache.fop.fo.PropertyList           Ignoring property: font="italic 13pt sans-serif" (No conversion defined italic; property:'font')
2013-09-06 04:42:05,757 WARN  org.apache.fop.render.rtf.RTFHandler     Ignored deferred event for org.apache.fop.fo.flow.Leader@83fde6
2013-09-06 04:42:05,757 WARN  org.apache.fop.render.rtf.RTFHandler     Ignored deferred event for org.apache.fop.fo.flow.Leader@83fde6
2013-09-06 04:45:50,813 ERROR org.apache.fop.fo.PropertyList           Ignoring property: font="italic 13pt sans-serif" (No conversion defined italic; property:'font')
2013-09-06 04:45:50,813 ERROR org.apache.fop.fo.PropertyList           Ignoring property: font="italic 13pt sans-serif" (No conversion defined italic; property:'font')
2013-09-06 04:45:50,819 WARN  org.apache.fop.render.rtf.RTFHandler     Ignored deferred event for org.apache.fop.fo.flow.Leader@4d6b1a
2013-09-06 04:45:50,819 WARN  org.apache.fop.render.rtf.RTFHandler     Ignored deferred event for org.apache.fop.fo.flow.Leader@4d6b1a
2013-09-06 05:26:19,526 ERROR org.apache.fop.fo.PropertyList           Ignoring property: font="italic 13pt sans-serif" (No conversion defined italic; property:'font')
2013-09-06 05:26:19,527 ERROR org.apache.fop.fo.PropertyList           Ignoring property: font="italic 13pt sans-serif" (No conversion defined italic; property:'font')
2013-09-06 05:26:19,536 WARN  org.apache.fop.render.rtf.RTFHandler     Ignored deferred event for org.apache.fop.fo.flow.Leader@1be20c
2013-09-06 05:26:19,536 WARN  org.apache.fop.render.rtf.RTFHandler     Ignored deferred event for org.apache.fop.fo.flow.Leader@1be20c
2013-09-06 05:36:34,580 ERROR org.apache.fop.fo.PropertyList           Ignoring property: font="italic 13pt sans-serif" (No conversion defined italic; property:'font')
2013-09-06 05:36:34,580 ERROR org.apache.fop.fo.PropertyList           Ignoring property: font="italic 13pt sans-serif" (No conversion defined italic; property:'font')
2013-09-06 05:36:34,582 WARN  org.apache.fop.render.rtf.RTFHandler     Ignored deferred event for org.apache.fop.fo.flow.Leader@e90097
2013-09-06 05:36:34,582 WARN  org.apache.fop.render.rtf.RTFHandler     Ignored deferred event for org.apache.fop.fo.flow.Leader@e90097
2013-09-06 05:38:43,495 ERROR org.apache.fop.fo.PropertyList           Ignoring property: font="italic 13pt sans-serif" (No conversion defined italic; property:'font')
2013-09-06 05:38:43,495 ERROR org.apache.fop.fo.PropertyList           Ignoring property: font="italic 13pt sans-serif" (No conversion defined italic; property:'font')
2013-09-06 05:38:43,497 WARN  org.apache.fop.render.rtf.RTFHandler     Ignored deferred event for org.apache.fop.fo.flow.Leader@153f141
2013-09-06 05:38:43,497 WARN  org.apache.fop.render.rtf.RTFHandler     Ignored deferred event for org.apache.fop.fo.flow.Leader@153f141
2013-09-06 05:42:04,584 ERROR org.apache.fop.fo.PropertyList           Ignoring property: font="italic 13pt sans-serif" (No conversion defined italic; property:'font')
2013-09-06 05:42:04,584 ERROR org.apache.fop.fo.PropertyList           Ignoring property: font="italic 13pt sans-serif" (No conversion defined italic; property:'font')
2013-09-06 05:42:04,586 WARN  org.apache.fop.render.rtf.RTFHandler     Ignored deferred event for org.apache.fop.fo.flow.Leader@e3010
2013-09-06 05:42:04,586 WARN  org.apache.fop.render.rtf.RTFHandler     Ignored deferred event for org.apache.fop.fo.flow.Leader@e3010
2013-09-06 05:45:03,458 ERROR org.apache.fop.fo.PropertyList           Ignoring property: font="italic 13pt sans-serif" (No conversion defined italic; property:'font')
2013-09-06 05:45:03,458 ERROR org.apache.fop.fo.PropertyList           Ignoring property: font="italic 13pt sans-serif" (No conversion defined italic; property:'font')
2013-09-06 05:45:03,460 WARN  org.apache.fop.render.rtf.RTFHandler     Ignored deferred event for org.apache.fop.fo.flow.Leader@191f022
2013-09-06 05:45:03,460 WARN  org.apache.fop.render.rtf.RTFHandler     Ignored deferred event for org.apache.fop.fo.flow.Leader@191f022
2013-09-06 05:47:47,541 ERROR org.apache.fop.fo.PropertyList           Ignoring property: font="italic 13pt sans-serif" (No conversion defined italic; property:'font')
2013-09-06 05:47:47,541 ERROR org.apache.fop.fo.PropertyList           Ignoring property: font="italic 13pt sans-serif" (No conversion defined italic; property:'font')
2013-09-06 05:47:47,543 WARN  org.apache.fop.render.rtf.RTFHandler     Ignored deferred event for org.apache.fop.fo.flow.Leader@130cb4b
2013-09-06 05:47:47,543 WARN  org.apache.fop.render.rtf.RTFHandler     Ignored deferred event for org.apache.fop.fo.flow.Leader@130cb4b
2013-09-06 05:51:11,735 ERROR org.apache.fop.fo.PropertyList           Ignoring property: font="italic 13pt sans-serif" (No conversion defined italic; property:'font')
2013-09-06 05:51:11,735 ERROR org.apache.fop.fo.PropertyList           Ignoring property: font="italic 13pt sans-serif" (No conversion defined italic; property:'font')
2013-09-06 05:51:11,737 WARN  org.apache.fop.render.rtf.RTFHandler     Ignored deferred event for org.apache.fop.fo.flow.Leader@1a847df
2013-09-06 05:51:11,737 WARN  org.apache.fop.render.rtf.RTFHandler     Ignored deferred event for org.apache.fop.fo.flow.Leader@1a847df
2013-09-06 07:30:20,979 ERROR org.apache.fop.fo.PropertyList           Ignoring property: font="italic 13pt sans-serif" (No conversion defined italic; property:'font')
2013-09-06 07:30:20,979 ERROR org.apache.fop.fo.PropertyList           Ignoring property: font="italic 13pt sans-serif" (No conversion defined italic; property:'font')
2013-09-06 07:30:20,995 WARN  g.apache.fop.layoutmgr.BreakingAlgorithm Line 1 of a paragraph overflows the available area. (fo:block, no context info available)
2013-09-06 07:35:30,093 ERROR org.apache.fop.fo.PropertyList           Ignoring property: font="italic 13pt sans-serif" (No conversion defined italic; property:'font')
2013-09-06 07:35:30,093 ERROR org.apache.fop.fo.PropertyList           Ignoring property: font="italic 13pt sans-serif" (No conversion defined italic; property:'font')
2013-09-06 07:35:30,118 WARN  g.apache.fop.layoutmgr.BreakingAlgorithm Line 1 of a paragraph overflows the available area. (fo:block, no context info available)
2013-09-06 07:47:21,286 ERROR org.apache.fop.fo.PropertyList           Ignoring property: font="italic 13pt sans-serif" (No conversion defined italic; property:'font')
2013-09-06 07:47:21,287 ERROR org.apache.fop.fo.PropertyList           Ignoring property: font="italic 13pt sans-serif" (No conversion defined italic; property:'font')
2013-09-06 07:47:21,299 WARN  g.apache.fop.layoutmgr.BreakingAlgorithm Line 1 of a paragraph overflows the available area. (fo:block, no context info available)
2013-09-06 07:50:10,497 ERROR org.apache.fop.fo.PropertyList           Ignoring property: font="italic 13pt sans-serif" (No conversion defined italic; property:'font')
2013-09-06 07:50:10,498 ERROR org.apache.fop.fo.PropertyList           Ignoring property: font="italic 13pt sans-serif" (No conversion defined italic; property:'font')
2013-09-06 07:50:10,517 WARN  g.apache.fop.layoutmgr.BreakingAlgorithm Line 1 of a paragraph overflows the available area. (fo:block, no context info available)
2013-09-06 07:56:35,658 ERROR org.apache.fop.fo.PropertyList           Ignoring property: font="italic 13pt sans-serif" (No conversion defined italic; property:'font')
2013-09-06 07:56:35,658 ERROR org.apache.fop.fo.PropertyList           Ignoring property: font="italic 13pt sans-serif" (No conversion defined italic; property:'font')
2013-09-06 07:56:35,674 WARN  g.apache.fop.layoutmgr.BreakingAlgorithm Line 1 of a paragraph overflows the available area. (fo:block, no context info available)
2013-09-06 07:57:50,374 ERROR org.apache.fop.fo.PropertyList           Ignoring property: font="italic 13pt sans-serif" (No conversion defined italic; property:'font')
2013-09-06 07:57:50,374 ERROR org.apache.fop.fo.PropertyList           Ignoring property: font="italic 13pt sans-serif" (No conversion defined italic; property:'font')
2013-09-06 08:04:57,389 ERROR org.apache.fop.fo.PropertyList           Ignoring property: font="italic 13pt sans-serif" (No conversion defined italic; property:'font')
2013-09-06 08:04:57,389 ERROR org.apache.fop.fo.PropertyList           Ignoring property: font="italic 13pt sans-serif" (No conversion defined italic; property:'font')
2013-09-06 08:05:16,270 ERROR org.apache.fop.fo.PropertyList           Ignoring property: font="italic 13pt sans-serif" (No conversion defined italic; property:'font')
2013-09-06 08:05:16,270 ERROR org.apache.fop.fo.PropertyList           Ignoring property: font="italic 13pt sans-serif" (No conversion defined italic; property:'font')
