2013-09-03 03:39:28,291 ERROR org.apache.fop.fo.PropertyList           Ignoring property: font="italic 13pt sans-serif" (No conversion defined italic; property:'font')
2013-09-03 03:39:28,291 ERROR org.apache.fop.fo.PropertyList           Ignoring property: font="italic 13pt sans-serif" (No conversion defined italic; property:'font')
2013-09-03 03:39:28,293 WARN  org.apache.fop.render.rtf.RTFHandler     Ignored deferred event for org.apache.fop.fo.flow.Leader@15e9b7b
2013-09-03 03:39:28,293 WARN  org.apache.fop.render.rtf.RTFHandler     Ignored deferred event for org.apache.fop.fo.flow.Leader@15e9b7b
2013-09-03 03:41:32,011 ERROR org.apache.fop.fo.PropertyList           Ignoring property: font="italic 13pt sans-serif" (No conversion defined italic; property:'font')
2013-09-03 03:41:32,011 ERROR org.apache.fop.fo.PropertyList           Ignoring property: font="italic 13pt sans-serif" (No conversion defined italic; property:'font')
2013-09-03 03:41:32,012 WARN  org.apache.fop.render.rtf.RTFHandler     Ignored deferred event for org.apache.fop.fo.flow.Leader@1bf6eeb
2013-09-03 03:41:32,012 WARN  org.apache.fop.render.rtf.RTFHandler     Ignored deferred event for org.apache.fop.fo.flow.Leader@1bf6eeb
2013-09-03 03:41:32,013 WARN  org.apache.fop.render.rtf.RTFHandler     Ignored deferred event for org.apache.fop.fo.flow.Leader@10b47d2
2013-09-03 03:41:32,013 WARN  org.apache.fop.render.rtf.RTFHandler     Ignored deferred event for org.apache.fop.fo.flow.Leader@10b47d2
2013-09-03 03:47:35,889 ERROR org.apache.fop.fo.PropertyList           Ignoring property: font="italic 13pt sans-serif" (No conversion defined italic; property:'font')
2013-09-03 03:47:35,889 ERROR org.apache.fop.fo.PropertyList           Ignoring property: font="italic 13pt sans-serif" (No conversion defined italic; property:'font')
2013-09-03 03:47:35,891 WARN  org.apache.fop.render.rtf.RTFHandler     Ignored deferred event for org.apache.fop.fo.flow.Leader@399f8
2013-09-03 03:47:35,891 WARN  org.apache.fop.render.rtf.RTFHandler     Ignored deferred event for org.apache.fop.fo.flow.Leader@399f8
2013-09-03 04:42:16,121 ERROR org.apache.fop.fo.PropertyList           Ignoring property: font="italic 13pt sans-serif" (No conversion defined italic; property:'font')
2013-09-03 04:42:16,121 ERROR org.apache.fop.fo.PropertyList           Ignoring property: font="italic 13pt sans-serif" (No conversion defined italic; property:'font')
2013-09-03 04:42:16,130 WARN  g.apache.fop.layoutmgr.BreakingAlgorithm Line 1 of a paragraph overflows the available area. (fo:block, no context info available)
2013-09-03 04:42:16,133 WARN  g.apache.fop.layoutmgr.BreakingAlgorithm Line 1 of a paragraph overflows the available area. (fo:block, no context info available)
2013-09-03 05:02:24,258 ERROR org.apache.fop.fo.PropertyList           Ignoring property: font="italic 13pt sans-serif" (No conversion defined italic; property:'font')
2013-09-03 05:02:24,258 ERROR org.apache.fop.fo.PropertyList           Ignoring property: font="italic 13pt sans-serif" (No conversion defined italic; property:'font')
2013-09-03 05:02:24,266 WARN  g.apache.fop.layoutmgr.BreakingAlgorithm Line 1 of a paragraph overflows the available area. (fo:block, no context info available)
2013-09-03 05:27:31,025 ERROR org.apache.fop.fo.PropertyList           Ignoring property: font="italic 13pt sans-serif" (No conversion defined italic; property:'font')
2013-09-03 05:27:31,025 ERROR org.apache.fop.fo.PropertyList           Ignoring property: font="italic 13pt sans-serif" (No conversion defined italic; property:'font')
2013-09-03 05:27:31,033 WARN  g.apache.fop.layoutmgr.BreakingAlgorithm Line 1 of a paragraph overflows the available area. (fo:block, no context info available)
2013-09-03 05:58:16,368 ERROR org.apache.fop.fo.PropertyList           Ignoring property: font="italic 13pt sans-serif" (No conversion defined italic; property:'font')
2013-09-03 05:58:16,368 ERROR org.apache.fop.fo.PropertyList           Ignoring property: font="italic 13pt sans-serif" (No conversion defined italic; property:'font')
2013-09-03 05:58:16,376 WARN  g.apache.fop.layoutmgr.BreakingAlgorithm Line 1 of a paragraph overflows the available area. (fo:block, no context info available)
2013-09-03 06:18:32,233 ERROR org.apache.fop.fo.PropertyList           Ignoring property: font="italic 13pt sans-serif" (No conversion defined italic; property:'font')
2013-09-03 06:18:32,233 ERROR org.apache.fop.fo.PropertyList           Ignoring property: font="italic 13pt sans-serif" (No conversion defined italic; property:'font')
2013-09-03 06:18:32,250 WARN  g.apache.fop.layoutmgr.BreakingAlgorithm Line 1 of a paragraph overflows the available area. (fo:block, no context info available)
2013-09-03 06:18:32,253 WARN  g.apache.fop.layoutmgr.BreakingAlgorithm Line 1 of a paragraph overflows the available area. (fo:block, no context info available)
2013-09-03 06:22:56,397 ERROR org.apache.fop.fo.PropertyList           Ignoring property: font="italic 13pt sans-serif" (No conversion defined italic; property:'font')
2013-09-03 06:22:56,398 ERROR org.apache.fop.fo.PropertyList           Ignoring property: font="italic 13pt sans-serif" (No conversion defined italic; property:'font')
2013-09-03 06:22:56,405 WARN  g.apache.fop.layoutmgr.BreakingAlgorithm Line 1 of a paragraph overflows the available area. (fo:block, no context info available)
2013-09-03 06:39:51,620 ERROR org.apache.fop.fo.PropertyList           Ignoring property: font="italic 13pt sans-serif" (No conversion defined italic; property:'font')
2013-09-03 06:39:51,620 ERROR org.apache.fop.fo.PropertyList           Ignoring property: font="italic 13pt sans-serif" (No conversion defined italic; property:'font')
2013-09-03 06:39:51,631 WARN  g.apache.fop.layoutmgr.BreakingAlgorithm Line 1 of a paragraph overflows the available area. (fo:block, no context info available)
2013-09-03 06:39:51,634 WARN  g.apache.fop.layoutmgr.BreakingAlgorithm Line 1 of a paragraph overflows the available area. (fo:block, no context info available)
2013-09-03 07:49:12,963 ERROR org.apache.fop.fo.PropertyList           Ignoring property: font="italic 13pt sans-serif" (No conversion defined italic; property:'font')
2013-09-03 07:49:12,963 ERROR org.apache.fop.fo.PropertyList           Ignoring property: font="italic 13pt sans-serif" (No conversion defined italic; property:'font')
2013-09-03 07:49:12,976 WARN  g.apache.fop.layoutmgr.BreakingAlgorithm Line 1 of a paragraph overflows the available area. (fo:block, no context info available)
2013-09-03 07:49:12,979 WARN  g.apache.fop.layoutmgr.BreakingAlgorithm Line 1 of a paragraph overflows the available area. (fo:block, no context info available)
2013-09-03 07:49:45,742 ERROR org.apache.fop.fo.PropertyList           Ignoring property: font="italic 13pt sans-serif" (No conversion defined italic; property:'font')
2013-09-03 07:49:45,743 ERROR org.apache.fop.fo.PropertyList           Ignoring property: font="italic 13pt sans-serif" (No conversion defined italic; property:'font')
2013-09-03 07:49:45,755 WARN  g.apache.fop.layoutmgr.BreakingAlgorithm Line 1 of a paragraph overflows the available area. (fo:block, no context info available)
2013-09-03 07:49:45,758 WARN  g.apache.fop.layoutmgr.BreakingAlgorithm Line 1 of a paragraph overflows the available area. (fo:block, no context info available)
2013-09-03 08:03:45,999 ERROR org.apache.fop.fo.PropertyList           Ignoring property: font="italic 13pt sans-serif" (No conversion defined italic; property:'font')
2013-09-03 08:03:46,000 ERROR org.apache.fop.fo.PropertyList           Ignoring property: font="italic 13pt sans-serif" (No conversion defined italic; property:'font')
2013-09-03 08:03:46,001 WARN  org.apache.fop.render.rtf.RTFHandler     Ignored deferred event for org.apache.fop.fo.flow.Leader@ed0e35
2013-09-03 08:03:46,001 WARN  org.apache.fop.render.rtf.RTFHandler     Ignored deferred event for org.apache.fop.fo.flow.Leader@ed0e35
2013-09-03 08:04:34,052 ERROR org.apache.fop.fo.PropertyList           Ignoring property: font="italic 13pt sans-serif" (No conversion defined italic; property:'font')
2013-09-03 08:04:34,053 ERROR org.apache.fop.fo.PropertyList           Ignoring property: font="italic 13pt sans-serif" (No conversion defined italic; property:'font')
2013-09-03 08:04:34,054 WARN  org.apache.fop.render.rtf.RTFHandler     Ignored deferred event for org.apache.fop.fo.flow.Leader@1df6e03
2013-09-03 08:04:34,054 WARN  org.apache.fop.render.rtf.RTFHandler     Ignored deferred event for org.apache.fop.fo.flow.Leader@1df6e03
2013-09-03 08:05:57,696 ERROR org.apache.fop.fo.PropertyList           Ignoring property: font="italic 13pt sans-serif" (No conversion defined italic; property:'font')
2013-09-03 08:05:57,696 ERROR org.apache.fop.fo.PropertyList           Ignoring property: font="italic 13pt sans-serif" (No conversion defined italic; property:'font')
2013-09-03 08:05:57,698 WARN  org.apache.fop.render.rtf.RTFHandler     Ignored deferred event for org.apache.fop.fo.flow.Leader@fde730
2013-09-03 08:05:57,698 WARN  org.apache.fop.render.rtf.RTFHandler     Ignored deferred event for org.apache.fop.fo.flow.Leader@fde730
2013-09-03 10:31:39,744 ERROR org.apache.fop.fo.PropertyList           Ignoring property: font="italic 13pt sans-serif" (No conversion defined italic; property:'font')
2013-09-03 10:31:39,745 ERROR org.apache.fop.fo.PropertyList           Ignoring property: font="italic 13pt sans-serif" (No conversion defined italic; property:'font')
2013-09-03 10:31:39,752 WARN  g.apache.fop.layoutmgr.BreakingAlgorithm Line 1 of a paragraph overflows the available area. (fo:block, no context info available)
2013-09-03 10:33:20,396 ERROR org.apache.fop.fo.PropertyList           Ignoring property: font="italic 13pt sans-serif" (No conversion defined italic; property:'font')
2013-09-03 10:33:20,396 ERROR org.apache.fop.fo.PropertyList           Ignoring property: font="italic 13pt sans-serif" (No conversion defined italic; property:'font')
2013-09-03 10:33:20,407 WARN  g.apache.fop.layoutmgr.BreakingAlgorithm Line 1 of a paragraph overflows the available area. (fo:block, no context info available)
2013-09-03 18:37:40,191 WARN  .auxiliary.disk.indexed.IndexedDiskCache Region [binarystore] Disk cache not shutdown properly, shutting down now.
2013-09-03 18:37:40,192 WARN  .auxiliary.disk.indexed.IndexedDiskCache Region [store] Disk cache not shutdown properly, shutting down now.
2013-09-03 18:37:40,192 WARN  .auxiliary.disk.indexed.IndexedDiskCache Region [repostore] Disk cache not shutdown properly, shutting down now.
2013-09-03 18:37:40,309 WARN  .auxiliary.disk.indexed.IndexedDiskCache Region [binarystore] Reseting cache
