2013-03-11 10:18:47,818 WARN  .auxiliary.disk.indexed.IndexedDiskCache Region [binarystore] Reseting cache
2013-03-11 10:18:47,821 WARN  .auxiliary.disk.indexed.IndexedDiskCache Region [repostore] Reseting cache
2013-03-11 10:18:47,837 WARN  .auxiliary.disk.indexed.IndexedDiskCache Region [store] Reseting cache
2013-03-11 10:20:44,959 ERROR .fop.fo.extensions.svg.SVGElementMapping Error while initializing the Batik SVG extensions
java.lang.NoClassDefFoundError: org/apache/batik/util/XMLResourceDescriptor
	at org.apache.fop.fo.extensions.svg.SVGElementMapping.initialize(SVGElementMapping.java:80)
	at org.apache.fop.fo.ElementMapping.getTable(ElementMapping.java:52)
	at org.apache.fop.fo.ElementMappingRegistry.addElementMapping(ElementMappingRegistry.java:117)
	at org.apache.fop.fo.ElementMappingRegistry.addElementMapping(ElementMappingRegistry.java:96)
	at org.apache.fop.fo.ElementMappingRegistry.setupDefaultMappings(ElementMappingRegistry.java:77)
	at org.apache.fop.fo.ElementMappingRegistry.<init>(ElementMappingRegistry.java:64)
	at org.apache.fop.apps.FopFactory.<init>(FopFactory.java:150)
	at org.apache.fop.apps.FopFactory.newInstance(FopFactory.java:165)
	at org.apache.cocoon.blocks.fop.FOPNGSerializer.<init>(FOPNGSerializer.java:62)
	at sun.reflect.NativeConstructorAccessorImpl.newInstance0(Native Method)
	at sun.reflect.NativeConstructorAccessorImpl.newInstance(NativeConstructorAccessorImpl.java:39)
	at sun.reflect.DelegatingConstructorAccessorImpl.newInstance(DelegatingConstructorAccessorImpl.java:27)
	at java.lang.reflect.Constructor.newInstance(Constructor.java:513)
	at java.lang.Class.newInstance0(Class.java:355)
	at java.lang.Class.newInstance(Class.java:308)
	at org.apache.avalon.excalibur.component.DefaultComponentFactory.newInstance(DefaultComponentFactory.java:195)
	at org.apache.avalon.excalibur.pool.InstrumentedResourceLimitingPool.newPoolable(InstrumentedResourceLimitingPool.java:655)
	at org.apache.avalon.excalibur.pool.InstrumentedResourceLimitingPool.get(InstrumentedResourceLimitingPool.java:371)
	at org.apache.avalon.excalibur.component.PoolableComponentHandler.doGet(PoolableComponentHandler.java:198)
	at org.apache.avalon.excalibur.component.ComponentHandler.get(ComponentHandler.java:381)
	at org.apache.avalon.excalibur.component.ExcaliburComponentSelector.select(ExcaliburComponentSelector.java:215)
	at org.apache.cocoon.components.ExtendedComponentSelector.select(ExtendedComponentSelector.java:268)
	at org.apache.cocoon.components.pipeline.AbstractProcessingPipeline.setSerializer(AbstractProcessingPipeline.java:309)
	at org.apache.cocoon.components.treeprocessor.sitemap.SerializeNode.invoke(SerializeNode.java:120)
	at org.apache.cocoon.components.treeprocessor.AbstractParentProcessingNode.invokeNodes(AbstractParentProcessingNode.java:47)
	at org.apache.cocoon.components.treeprocessor.sitemap.MatchNode.invoke(MatchNode.java:108)
	at org.apache.cocoon.components.treeprocessor.AbstractParentProcessingNode.invokeNodes(AbstractParentProcessingNode.java:69)
	at org.apache.cocoon.components.treeprocessor.sitemap.PipelineNode.invoke(PipelineNode.java:143)
	at org.apache.cocoon.components.treeprocessor.AbstractParentProcessingNode.invokeNodes(AbstractParentProcessingNode.java:69)
	at org.apache.cocoon.components.treeprocessor.sitemap.PipelinesNode.invoke(PipelinesNode.java:93)
	at org.apache.cocoon.components.treeprocessor.ConcreteTreeProcessor.process(ConcreteTreeProcessor.java:235)
	at org.apache.cocoon.components.treeprocessor.ConcreteTreeProcessor.process(ConcreteTreeProcessor.java:177)
	at org.apache.cocoon.components.treeprocessor.TreeProcessor.process(TreeProcessor.java:254)
	at org.apache.cocoon.components.treeprocessor.sitemap.MountNode.invoke(MountNode.java:118)
	at org.apache.cocoon.components.treeprocessor.AbstractParentProcessingNode.invokeNodes(AbstractParentProcessingNode.java:47)
	at org.apache.cocoon.components.treeprocessor.sitemap.MatchNode.invoke(MatchNode.java:108)
	at org.apache.cocoon.components.treeprocessor.AbstractParentProcessingNode.invokeNodes(AbstractParentProcessingNode.java:69)
	at org.apache.cocoon.components.treeprocessor.sitemap.PipelineNode.invoke(PipelineNode.java:143)
	at org.apache.cocoon.components.treeprocessor.AbstractParentProcessingNode.invokeNodes(AbstractParentProcessingNode.java:69)
	at org.apache.cocoon.components.treeprocessor.sitemap.PipelinesNode.invoke(PipelinesNode.java:93)
	at org.apache.cocoon.components.treeprocessor.ConcreteTreeProcessor.process(ConcreteTreeProcessor.java:235)
	at org.apache.cocoon.components.treeprocessor.ConcreteTreeProcessor.process(ConcreteTreeProcessor.java:177)
	at org.apache.cocoon.components.treeprocessor.TreeProcessor.process(TreeProcessor.java:254)
	at org.apache.cocoon.Cocoon.process(Cocoon.java:699)
	at org.apache.cocoon.servlet.CocoonServlet.service(CocoonServlet.java:1154)
	at javax.servlet.http.HttpServlet.service(HttpServlet.java:802)
	at org.mortbay.jetty.servlet.ServletHolder.handle(ServletHolder.java:428)
	at org.mortbay.jetty.servlet.WebApplicationHandler$CachedChain.doFilter(WebApplicationHandler.java:830)
	at nl.hippo.util.ResponseEncodingFilter.doFilter(ResponseEncodingFilter.java:51)
	at org.mortbay.jetty.servlet.WebApplicationHandler$CachedChain.doFilter(WebApplicationHandler.java:821)
	at org.mortbay.jetty.servlet.WebApplicationHandler.dispatch(WebApplicationHandler.java:471)
	at org.mortbay.jetty.servlet.ServletHandler.handle(ServletHandler.java:568)
	at org.mortbay.http.HttpContext.handle(HttpContext.java:1530)
	at org.mortbay.jetty.servlet.WebApplicationContext.handle(WebApplicationContext.java:633)
	at org.mortbay.http.HttpContext.handle(HttpContext.java:1482)
	at org.mortbay.http.HttpServer.service(HttpServer.java:909)
	at org.mortbay.http.HttpConnection.service(HttpConnection.java:816)
	at org.mortbay.http.HttpConnection.handleNext(HttpConnection.java:982)
	at org.mortbay.http.HttpConnection.handle(HttpConnection.java:833)
	at org.mortbay.http.SocketListener.handleConnection(SocketListener.java:244)
	at org.mortbay.util.ThreadedServer.handle(ThreadedServer.java:357)
	at org.mortbay.util.ThreadPool$PoolThread.run(ThreadPool.java:534)
Caused by: java.lang.ClassNotFoundException: org.apache.batik.util.XMLResourceDescriptor
	at java.net.URLClassLoader$1.run(URLClassLoader.java:202)
	at java.security.AccessController.doPrivileged(Native Method)
	at java.net.URLClassLoader.findClass(URLClassLoader.java:190)
	at org.mortbay.http.ContextLoader.loadClass(ContextLoader.java:219)
	at org.mortbay.http.ContextLoader.loadClass(ContextLoader.java:187)
	... 62 more
2013-03-11 10:20:45,604 ERROR org.apache.fop.fo.PropertyList           Ignoring property: font="italic 13pt sans-serif" (No conversion defined italic; property:'font')
2013-03-11 10:20:45,604 ERROR org.apache.fop.fo.PropertyList           Ignoring property: font="italic 13pt sans-serif" (No conversion defined italic; property:'font')
2013-03-11 10:20:45,625 WARN  org.apache.fop.render.rtf.RTFHandler     Ignored deferred event for org.apache.fop.fo.flow.Leader@2b1682
2013-03-11 10:20:45,625 WARN  org.apache.fop.render.rtf.RTFHandler     Ignored deferred event for org.apache.fop.fo.flow.Leader@2b1682
2013-03-11 10:20:45,626 WARN  org.apache.fop.render.rtf.RTFHandler     Ignored deferred event for org.apache.fop.fo.flow.Leader@d2b918
2013-03-11 10:20:45,627 WARN  org.apache.fop.render.rtf.RTFHandler     Ignored deferred event for org.apache.fop.fo.flow.Leader@d2b918
2013-03-11 10:20:45,628 WARN  org.apache.fop.render.rtf.RTFHandler     Ignored deferred event for org.apache.fop.fo.flow.Leader@7616ad
2013-03-11 10:20:45,628 WARN  org.apache.fop.render.rtf.RTFHandler     Ignored deferred event for org.apache.fop.fo.flow.Leader@7616ad
2013-03-11 10:21:06,285 ERROR .fop.fo.extensions.svg.SVGElementMapping Error while initializing the Batik SVG extensions
java.lang.NoClassDefFoundError: org/apache/batik/util/XMLResourceDescriptor
	at org.apache.fop.fo.extensions.svg.SVGElementMapping.initialize(SVGElementMapping.java:80)
	at org.apache.fop.fo.ElementMapping.getTable(ElementMapping.java:52)
	at org.apache.fop.fo.ElementMappingRegistry.addElementMapping(ElementMappingRegistry.java:117)
	at org.apache.fop.fo.ElementMappingRegistry.addElementMapping(ElementMappingRegistry.java:96)
	at org.apache.fop.fo.ElementMappingRegistry.setupDefaultMappings(ElementMappingRegistry.java:77)
	at org.apache.fop.fo.ElementMappingRegistry.<init>(ElementMappingRegistry.java:64)
	at org.apache.fop.apps.FopFactory.<init>(FopFactory.java:150)
	at org.apache.fop.apps.FopFactory.newInstance(FopFactory.java:165)
	at org.apache.cocoon.blocks.fop.FOPNGSerializer.<init>(FOPNGSerializer.java:62)
	at sun.reflect.NativeConstructorAccessorImpl.newInstance0(Native Method)
	at sun.reflect.NativeConstructorAccessorImpl.newInstance(NativeConstructorAccessorImpl.java:39)
	at sun.reflect.DelegatingConstructorAccessorImpl.newInstance(DelegatingConstructorAccessorImpl.java:27)
	at java.lang.reflect.Constructor.newInstance(Constructor.java:513)
	at java.lang.Class.newInstance0(Class.java:355)
	at java.lang.Class.newInstance(Class.java:308)
	at org.apache.avalon.excalibur.component.DefaultComponentFactory.newInstance(DefaultComponentFactory.java:195)
	at org.apache.avalon.excalibur.pool.InstrumentedResourceLimitingPool.newPoolable(InstrumentedResourceLimitingPool.java:655)
	at org.apache.avalon.excalibur.pool.InstrumentedResourceLimitingPool.get(InstrumentedResourceLimitingPool.java:371)
	at org.apache.avalon.excalibur.component.PoolableComponentHandler.doGet(PoolableComponentHandler.java:198)
	at org.apache.avalon.excalibur.component.ComponentHandler.get(ComponentHandler.java:381)
	at org.apache.avalon.excalibur.component.ExcaliburComponentSelector.select(ExcaliburComponentSelector.java:215)
	at org.apache.cocoon.components.ExtendedComponentSelector.select(ExtendedComponentSelector.java:268)
	at org.apache.cocoon.components.pipeline.AbstractProcessingPipeline.setSerializer(AbstractProcessingPipeline.java:309)
	at org.apache.cocoon.components.treeprocessor.sitemap.SerializeNode.invoke(SerializeNode.java:120)
	at org.apache.cocoon.components.treeprocessor.AbstractParentProcessingNode.invokeNodes(AbstractParentProcessingNode.java:47)
	at org.apache.cocoon.components.treeprocessor.sitemap.MatchNode.invoke(MatchNode.java:108)
	at org.apache.cocoon.components.treeprocessor.AbstractParentProcessingNode.invokeNodes(AbstractParentProcessingNode.java:69)
	at org.apache.cocoon.components.treeprocessor.sitemap.PipelineNode.invoke(PipelineNode.java:143)
	at org.apache.cocoon.components.treeprocessor.AbstractParentProcessingNode.invokeNodes(AbstractParentProcessingNode.java:69)
	at org.apache.cocoon.components.treeprocessor.sitemap.PipelinesNode.invoke(PipelinesNode.java:93)
	at org.apache.cocoon.components.treeprocessor.ConcreteTreeProcessor.process(ConcreteTreeProcessor.java:235)
	at org.apache.cocoon.components.treeprocessor.ConcreteTreeProcessor.process(ConcreteTreeProcessor.java:177)
	at org.apache.cocoon.components.treeprocessor.TreeProcessor.process(TreeProcessor.java:254)
	at org.apache.cocoon.components.treeprocessor.sitemap.MountNode.invoke(MountNode.java:118)
	at org.apache.cocoon.components.treeprocessor.AbstractParentProcessingNode.invokeNodes(AbstractParentProcessingNode.java:47)
	at org.apache.cocoon.components.treeprocessor.sitemap.MatchNode.invoke(MatchNode.java:108)
	at org.apache.cocoon.components.treeprocessor.AbstractParentProcessingNode.invokeNodes(AbstractParentProcessingNode.java:69)
	at org.apache.cocoon.components.treeprocessor.sitemap.PipelineNode.invoke(PipelineNode.java:143)
	at org.apache.cocoon.components.treeprocessor.AbstractParentProcessingNode.invokeNodes(AbstractParentProcessingNode.java:69)
	at org.apache.cocoon.components.treeprocessor.sitemap.PipelinesNode.invoke(PipelinesNode.java:93)
	at org.apache.cocoon.components.treeprocessor.ConcreteTreeProcessor.process(ConcreteTreeProcessor.java:235)
	at org.apache.cocoon.components.treeprocessor.ConcreteTreeProcessor.process(ConcreteTreeProcessor.java:177)
	at org.apache.cocoon.components.treeprocessor.TreeProcessor.process(TreeProcessor.java:254)
	at org.apache.cocoon.Cocoon.process(Cocoon.java:699)
	at org.apache.cocoon.servlet.CocoonServlet.service(CocoonServlet.java:1154)
	at javax.servlet.http.HttpServlet.service(HttpServlet.java:802)
	at org.mortbay.jetty.servlet.ServletHolder.handle(ServletHolder.java:428)
	at org.mortbay.jetty.servlet.WebApplicationHandler$CachedChain.doFilter(WebApplicationHandler.java:830)
	at nl.hippo.util.ResponseEncodingFilter.doFilter(ResponseEncodingFilter.java:51)
	at org.mortbay.jetty.servlet.WebApplicationHandler$CachedChain.doFilter(WebApplicationHandler.java:821)
	at org.mortbay.jetty.servlet.WebApplicationHandler.dispatch(WebApplicationHandler.java:471)
	at org.mortbay.jetty.servlet.ServletHandler.handle(ServletHandler.java:568)
	at org.mortbay.http.HttpContext.handle(HttpContext.java:1530)
	at org.mortbay.jetty.servlet.WebApplicationContext.handle(WebApplicationContext.java:633)
	at org.mortbay.http.HttpContext.handle(HttpContext.java:1482)
	at org.mortbay.http.HttpServer.service(HttpServer.java:909)
	at org.mortbay.http.HttpConnection.service(HttpConnection.java:816)
	at org.mortbay.http.HttpConnection.handleNext(HttpConnection.java:982)
	at org.mortbay.http.HttpConnection.handle(HttpConnection.java:833)
	at org.mortbay.http.SocketListener.handleConnection(SocketListener.java:244)
	at org.mortbay.util.ThreadedServer.handle(ThreadedServer.java:357)
	at org.mortbay.util.ThreadPool$PoolThread.run(ThreadPool.java:534)
2013-03-11 10:21:06,826 ERROR org.apache.fop.fo.PropertyList           Ignoring property: font="italic 13pt sans-serif" (No conversion defined italic; property:'font')
2013-03-11 10:21:06,827 ERROR org.apache.fop.fo.PropertyList           Ignoring property: font="italic 13pt sans-serif" (No conversion defined italic; property:'font')
2013-03-11 10:21:07,007 WARN  g.apache.fop.layoutmgr.BreakingAlgorithm Line 1 of a paragraph overflows the available area. (fo:block, no context info available)
2013-03-11 10:21:07,019 WARN  g.apache.fop.layoutmgr.BreakingAlgorithm Line 1 of a paragraph overflows the available area. (fo:block, no context info available)
2013-03-11 11:39:45,674 ERROR org.apache.fop.fo.PropertyList           Ignoring property: font="italic 13pt sans-serif" (No conversion defined italic; property:'font')
2013-03-11 11:39:45,674 ERROR org.apache.fop.fo.PropertyList           Ignoring property: font="italic 13pt sans-serif" (No conversion defined italic; property:'font')
2013-03-11 11:39:45,700 WARN  g.apache.fop.layoutmgr.BreakingAlgorithm Line 1 of a paragraph overflows the available area. (fo:block, no context info available)
2013-03-11 11:39:45,705 WARN  g.apache.fop.layoutmgr.BreakingAlgorithm Line 1 of a paragraph overflows the available area. (fo:block, no context info available)
2013-03-11 11:41:30,004 ERROR org.apache.fop.fo.PropertyList           Ignoring property: font="italic 13pt sans-serif" (No conversion defined italic; property:'font')
2013-03-11 11:41:30,004 ERROR org.apache.fop.fo.PropertyList           Ignoring property: font="italic 13pt sans-serif" (No conversion defined italic; property:'font')
2013-03-11 11:41:30,027 WARN  g.apache.fop.layoutmgr.BreakingAlgorithm Line 1 of a paragraph overflows the available area. (fo:block, no context info available)
