2013-07-05 03:24:01,388 WARN  .auxiliary.disk.indexed.IndexedDiskCache Region [binarystore] Reseting cache
2013-07-05 03:24:01,392 WARN  .auxiliary.disk.indexed.IndexedDiskCache Region [repostore] Reseting cache
2013-07-05 03:24:01,394 WARN  .auxiliary.disk.indexed.IndexedDiskCache Region [store] Reseting cache
2013-07-05 03:24:30,506 ERROR .fop.fo.extensions.svg.SVGElementMapping Error while initializing the Batik SVG extensions
java.lang.NoClassDefFoundError: org/apache/batik/util/XMLResourceDescriptor
	at org.apache.fop.fo.extensions.svg.SVGElementMapping.initialize(SVGElementMapping.java:80)
	at org.apache.fop.fo.ElementMapping.getTable(ElementMapping.java:52)
	at org.apache.fop.fo.ElementMappingRegistry.addElementMapping(ElementMappingRegistry.java:117)
	at org.apache.fop.fo.ElementMappingRegistry.addElementMapping(ElementMappingRegistry.java:96)
	at org.apache.fop.fo.ElementMappingRegistry.setupDefaultMappings(ElementMappingRegistry.java:77)
	at org.apache.fop.fo.ElementMappingRegistry.<init>(ElementMappingRegistry.java:64)
	at org.apache.fop.apps.FopFactory.<init>(FopFactory.java:150)
	at org.apache.fop.apps.FopFactory.newInstance(FopFactory.java:165)
	at org.apache.cocoon.blocks.fop.FOPNGSerializer.<init>(FOPNGSerializer.java:62)
	at sun.reflect.NativeConstructorAccessorImpl.newInstance0(Native Method)
	at sun.reflect.NativeConstructorAccessorImpl.newInstance(NativeConstructorAccessorImpl.java:39)
	at sun.reflect.DelegatingConstructorAccessorImpl.newInstance(DelegatingConstructorAccessorImpl.java:27)
	at java.lang.reflect.Constructor.newInstance(Constructor.java:513)
	at java.lang.Class.newInstance0(Class.java:355)
	at java.lang.Class.newInstance(Class.java:308)
	at org.apache.avalon.excalibur.component.DefaultComponentFactory.newInstance(DefaultComponentFactory.java:195)
	at org.apache.avalon.excalibur.pool.InstrumentedResourceLimitingPool.newPoolable(InstrumentedResourceLimitingPool.java:655)
	at org.apache.avalon.excalibur.pool.InstrumentedResourceLimitingPool.get(InstrumentedResourceLimitingPool.java:371)
	at org.apache.avalon.excalibur.component.PoolableComponentHandler.doGet(PoolableComponentHandler.java:198)
	at org.apache.avalon.excalibur.component.ComponentHandler.get(ComponentHandler.java:381)
	at org.apache.avalon.excalibur.component.ExcaliburComponentSelector.select(ExcaliburComponentSelector.java:215)
	at org.apache.cocoon.components.ExtendedComponentSelector.select(ExtendedComponentSelector.java:268)
	at org.apache.cocoon.components.pipeline.AbstractProcessingPipeline.setSerializer(AbstractProcessingPipeline.java:309)
	at org.apache.cocoon.components.treeprocessor.sitemap.SerializeNode.invoke(SerializeNode.java:120)
	at org.apache.cocoon.components.treeprocessor.AbstractParentProcessingNode.invokeNodes(AbstractParentProcessingNode.java:47)
	at org.apache.cocoon.components.treeprocessor.sitemap.MatchNode.invoke(MatchNode.java:108)
	at org.apache.cocoon.components.treeprocessor.AbstractParentProcessingNode.invokeNodes(AbstractParentProcessingNode.java:69)
	at org.apache.cocoon.components.treeprocessor.sitemap.PipelineNode.invoke(PipelineNode.java:143)
	at org.apache.cocoon.components.treeprocessor.AbstractParentProcessingNode.invokeNodes(AbstractParentProcessingNode.java:69)
	at org.apache.cocoon.components.treeprocessor.sitemap.PipelinesNode.invoke(PipelinesNode.java:93)
	at org.apache.cocoon.components.treeprocessor.ConcreteTreeProcessor.process(ConcreteTreeProcessor.java:235)
	at org.apache.cocoon.components.treeprocessor.ConcreteTreeProcessor.process(ConcreteTreeProcessor.java:177)
	at org.apache.cocoon.components.treeprocessor.TreeProcessor.process(TreeProcessor.java:254)
	at org.apache.cocoon.components.treeprocessor.sitemap.MountNode.invoke(MountNode.java:118)
	at org.apache.cocoon.components.treeprocessor.AbstractParentProcessingNode.invokeNodes(AbstractParentProcessingNode.java:47)
	at org.apache.cocoon.components.treeprocessor.sitemap.MatchNode.invoke(MatchNode.java:108)
	at org.apache.cocoon.components.treeprocessor.AbstractParentProcessingNode.invokeNodes(AbstractParentProcessingNode.java:69)
	at org.apache.cocoon.components.treeprocessor.sitemap.PipelineNode.invoke(PipelineNode.java:143)
	at org.apache.cocoon.components.treeprocessor.AbstractParentProcessingNode.invokeNodes(AbstractParentProcessingNode.java:69)
	at org.apache.cocoon.components.treeprocessor.sitemap.PipelinesNode.invoke(PipelinesNode.java:93)
	at org.apache.cocoon.components.treeprocessor.ConcreteTreeProcessor.process(ConcreteTreeProcessor.java:235)
	at org.apache.cocoon.components.treeprocessor.ConcreteTreeProcessor.process(ConcreteTreeProcessor.java:177)
	at org.apache.cocoon.components.treeprocessor.TreeProcessor.process(TreeProcessor.java:254)
	at org.apache.cocoon.Cocoon.process(Cocoon.java:699)
	at org.apache.cocoon.servlet.CocoonServlet.service(CocoonServlet.java:1154)
	at javax.servlet.http.HttpServlet.service(HttpServlet.java:802)
	at org.mortbay.jetty.servlet.ServletHolder.handle(ServletHolder.java:428)
	at org.mortbay.jetty.servlet.WebApplicationHandler$CachedChain.doFilter(WebApplicationHandler.java:830)
	at nl.hippo.util.ResponseEncodingFilter.doFilter(ResponseEncodingFilter.java:51)
	at org.mortbay.jetty.servlet.WebApplicationHandler$CachedChain.doFilter(WebApplicationHandler.java:821)
	at org.mortbay.jetty.servlet.WebApplicationHandler.dispatch(WebApplicationHandler.java:471)
	at org.mortbay.jetty.servlet.ServletHandler.handle(ServletHandler.java:568)
	at org.mortbay.http.HttpContext.handle(HttpContext.java:1530)
	at org.mortbay.jetty.servlet.WebApplicationContext.handle(WebApplicationContext.java:633)
	at org.mortbay.http.HttpContext.handle(HttpContext.java:1482)
	at org.mortbay.http.HttpServer.service(HttpServer.java:909)
	at org.mortbay.http.HttpConnection.service(HttpConnection.java:816)
	at org.mortbay.http.HttpConnection.handleNext(HttpConnection.java:982)
	at org.mortbay.http.HttpConnection.handle(HttpConnection.java:833)
	at org.mortbay.http.SocketListener.handleConnection(SocketListener.java:244)
	at org.mortbay.util.ThreadedServer.handle(ThreadedServer.java:357)
	at org.mortbay.util.ThreadPool$PoolThread.run(ThreadPool.java:534)
Caused by: java.lang.ClassNotFoundException: org.apache.batik.util.XMLResourceDescriptor
	at java.net.URLClassLoader$1.run(URLClassLoader.java:202)
	at java.security.AccessController.doPrivileged(Native Method)
	at java.net.URLClassLoader.findClass(URLClassLoader.java:190)
	at org.mortbay.http.ContextLoader.loadClass(ContextLoader.java:219)
	at org.mortbay.http.ContextLoader.loadClass(ContextLoader.java:187)
	... 62 more
2013-07-05 03:24:31,444 ERROR org.apache.fop.fo.PropertyList           Ignoring property: font="italic 13pt sans-serif" (No conversion defined italic; property:'font')
2013-07-05 03:24:31,444 ERROR org.apache.fop.fo.PropertyList           Ignoring property: font="italic 13pt sans-serif" (No conversion defined italic; property:'font')
2013-07-05 03:24:31,694 WARN  g.apache.fop.layoutmgr.BreakingAlgorithm Line 1 of a paragraph overflows the available area. (fo:block, no context info available)
2013-07-05 03:24:31,708 WARN  g.apache.fop.layoutmgr.BreakingAlgorithm Line 1 of a paragraph overflows the available area. (fo:block, no context info available)
2013-07-05 03:25:12,516 ERROR org.apache.fop.fo.PropertyList           Ignoring property: font="italic 13pt sans-serif" (No conversion defined italic; property:'font')
2013-07-05 03:25:12,516 ERROR org.apache.fop.fo.PropertyList           Ignoring property: font="italic 13pt sans-serif" (No conversion defined italic; property:'font')
2013-07-05 03:25:12,548 WARN  g.apache.fop.layoutmgr.BreakingAlgorithm Line 1 of a paragraph overflows the available area. (fo:block, no context info available)
2013-07-05 03:25:12,555 WARN  g.apache.fop.layoutmgr.BreakingAlgorithm Line 1 of a paragraph overflows the available area. (fo:block, no context info available)
2013-07-05 03:58:20,507 ERROR .fop.fo.extensions.svg.SVGElementMapping Error while initializing the Batik SVG extensions
java.lang.NoClassDefFoundError: org/apache/batik/util/XMLResourceDescriptor
	at org.apache.fop.fo.extensions.svg.SVGElementMapping.initialize(SVGElementMapping.java:80)
	at org.apache.fop.fo.ElementMapping.getTable(ElementMapping.java:52)
	at org.apache.fop.fo.ElementMappingRegistry.addElementMapping(ElementMappingRegistry.java:117)
	at org.apache.fop.fo.ElementMappingRegistry.addElementMapping(ElementMappingRegistry.java:96)
	at org.apache.fop.fo.ElementMappingRegistry.setupDefaultMappings(ElementMappingRegistry.java:77)
	at org.apache.fop.fo.ElementMappingRegistry.<init>(ElementMappingRegistry.java:64)
	at org.apache.fop.apps.FopFactory.<init>(FopFactory.java:150)
	at org.apache.fop.apps.FopFactory.newInstance(FopFactory.java:165)
	at org.apache.cocoon.blocks.fop.FOPNGSerializer.<init>(FOPNGSerializer.java:62)
	at sun.reflect.NativeConstructorAccessorImpl.newInstance0(Native Method)
	at sun.reflect.NativeConstructorAccessorImpl.newInstance(NativeConstructorAccessorImpl.java:39)
	at sun.reflect.DelegatingConstructorAccessorImpl.newInstance(DelegatingConstructorAccessorImpl.java:27)
	at java.lang.reflect.Constructor.newInstance(Constructor.java:513)
	at java.lang.Class.newInstance0(Class.java:355)
	at java.lang.Class.newInstance(Class.java:308)
	at org.apache.avalon.excalibur.component.DefaultComponentFactory.newInstance(DefaultComponentFactory.java:195)
	at org.apache.avalon.excalibur.pool.InstrumentedResourceLimitingPool.newPoolable(InstrumentedResourceLimitingPool.java:655)
	at org.apache.avalon.excalibur.pool.InstrumentedResourceLimitingPool.get(InstrumentedResourceLimitingPool.java:371)
	at org.apache.avalon.excalibur.component.PoolableComponentHandler.doGet(PoolableComponentHandler.java:198)
	at org.apache.avalon.excalibur.component.ComponentHandler.get(ComponentHandler.java:381)
	at org.apache.avalon.excalibur.component.ExcaliburComponentSelector.select(ExcaliburComponentSelector.java:215)
	at org.apache.cocoon.components.ExtendedComponentSelector.select(ExtendedComponentSelector.java:268)
	at org.apache.cocoon.components.pipeline.AbstractProcessingPipeline.setSerializer(AbstractProcessingPipeline.java:309)
	at org.apache.cocoon.components.treeprocessor.sitemap.SerializeNode.invoke(SerializeNode.java:120)
	at org.apache.cocoon.components.treeprocessor.AbstractParentProcessingNode.invokeNodes(AbstractParentProcessingNode.java:47)
	at org.apache.cocoon.components.treeprocessor.sitemap.MatchNode.invoke(MatchNode.java:108)
	at org.apache.cocoon.components.treeprocessor.AbstractParentProcessingNode.invokeNodes(AbstractParentProcessingNode.java:69)
	at org.apache.cocoon.components.treeprocessor.sitemap.PipelineNode.invoke(PipelineNode.java:143)
	at org.apache.cocoon.components.treeprocessor.AbstractParentProcessingNode.invokeNodes(AbstractParentProcessingNode.java:69)
	at org.apache.cocoon.components.treeprocessor.sitemap.PipelinesNode.invoke(PipelinesNode.java:93)
	at org.apache.cocoon.components.treeprocessor.ConcreteTreeProcessor.process(ConcreteTreeProcessor.java:235)
	at org.apache.cocoon.components.treeprocessor.ConcreteTreeProcessor.process(ConcreteTreeProcessor.java:177)
	at org.apache.cocoon.components.treeprocessor.TreeProcessor.process(TreeProcessor.java:254)
	at org.apache.cocoon.components.treeprocessor.sitemap.MountNode.invoke(MountNode.java:118)
	at org.apache.cocoon.components.treeprocessor.AbstractParentProcessingNode.invokeNodes(AbstractParentProcessingNode.java:47)
	at org.apache.cocoon.components.treeprocessor.sitemap.MatchNode.invoke(MatchNode.java:108)
	at org.apache.cocoon.components.treeprocessor.AbstractParentProcessingNode.invokeNodes(AbstractParentProcessingNode.java:69)
	at org.apache.cocoon.components.treeprocessor.sitemap.PipelineNode.invoke(PipelineNode.java:143)
	at org.apache.cocoon.components.treeprocessor.AbstractParentProcessingNode.invokeNodes(AbstractParentProcessingNode.java:69)
	at org.apache.cocoon.components.treeprocessor.sitemap.PipelinesNode.invoke(PipelinesNode.java:93)
	at org.apache.cocoon.components.treeprocessor.ConcreteTreeProcessor.process(ConcreteTreeProcessor.java:235)
	at org.apache.cocoon.components.treeprocessor.ConcreteTreeProcessor.process(ConcreteTreeProcessor.java:177)
	at org.apache.cocoon.components.treeprocessor.TreeProcessor.process(TreeProcessor.java:254)
	at org.apache.cocoon.Cocoon.process(Cocoon.java:699)
	at org.apache.cocoon.servlet.CocoonServlet.service(CocoonServlet.java:1154)
	at javax.servlet.http.HttpServlet.service(HttpServlet.java:802)
	at org.mortbay.jetty.servlet.ServletHolder.handle(ServletHolder.java:428)
	at org.mortbay.jetty.servlet.WebApplicationHandler$CachedChain.doFilter(WebApplicationHandler.java:830)
	at nl.hippo.util.ResponseEncodingFilter.doFilter(ResponseEncodingFilter.java:51)
	at org.mortbay.jetty.servlet.WebApplicationHandler$CachedChain.doFilter(WebApplicationHandler.java:821)
	at org.mortbay.jetty.servlet.WebApplicationHandler.dispatch(WebApplicationHandler.java:471)
	at org.mortbay.jetty.servlet.ServletHandler.handle(ServletHandler.java:568)
	at org.mortbay.http.HttpContext.handle(HttpContext.java:1530)
	at org.mortbay.jetty.servlet.WebApplicationContext.handle(WebApplicationContext.java:633)
	at org.mortbay.http.HttpContext.handle(HttpContext.java:1482)
	at org.mortbay.http.HttpServer.service(HttpServer.java:909)
	at org.mortbay.http.HttpConnection.service(HttpConnection.java:816)
	at org.mortbay.http.HttpConnection.handleNext(HttpConnection.java:982)
	at org.mortbay.http.HttpConnection.handle(HttpConnection.java:833)
	at org.mortbay.http.SocketListener.handleConnection(SocketListener.java:244)
	at org.mortbay.util.ThreadedServer.handle(ThreadedServer.java:357)
	at org.mortbay.util.ThreadPool$PoolThread.run(ThreadPool.java:534)
2013-07-05 03:58:20,752 ERROR org.apache.fop.fo.PropertyList           Ignoring property: font="italic 13pt sans-serif" (No conversion defined italic; property:'font')
2013-07-05 03:58:20,753 ERROR org.apache.fop.fo.PropertyList           Ignoring property: font="italic 13pt sans-serif" (No conversion defined italic; property:'font')
2013-07-05 03:58:20,772 WARN  org.apache.fop.render.rtf.RTFHandler     Ignored deferred event for org.apache.fop.fo.flow.Leader@996b65
2013-07-05 03:58:20,772 WARN  org.apache.fop.render.rtf.RTFHandler     Ignored deferred event for org.apache.fop.fo.flow.Leader@996b65
2013-07-05 04:01:00,347 ERROR org.apache.fop.fo.PropertyList           Ignoring property: font="italic 13pt sans-serif" (No conversion defined italic; property:'font')
2013-07-05 04:01:00,347 ERROR org.apache.fop.fo.PropertyList           Ignoring property: font="italic 13pt sans-serif" (No conversion defined italic; property:'font')
2013-07-05 04:01:00,458 WARN  g.apache.fop.layoutmgr.BreakingAlgorithm Line 1 of a paragraph overflows the available area. (fo:block, no context info available)
2013-07-05 04:01:00,477 WARN  g.apache.fop.layoutmgr.BreakingAlgorithm Line 1 of a paragraph overflows the available area. (fo:block, no context info available)
2013-07-05 04:05:00,477 ERROR org.apache.fop.fo.PropertyList           Ignoring property: font="italic 13pt sans-serif" (No conversion defined italic; property:'font')
2013-07-05 04:05:00,477 ERROR org.apache.fop.fo.PropertyList           Ignoring property: font="italic 13pt sans-serif" (No conversion defined italic; property:'font')
2013-07-05 04:05:00,506 WARN  g.apache.fop.layoutmgr.BreakingAlgorithm Line 1 of a paragraph overflows the available area. (fo:block, no context info available)
2013-07-05 04:05:00,512 WARN  g.apache.fop.layoutmgr.BreakingAlgorithm Line 1 of a paragraph overflows the available area. (fo:block, no context info available)
2013-07-05 04:19:42,483 ERROR org.apache.fop.fo.PropertyList           Ignoring property: font="italic 13pt sans-serif" (No conversion defined italic; property:'font')
2013-07-05 04:19:42,485 ERROR org.apache.fop.fo.PropertyList           Ignoring property: font="italic 13pt sans-serif" (No conversion defined italic; property:'font')
2013-07-05 04:19:42,489 WARN  org.apache.fop.render.rtf.RTFHandler     Ignored deferred event for org.apache.fop.fo.flow.Leader@1b70f9e
2013-07-05 04:19:42,489 WARN  org.apache.fop.render.rtf.RTFHandler     Ignored deferred event for org.apache.fop.fo.flow.Leader@1b70f9e
2013-07-05 04:19:42,491 WARN  org.apache.fop.render.rtf.RTFHandler     Ignored deferred event for org.apache.fop.fo.flow.Leader@1627c16
2013-07-05 04:19:42,491 WARN  org.apache.fop.render.rtf.RTFHandler     Ignored deferred event for org.apache.fop.fo.flow.Leader@1627c16
2013-07-05 04:23:59,323 ERROR org.apache.fop.fo.PropertyList           Ignoring property: font="italic 13pt sans-serif" (No conversion defined italic; property:'font')
2013-07-05 04:23:59,323 ERROR org.apache.fop.fo.PropertyList           Ignoring property: font="italic 13pt sans-serif" (No conversion defined italic; property:'font')
2013-07-05 04:23:59,334 WARN  org.apache.fop.render.rtf.RTFHandler     Ignored deferred event for org.apache.fop.fo.flow.Leader@b68e0e
2013-07-05 04:23:59,334 WARN  org.apache.fop.render.rtf.RTFHandler     Ignored deferred event for org.apache.fop.fo.flow.Leader@b68e0e
2013-07-05 04:26:28,100 ERROR org.apache.fop.fo.PropertyList           Ignoring property: font="italic 13pt sans-serif" (No conversion defined italic; property:'font')
2013-07-05 04:26:28,100 ERROR org.apache.fop.fo.PropertyList           Ignoring property: font="italic 13pt sans-serif" (No conversion defined italic; property:'font')
2013-07-05 04:26:28,102 WARN  org.apache.fop.render.rtf.RTFHandler     Ignored deferred event for org.apache.fop.fo.flow.Leader@cee271
2013-07-05 04:26:28,102 WARN  org.apache.fop.render.rtf.RTFHandler     Ignored deferred event for org.apache.fop.fo.flow.Leader@cee271
2013-07-05 04:26:28,103 WARN  org.apache.fop.render.rtf.RTFHandler     Ignored deferred event for org.apache.fop.fo.flow.Leader@749436
2013-07-05 04:26:28,103 WARN  org.apache.fop.render.rtf.RTFHandler     Ignored deferred event for org.apache.fop.fo.flow.Leader@749436
2013-07-05 04:35:01,912 ERROR org.apache.fop.fo.PropertyList           Ignoring property: font="italic 13pt sans-serif" (No conversion defined italic; property:'font')
2013-07-05 04:35:01,912 ERROR org.apache.fop.fo.PropertyList           Ignoring property: font="italic 13pt sans-serif" (No conversion defined italic; property:'font')
2013-07-05 04:35:01,939 WARN  g.apache.fop.layoutmgr.BreakingAlgorithm Line 1 of a paragraph overflows the available area. (fo:block, no context info available)
2013-07-05 04:35:01,954 WARN  g.apache.fop.layoutmgr.BreakingAlgorithm Line 1 of a paragraph overflows the available area. (fo:block, no context info available)
2013-07-05 04:35:23,485 ERROR org.apache.fop.fo.PropertyList           Ignoring property: font="italic 13pt sans-serif" (No conversion defined italic; property:'font')
2013-07-05 04:35:23,485 ERROR org.apache.fop.fo.PropertyList           Ignoring property: font="italic 13pt sans-serif" (No conversion defined italic; property:'font')
2013-07-05 04:35:23,514 WARN  g.apache.fop.layoutmgr.BreakingAlgorithm Line 1 of a paragraph overflows the available area. (fo:block, no context info available)
2013-07-05 04:35:50,860 ERROR org.apache.fop.fo.PropertyList           Ignoring property: font="italic 13pt sans-serif" (No conversion defined italic; property:'font')
2013-07-05 04:35:50,861 ERROR org.apache.fop.fo.PropertyList           Ignoring property: font="italic 13pt sans-serif" (No conversion defined italic; property:'font')
2013-07-05 04:35:50,926 WARN  g.apache.fop.layoutmgr.BreakingAlgorithm Line 1 of a paragraph overflows the available area. (fo:block, no context info available)
2013-07-05 04:35:50,949 WARN  g.apache.fop.layoutmgr.BreakingAlgorithm Line 1 of a paragraph overflows the available area. (fo:block, no context info available)
2013-07-05 04:39:30,826 ERROR org.apache.fop.fo.PropertyList           Ignoring property: font="italic 13pt sans-serif" (No conversion defined italic; property:'font')
2013-07-05 04:39:30,827 ERROR org.apache.fop.fo.PropertyList           Ignoring property: font="italic 13pt sans-serif" (No conversion defined italic; property:'font')
2013-07-05 04:39:30,829 WARN  org.apache.fop.render.rtf.RTFHandler     Ignored deferred event for org.apache.fop.fo.flow.Leader@e3e881
2013-07-05 04:39:30,829 WARN  org.apache.fop.render.rtf.RTFHandler     Ignored deferred event for org.apache.fop.fo.flow.Leader@e3e881
2013-07-05 04:39:45,269 ERROR org.apache.fop.fo.PropertyList           Ignoring property: font="italic 13pt sans-serif" (No conversion defined italic; property:'font')
2013-07-05 04:39:45,270 ERROR org.apache.fop.fo.PropertyList           Ignoring property: font="italic 13pt sans-serif" (No conversion defined italic; property:'font')
2013-07-05 04:39:45,273 WARN  org.apache.fop.render.rtf.RTFHandler     Ignored deferred event for org.apache.fop.fo.flow.Leader@5c2fee
2013-07-05 04:39:45,273 WARN  org.apache.fop.render.rtf.RTFHandler     Ignored deferred event for org.apache.fop.fo.flow.Leader@5c2fee
2013-07-05 04:58:07,027 ERROR org.apache.fop.fo.PropertyList           Ignoring property: font="italic 13pt sans-serif" (No conversion defined italic; property:'font')
2013-07-05 04:58:07,027 ERROR org.apache.fop.fo.PropertyList           Ignoring property: font="italic 13pt sans-serif" (No conversion defined italic; property:'font')
2013-07-05 04:58:07,049 WARN  g.apache.fop.layoutmgr.BreakingAlgorithm Line 1 of a paragraph overflows the available area. (fo:block, no context info available)
2013-07-05 04:58:07,054 WARN  g.apache.fop.layoutmgr.BreakingAlgorithm Line 1 of a paragraph overflows the available area. (fo:block, no context info available)
2013-07-05 05:00:45,114 ERROR org.apache.fop.fo.PropertyList           Ignoring property: font="italic 13pt sans-serif" (No conversion defined italic; property:'font')
2013-07-05 05:00:45,115 ERROR org.apache.fop.fo.PropertyList           Ignoring property: font="italic 13pt sans-serif" (No conversion defined italic; property:'font')
2013-07-05 05:00:45,137 WARN  g.apache.fop.layoutmgr.BreakingAlgorithm Line 1 of a paragraph overflows the available area. (fo:block, no context info available)
2013-07-05 05:00:45,151 WARN  g.apache.fop.layoutmgr.BreakingAlgorithm Line 1 of a paragraph overflows the available area. (fo:block, no context info available)
2013-07-05 05:00:45,155 WARN  g.apache.fop.layoutmgr.BreakingAlgorithm Line 1 of a paragraph overflows the available area. (fo:block, no context info available)
2013-07-05 05:04:20,318 ERROR org.apache.fop.fo.PropertyList           Ignoring property: font="italic 13pt sans-serif" (No conversion defined italic; property:'font')
2013-07-05 05:04:20,318 ERROR org.apache.fop.fo.PropertyList           Ignoring property: font="italic 13pt sans-serif" (No conversion defined italic; property:'font')
2013-07-05 05:04:20,343 WARN  g.apache.fop.layoutmgr.BreakingAlgorithm Line 1 of a paragraph overflows the available area. (fo:block, no context info available)
2013-07-05 05:04:20,347 WARN  g.apache.fop.layoutmgr.BreakingAlgorithm Line 1 of a paragraph overflows the available area. (fo:block, no context info available)
2013-07-05 05:05:14,741 ERROR org.apache.fop.fo.PropertyList           Ignoring property: font="italic 13pt sans-serif" (No conversion defined italic; property:'font')
2013-07-05 05:05:14,741 ERROR org.apache.fop.fo.PropertyList           Ignoring property: font="italic 13pt sans-serif" (No conversion defined italic; property:'font')
2013-07-05 05:05:14,756 WARN  g.apache.fop.layoutmgr.BreakingAlgorithm Line 1 of a paragraph overflows the available area. (fo:block, no context info available)
2013-07-05 05:05:14,762 WARN  g.apache.fop.layoutmgr.BreakingAlgorithm Line 1 of a paragraph overflows the available area. (fo:block, no context info available)
2013-07-05 05:48:29,634 ERROR org.apache.fop.fo.PropertyList           Ignoring property: font="italic 13pt sans-serif" (No conversion defined italic; property:'font')
2013-07-05 05:48:29,634 ERROR org.apache.fop.fo.PropertyList           Ignoring property: font="italic 13pt sans-serif" (No conversion defined italic; property:'font')
2013-07-05 05:48:29,647 WARN  g.apache.fop.layoutmgr.BreakingAlgorithm Line 1 of a paragraph overflows the available area. (fo:block, no context info available)
2013-07-05 05:56:01,479 ERROR org.apache.fop.fo.PropertyList           Ignoring property: font="italic 13pt sans-serif" (No conversion defined italic; property:'font')
2013-07-05 05:56:01,480 ERROR org.apache.fop.fo.PropertyList           Ignoring property: font="italic 13pt sans-serif" (No conversion defined italic; property:'font')
2013-07-05 05:56:01,494 WARN  g.apache.fop.layoutmgr.BreakingAlgorithm Line 1 of a paragraph overflows the available area. (fo:block, no context info available)
2013-07-05 05:56:01,497 WARN  g.apache.fop.layoutmgr.BreakingAlgorithm Line 1 of a paragraph overflows the available area. (fo:block, no context info available)
2013-07-05 05:58:17,207 ERROR org.apache.fop.fo.PropertyList           Ignoring property: font="italic 13pt sans-serif" (No conversion defined italic; property:'font')
2013-07-05 05:58:17,207 ERROR org.apache.fop.fo.PropertyList           Ignoring property: font="italic 13pt sans-serif" (No conversion defined italic; property:'font')
2013-07-05 05:58:17,209 WARN  org.apache.fop.render.rtf.RTFHandler     Ignored deferred event for org.apache.fop.fo.flow.Leader@f90137
2013-07-05 05:58:17,209 WARN  org.apache.fop.render.rtf.RTFHandler     Ignored deferred event for org.apache.fop.fo.flow.Leader@f90137
2013-07-05 08:35:31,061 ERROR org.apache.fop.fo.PropertyList           Ignoring property: font="italic 13pt sans-serif" (No conversion defined italic; property:'font')
2013-07-05 08:35:31,061 ERROR org.apache.fop.fo.PropertyList           Ignoring property: font="italic 13pt sans-serif" (No conversion defined italic; property:'font')
2013-07-05 08:35:31,063 WARN  org.apache.fop.render.rtf.RTFHandler     Ignored deferred event for org.apache.fop.fo.flow.Leader@b6b2a5
2013-07-05 08:35:31,063 WARN  org.apache.fop.render.rtf.RTFHandler     Ignored deferred event for org.apache.fop.fo.flow.Leader@b6b2a5
2013-07-05 08:39:35,899 ERROR org.apache.fop.fo.PropertyList           Ignoring property: font="italic 13pt sans-serif" (No conversion defined italic; property:'font')
2013-07-05 08:39:35,899 ERROR org.apache.fop.fo.PropertyList           Ignoring property: font="italic 13pt sans-serif" (No conversion defined italic; property:'font')
2013-07-05 08:39:35,901 WARN  org.apache.fop.render.rtf.RTFHandler     Ignored deferred event for org.apache.fop.fo.flow.Leader@1923ca5
2013-07-05 08:39:35,901 WARN  org.apache.fop.render.rtf.RTFHandler     Ignored deferred event for org.apache.fop.fo.flow.Leader@1923ca5
2013-07-05 08:41:05,963 ERROR org.apache.fop.fo.PropertyList           Ignoring property: font="italic 13pt sans-serif" (No conversion defined italic; property:'font')
2013-07-05 08:41:05,963 ERROR org.apache.fop.fo.PropertyList           Ignoring property: font="italic 13pt sans-serif" (No conversion defined italic; property:'font')
2013-07-05 08:41:05,965 WARN  org.apache.fop.render.rtf.RTFHandler     Ignored deferred event for org.apache.fop.fo.flow.Leader@b398da
2013-07-05 08:41:05,965 WARN  org.apache.fop.render.rtf.RTFHandler     Ignored deferred event for org.apache.fop.fo.flow.Leader@b398da
2013-07-05 08:42:05,645 ERROR org.apache.fop.fo.PropertyList           Ignoring property: font="italic 13pt sans-serif" (No conversion defined italic; property:'font')
2013-07-05 08:42:05,645 ERROR org.apache.fop.fo.PropertyList           Ignoring property: font="italic 13pt sans-serif" (No conversion defined italic; property:'font')
2013-07-05 08:42:05,647 WARN  org.apache.fop.render.rtf.RTFHandler     Ignored deferred event for org.apache.fop.fo.flow.Leader@e99d0f
2013-07-05 08:42:05,647 WARN  org.apache.fop.render.rtf.RTFHandler     Ignored deferred event for org.apache.fop.fo.flow.Leader@e99d0f
2013-07-05 08:42:14,956 ERROR org.apache.fop.fo.PropertyList           Ignoring property: font="italic 13pt sans-serif" (No conversion defined italic; property:'font')
2013-07-05 08:42:14,956 ERROR org.apache.fop.fo.PropertyList           Ignoring property: font="italic 13pt sans-serif" (No conversion defined italic; property:'font')
2013-07-05 08:42:14,958 WARN  org.apache.fop.render.rtf.RTFHandler     Ignored deferred event for org.apache.fop.fo.flow.Leader@c42804
2013-07-05 08:42:14,958 WARN  org.apache.fop.render.rtf.RTFHandler     Ignored deferred event for org.apache.fop.fo.flow.Leader@c42804
2013-07-05 08:43:19,659 ERROR org.apache.fop.fo.PropertyList           Ignoring property: font="italic 13pt sans-serif" (No conversion defined italic; property:'font')
2013-07-05 08:43:19,660 ERROR org.apache.fop.fo.PropertyList           Ignoring property: font="italic 13pt sans-serif" (No conversion defined italic; property:'font')
2013-07-05 08:43:19,661 WARN  org.apache.fop.render.rtf.RTFHandler     Ignored deferred event for org.apache.fop.fo.flow.Leader@6c2308
2013-07-05 08:43:19,662 WARN  org.apache.fop.render.rtf.RTFHandler     Ignored deferred event for org.apache.fop.fo.flow.Leader@6c2308
2013-07-05 08:46:30,206 ERROR org.apache.fop.fo.PropertyList           Ignoring property: font="italic 13pt sans-serif" (No conversion defined italic; property:'font')
2013-07-05 08:46:30,206 ERROR org.apache.fop.fo.PropertyList           Ignoring property: font="italic 13pt sans-serif" (No conversion defined italic; property:'font')
2013-07-05 08:46:30,208 WARN  org.apache.fop.render.rtf.RTFHandler     Ignored deferred event for org.apache.fop.fo.flow.Leader@959fa1
2013-07-05 08:46:30,208 WARN  org.apache.fop.render.rtf.RTFHandler     Ignored deferred event for org.apache.fop.fo.flow.Leader@959fa1
2013-07-05 08:48:32,170 ERROR org.apache.fop.fo.PropertyList           Ignoring property: font="italic 13pt sans-serif" (No conversion defined italic; property:'font')
2013-07-05 08:48:32,171 ERROR org.apache.fop.fo.PropertyList           Ignoring property: font="italic 13pt sans-serif" (No conversion defined italic; property:'font')
2013-07-05 08:48:32,175 WARN  org.apache.fop.render.rtf.RTFHandler     Ignored deferred event for org.apache.fop.fo.flow.Leader@81933a
2013-07-05 08:48:32,176 WARN  org.apache.fop.render.rtf.RTFHandler     Ignored deferred event for org.apache.fop.fo.flow.Leader@81933a
2013-07-05 08:51:13,955 ERROR org.apache.fop.fo.PropertyList           Ignoring property: font="italic 13pt sans-serif" (No conversion defined italic; property:'font')
2013-07-05 08:51:13,955 ERROR org.apache.fop.fo.PropertyList           Ignoring property: font="italic 13pt sans-serif" (No conversion defined italic; property:'font')
2013-07-05 08:51:13,958 WARN  org.apache.fop.render.rtf.RTFHandler     Ignored deferred event for org.apache.fop.fo.flow.Leader@19dbdc4
2013-07-05 08:51:13,958 WARN  org.apache.fop.render.rtf.RTFHandler     Ignored deferred event for org.apache.fop.fo.flow.Leader@19dbdc4
2013-07-05 09:05:48,100 ERROR org.apache.fop.fo.PropertyList           Ignoring property: font="italic 13pt sans-serif" (No conversion defined italic; property:'font')
2013-07-05 09:05:48,101 ERROR org.apache.fop.fo.PropertyList           Ignoring property: font="italic 13pt sans-serif" (No conversion defined italic; property:'font')
2013-07-05 09:05:48,103 WARN  org.apache.fop.render.rtf.RTFHandler     Ignored deferred event for org.apache.fop.fo.flow.Leader@1d4ee7e
2013-07-05 09:05:48,103 WARN  org.apache.fop.render.rtf.RTFHandler     Ignored deferred event for org.apache.fop.fo.flow.Leader@1d4ee7e
2013-07-05 09:08:37,520 ERROR org.apache.fop.fo.PropertyList           Ignoring property: font="italic 13pt sans-serif" (No conversion defined italic; property:'font')
2013-07-05 09:08:37,520 ERROR org.apache.fop.fo.PropertyList           Ignoring property: font="italic 13pt sans-serif" (No conversion defined italic; property:'font')
2013-07-05 09:08:37,522 WARN  org.apache.fop.render.rtf.RTFHandler     Ignored deferred event for org.apache.fop.fo.flow.Leader@135d18b
2013-07-05 09:08:37,522 WARN  org.apache.fop.render.rtf.RTFHandler     Ignored deferred event for org.apache.fop.fo.flow.Leader@135d18b
2013-07-05 09:09:16,782 ERROR org.apache.fop.fo.PropertyList           Ignoring property: font="italic 13pt sans-serif" (No conversion defined italic; property:'font')
2013-07-05 09:09:16,782 ERROR org.apache.fop.fo.PropertyList           Ignoring property: font="italic 13pt sans-serif" (No conversion defined italic; property:'font')
2013-07-05 09:09:16,784 WARN  org.apache.fop.render.rtf.RTFHandler     Ignored deferred event for org.apache.fop.fo.flow.Leader@180e7a4
2013-07-05 09:09:16,784 WARN  org.apache.fop.render.rtf.RTFHandler     Ignored deferred event for org.apache.fop.fo.flow.Leader@180e7a4
2013-07-05 09:13:21,482 ERROR org.apache.fop.fo.PropertyList           Ignoring property: font="italic 13pt sans-serif" (No conversion defined italic; property:'font')
2013-07-05 09:13:21,483 ERROR org.apache.fop.fo.PropertyList           Ignoring property: font="italic 13pt sans-serif" (No conversion defined italic; property:'font')
2013-07-05 09:13:21,485 WARN  org.apache.fop.render.rtf.RTFHandler     Ignored deferred event for org.apache.fop.fo.flow.Leader@1c501f7
2013-07-05 09:13:21,485 WARN  org.apache.fop.render.rtf.RTFHandler     Ignored deferred event for org.apache.fop.fo.flow.Leader@1c501f7
2013-07-05 09:14:58,635 ERROR org.apache.fop.fo.PropertyList           Ignoring property: font="italic 13pt sans-serif" (No conversion defined italic; property:'font')
2013-07-05 09:14:58,635 ERROR org.apache.fop.fo.PropertyList           Ignoring property: font="italic 13pt sans-serif" (No conversion defined italic; property:'font')
2013-07-05 09:16:14,082 ERROR org.apache.fop.fo.PropertyList           Ignoring property: font="italic 13pt sans-serif" (No conversion defined italic; property:'font')
2013-07-05 09:16:14,082 ERROR org.apache.fop.fo.PropertyList           Ignoring property: font="italic 13pt sans-serif" (No conversion defined italic; property:'font')
2013-07-05 09:16:14,084 WARN  org.apache.fop.render.rtf.RTFHandler     Ignored deferred event for org.apache.fop.fo.flow.Leader@13a3d36
2013-07-05 09:16:14,084 WARN  org.apache.fop.render.rtf.RTFHandler     Ignored deferred event for org.apache.fop.fo.flow.Leader@13a3d36
2013-07-05 09:17:20,589 ERROR org.apache.fop.fo.PropertyList           Ignoring property: font="italic 13pt sans-serif" (No conversion defined italic; property:'font')
2013-07-05 09:17:20,590 ERROR org.apache.fop.fo.PropertyList           Ignoring property: font="italic 13pt sans-serif" (No conversion defined italic; property:'font')
2013-07-05 09:17:20,593 WARN  org.apache.fop.render.rtf.RTFHandler     Ignored deferred event for org.apache.fop.fo.flow.Leader@fe087b
2013-07-05 09:17:20,593 WARN  org.apache.fop.render.rtf.RTFHandler     Ignored deferred event for org.apache.fop.fo.flow.Leader@fe087b
2013-07-05 09:19:30,892 ERROR org.apache.fop.fo.PropertyList           Ignoring property: font="italic 13pt sans-serif" (No conversion defined italic; property:'font')
2013-07-05 09:19:30,892 ERROR org.apache.fop.fo.PropertyList           Ignoring property: font="italic 13pt sans-serif" (No conversion defined italic; property:'font')
2013-07-05 09:19:30,894 WARN  org.apache.fop.render.rtf.RTFHandler     Ignored deferred event for org.apache.fop.fo.flow.Leader@1205d8d
2013-07-05 09:19:30,894 WARN  org.apache.fop.render.rtf.RTFHandler     Ignored deferred event for org.apache.fop.fo.flow.Leader@1205d8d
2013-07-05 09:20:10,879 ERROR org.apache.fop.fo.PropertyList           Ignoring property: font="italic 13pt sans-serif" (No conversion defined italic; property:'font')
2013-07-05 09:20:10,880 ERROR org.apache.fop.fo.PropertyList           Ignoring property: font="italic 13pt sans-serif" (No conversion defined italic; property:'font')
2013-07-05 09:20:10,882 WARN  org.apache.fop.render.rtf.RTFHandler     Ignored deferred event for org.apache.fop.fo.flow.Leader@260d8d
2013-07-05 09:20:10,882 WARN  org.apache.fop.render.rtf.RTFHandler     Ignored deferred event for org.apache.fop.fo.flow.Leader@260d8d
2013-07-05 09:22:09,784 ERROR org.apache.fop.fo.PropertyList           Ignoring property: font="italic 13pt sans-serif" (No conversion defined italic; property:'font')
2013-07-05 09:22:09,784 ERROR org.apache.fop.fo.PropertyList           Ignoring property: font="italic 13pt sans-serif" (No conversion defined italic; property:'font')
2013-07-05 09:22:09,786 WARN  org.apache.fop.render.rtf.RTFHandler     Ignored deferred event for org.apache.fop.fo.flow.Leader@19d7af3
2013-07-05 09:22:09,786 WARN  org.apache.fop.render.rtf.RTFHandler     Ignored deferred event for org.apache.fop.fo.flow.Leader@19d7af3
2013-07-05 09:30:15,223 ERROR org.apache.fop.fo.PropertyList           Ignoring property: font="italic 13pt sans-serif" (No conversion defined italic; property:'font')
2013-07-05 09:30:15,223 ERROR org.apache.fop.fo.PropertyList           Ignoring property: font="italic 13pt sans-serif" (No conversion defined italic; property:'font')
2013-07-05 09:30:15,225 WARN  org.apache.fop.render.rtf.RTFHandler     Ignored deferred event for org.apache.fop.fo.flow.Leader@134ae32
2013-07-05 09:30:15,225 WARN  org.apache.fop.render.rtf.RTFHandler     Ignored deferred event for org.apache.fop.fo.flow.Leader@134ae32
2013-07-05 09:32:56,570 ERROR org.apache.fop.fo.PropertyList           Ignoring property: font="italic 13pt sans-serif" (No conversion defined italic; property:'font')
2013-07-05 09:32:56,571 ERROR org.apache.fop.fo.PropertyList           Ignoring property: font="italic 13pt sans-serif" (No conversion defined italic; property:'font')
2013-07-05 09:32:56,572 WARN  org.apache.fop.render.rtf.RTFHandler     Ignored deferred event for org.apache.fop.fo.flow.Leader@cf935a
2013-07-05 09:32:56,572 WARN  org.apache.fop.render.rtf.RTFHandler     Ignored deferred event for org.apache.fop.fo.flow.Leader@cf935a
2013-07-05 09:40:34,872 ERROR org.apache.fop.fo.PropertyList           Ignoring property: font="italic 13pt sans-serif" (No conversion defined italic; property:'font')
2013-07-05 09:40:34,873 ERROR org.apache.fop.fo.PropertyList           Ignoring property: font="italic 13pt sans-serif" (No conversion defined italic; property:'font')
2013-07-05 09:40:34,875 WARN  org.apache.fop.render.rtf.RTFHandler     Ignored deferred event for org.apache.fop.fo.flow.Leader@935741
2013-07-05 09:40:34,875 WARN  org.apache.fop.render.rtf.RTFHandler     Ignored deferred event for org.apache.fop.fo.flow.Leader@935741
2013-07-05 10:07:09,530 ERROR org.apache.fop.fo.PropertyList           Ignoring property: font="italic 13pt sans-serif" (No conversion defined italic; property:'font')
2013-07-05 10:07:09,530 ERROR org.apache.fop.fo.PropertyList           Ignoring property: font="italic 13pt sans-serif" (No conversion defined italic; property:'font')
2013-07-05 10:07:09,532 WARN  org.apache.fop.render.rtf.RTFHandler     Ignored deferred event for org.apache.fop.fo.flow.Leader@6b6ac8
2013-07-05 10:07:09,532 WARN  org.apache.fop.render.rtf.RTFHandler     Ignored deferred event for org.apache.fop.fo.flow.Leader@6b6ac8
2013-07-05 10:09:59,852 ERROR org.apache.fop.fo.PropertyList           Ignoring property: font="italic 13pt sans-serif" (No conversion defined italic; property:'font')
2013-07-05 10:09:59,852 ERROR org.apache.fop.fo.PropertyList           Ignoring property: font="italic 13pt sans-serif" (No conversion defined italic; property:'font')
2013-07-05 10:09:59,854 WARN  org.apache.fop.render.rtf.RTFHandler     Ignored deferred event for org.apache.fop.fo.flow.Leader@d0d843
2013-07-05 10:09:59,854 WARN  org.apache.fop.render.rtf.RTFHandler     Ignored deferred event for org.apache.fop.fo.flow.Leader@d0d843
2013-07-05 10:13:48,012 ERROR org.apache.fop.fo.PropertyList           Ignoring property: font="italic 13pt sans-serif" (No conversion defined italic; property:'font')
2013-07-05 10:13:48,013 ERROR org.apache.fop.fo.PropertyList           Ignoring property: font="italic 13pt sans-serif" (No conversion defined italic; property:'font')
2013-07-05 10:13:48,015 WARN  org.apache.fop.render.rtf.RTFHandler     Ignored deferred event for org.apache.fop.fo.flow.Leader@4eff2c
2013-07-05 10:13:48,015 WARN  org.apache.fop.render.rtf.RTFHandler     Ignored deferred event for org.apache.fop.fo.flow.Leader@4eff2c
2013-07-05 10:13:48,015 WARN  org.apache.fop.render.rtf.RTFHandler     Ignored deferred event for org.apache.fop.fo.flow.Leader@52a2e3
2013-07-05 10:13:48,015 WARN  org.apache.fop.render.rtf.RTFHandler     Ignored deferred event for org.apache.fop.fo.flow.Leader@52a2e3
2013-07-05 10:13:48,016 WARN  org.apache.fop.render.rtf.RTFHandler     Ignored deferred event for org.apache.fop.fo.flow.Leader@143ed74
2013-07-05 10:13:48,016 WARN  org.apache.fop.render.rtf.RTFHandler     Ignored deferred event for org.apache.fop.fo.flow.Leader@143ed74
2013-07-05 10:16:10,769 ERROR org.apache.fop.fo.PropertyList           Ignoring property: font="italic 13pt sans-serif" (No conversion defined italic; property:'font')
2013-07-05 10:16:10,769 ERROR org.apache.fop.fo.PropertyList           Ignoring property: font="italic 13pt sans-serif" (No conversion defined italic; property:'font')
2013-07-05 10:16:10,771 WARN  org.apache.fop.render.rtf.RTFHandler     Ignored deferred event for org.apache.fop.fo.flow.Leader@cd927d
2013-07-05 10:16:10,771 WARN  org.apache.fop.render.rtf.RTFHandler     Ignored deferred event for org.apache.fop.fo.flow.Leader@cd927d
2013-07-05 10:16:51,982 ERROR org.apache.fop.fo.PropertyList           Ignoring property: font="italic 13pt sans-serif" (No conversion defined italic; property:'font')
2013-07-05 10:16:51,982 ERROR org.apache.fop.fo.PropertyList           Ignoring property: font="italic 13pt sans-serif" (No conversion defined italic; property:'font')
2013-07-05 10:16:51,984 WARN  org.apache.fop.render.rtf.RTFHandler     Ignored deferred event for org.apache.fop.fo.flow.Leader@64dd79
2013-07-05 10:16:51,984 WARN  org.apache.fop.render.rtf.RTFHandler     Ignored deferred event for org.apache.fop.fo.flow.Leader@64dd79
2013-07-05 10:23:45,117 ERROR org.apache.fop.fo.PropertyList           Ignoring property: font="italic 13pt sans-serif" (No conversion defined italic; property:'font')
2013-07-05 10:23:45,117 ERROR org.apache.fop.fo.PropertyList           Ignoring property: font="italic 13pt sans-serif" (No conversion defined italic; property:'font')
2013-07-05 10:23:45,119 WARN  org.apache.fop.render.rtf.RTFHandler     Ignored deferred event for org.apache.fop.fo.flow.Leader@fc9e7e
2013-07-05 10:23:45,119 WARN  org.apache.fop.render.rtf.RTFHandler     Ignored deferred event for org.apache.fop.fo.flow.Leader@fc9e7e
2013-07-05 10:24:53,922 ERROR org.apache.fop.fo.PropertyList           Ignoring property: font="italic 13pt sans-serif" (No conversion defined italic; property:'font')
2013-07-05 10:24:53,922 ERROR org.apache.fop.fo.PropertyList           Ignoring property: font="italic 13pt sans-serif" (No conversion defined italic; property:'font')
2013-07-05 10:24:53,926 WARN  org.apache.fop.render.rtf.RTFHandler     Ignored deferred event for org.apache.fop.fo.flow.Leader@161cd25
2013-07-05 10:24:53,926 WARN  org.apache.fop.render.rtf.RTFHandler     Ignored deferred event for org.apache.fop.fo.flow.Leader@161cd25
2013-07-05 10:25:57,742 ERROR org.apache.fop.fo.PropertyList           Ignoring property: font="italic 13pt sans-serif" (No conversion defined italic; property:'font')
2013-07-05 10:25:57,743 ERROR org.apache.fop.fo.PropertyList           Ignoring property: font="italic 13pt sans-serif" (No conversion defined italic; property:'font')
2013-07-05 10:25:57,744 WARN  org.apache.fop.render.rtf.RTFHandler     Ignored deferred event for org.apache.fop.fo.flow.Leader@857066
2013-07-05 10:25:57,744 WARN  org.apache.fop.render.rtf.RTFHandler     Ignored deferred event for org.apache.fop.fo.flow.Leader@857066
